<?xml version="1.0" encoding="UTF-8"?>
<coverage generated="1781280591196" clover="3.2.0">
  <project timestamp="1781280591196" name="All files">
    <metrics statements="1025" coveredstatements="701" conditionals="719" coveredconditionals="389" methods="116" coveredmethods="69" elements="1860" coveredelements="1159" complexity="0" loc="1025" ncloc="1025" packages="2" files="6" classes="6"/>
    <package name="data">
      <metrics statements="274" coveredstatements="206" conditionals="151" coveredconditionals="75" methods="33" coveredmethods="24"/>
      <file name="fareData.ts" path="C:\Users\mekha\OneDrive\Desktop\Projects\ahmedabadmetro\src\data\fareData.ts">
        <metrics statements="5" coveredstatements="5" conditionals="0" coveredconditionals="0" methods="0" coveredmethods="0"/>
        <line num="4" count="1" type="stmt"/>
        <line num="28" count="1" type="stmt"/>
        <line num="48" count="1" type="stmt"/>
        <line num="73" count="1" type="stmt"/>
        <line num="98" count="1" type="stmt"/>
      </file>
      <file name="metroData.ts" path="C:\Users\mekha\OneDrive\Desktop\Projects\ahmedabadmetro\src\data\metroData.ts">
        <metrics statements="2" coveredstatements="2" conditionals="0" coveredconditionals="0" methods="0" coveredmethods="0"/>
        <line num="13" count="2" type="stmt"/>
        <line num="21" count="2" type="stmt"/>
      </file>
      <file name="segmentTimings.ts" path="C:\Users\mekha\OneDrive\Desktop\Projects\ahmedabadmetro\src\data\segmentTimings.ts">
        <metrics statements="77" coveredstatements="76" conditionals="12" coveredconditionals="10" methods="13" coveredmethods="13"/>
        <line num="6" count="2" type="stmt"/>
        <line num="7" count="2" type="stmt"/>
        <line num="10" count="2" type="stmt"/>
        <line num="36" count="2" type="stmt"/>
        <line num="44" count="2" type="stmt"/>
        <line num="52" count="2" type="stmt"/>
        <line num="55" count="2" type="stmt"/>
        <line num="63" count="2" type="stmt"/>
        <line num="66" count="2" type="stmt"/>
        <line num="74" count="2" type="stmt"/>
        <line num="82" count="2" type="stmt"/>
        <line num="90" count="2" type="stmt"/>
        <line num="98" count="2" type="stmt"/>
        <line num="109" count="2" type="stmt"/>
        <line num="122" count="18" type="stmt"/>
        <line num="123" count="18" type="stmt"/>
        <line num="126" count="18" type="stmt"/>
        <line num="127" count="18" type="stmt"/>
        <line num="128" count="18" type="stmt"/>
        <line num="129" count="86" type="cond" truecount="1" falsecount="1"/>
        <line num="130" count="0" type="stmt"/>
        <line num="132" count="86" type="stmt"/>
        <line num="136" count="18" type="stmt"/>
        <line num="137" count="18" type="stmt"/>
        <line num="138" count="18" type="stmt"/>
        <line num="141" count="18" type="stmt"/>
        <line num="142" count="18" type="stmt"/>
        <line num="144" count="18" type="stmt"/>
        <line num="146" count="104" type="stmt"/>
        <line num="149" count="104" type="cond" truecount="2" falsecount="0"/>
        <line num="150" count="86" type="stmt"/>
        <line num="151" count="86" type="cond" truecount="1" falsecount="1"/>
        <line num="152" count="86" type="stmt"/>
        <line num="155" count="104" type="stmt"/>
        <line num="160" count="2" type="stmt"/>
        <line num="161" count="2" type="stmt"/>
        <line num="162" count="2" type="stmt"/>
        <line num="163" count="2" type="stmt"/>
        <line num="164" count="2" type="stmt"/>
        <line num="165" count="2" type="stmt"/>
        <line num="166" count="2" type="stmt"/>
        <line num="167" count="2" type="stmt"/>
        <line num="168" count="2" type="stmt"/>
        <line num="179" count="16" type="stmt"/>
        <line num="180" count="16" type="stmt"/>
        <line num="181" count="16" type="stmt"/>
        <line num="183" count="16" type="stmt"/>
        <line num="184" count="54" type="stmt"/>
        <line num="186" count="368" type="cond" truecount="4" falsecount="0"/>
        <line num="188" count="38" type="stmt"/>
        <line num="189" count="38" type="cond" truecount="2" falsecount="0"/>
        <line num="190" count="38" type="stmt"/>
        <line num="191" count="38" type="stmt"/>
        <line num="194" count="330" type="stmt"/>
        <line num="195" count="330" type="stmt"/>
        <line num="199" count="54" type="stmt"/>
        <line num="203" count="16" type="stmt"/>
        <line num="205" count="330" type="stmt"/>
        <line num="210" count="2" type="stmt"/>
        <line num="218" count="2" type="stmt"/>
        <line num="233" count="2" type="stmt"/>
        <line num="236" count="2" type="stmt"/>
        <line num="237" count="2" type="stmt"/>
        <line num="238" count="2" type="stmt"/>
        <line num="240" count="44" type="stmt"/>
        <line num="246" count="2" type="stmt"/>
        <line num="247" count="2" type="stmt"/>
        <line num="248" count="2" type="stmt"/>
        <line num="250" count="58" type="stmt"/>
        <line num="256" count="2" type="stmt"/>
        <line num="257" count="2" type="stmt"/>
        <line num="258" count="2" type="stmt"/>
        <line num="260" count="68" type="stmt"/>
        <line num="266" count="2" type="stmt"/>
        <line num="267" count="2" type="stmt"/>
        <line num="268" count="2" type="stmt"/>
        <line num="270" count="48" type="stmt"/>
      </file>
      <file name="timetable.ts" path="C:\Users\mekha\OneDrive\Desktop\Projects\ahmedabadmetro\src\data\timetable.ts">
        <metrics statements="188" coveredstatements="121" conditionals="139" coveredconditionals="65" methods="20" coveredmethods="11"/>
        <line num="21" count="2" type="stmt"/>
        <line num="22" count="2" type="stmt"/>
        <line num="27" count="2" type="stmt"/>
        <line num="37" count="2" type="stmt"/>
        <line num="38" count="0" type="stmt"/>
        <line num="39" count="0" type="stmt"/>
        <line num="40" count="0" type="stmt"/>
        <line num="41" count="0" type="stmt"/>
        <line num="42" count="0" type="stmt"/>
        <line num="43" count="0" type="cond" truecount="0" falsecount="2"/>
        <line num="44" count="0" type="stmt"/>
        <line num="45" count="0" type="stmt"/>
        <line num="49" count="0" type="stmt"/>
        <line num="53" count="2" type="stmt"/>
        <line num="103" count="2" type="stmt"/>
        <line num="104" count="3" type="stmt"/>
        <line num="105" count="3" type="stmt"/>
        <line num="106" count="3" type="stmt"/>
        <line num="107" count="3" type="stmt"/>
        <line num="108" count="3" type="stmt"/>
        <line num="109" count="3" type="cond" truecount="3" falsecount="1"/>
        <line num="111" count="3" type="cond" truecount="1" falsecount="4"/>
        <line num="113" count="3" type="cond" truecount="2" falsecount="0"/>
        <line num="114" count="2" type="cond" truecount="1" falsecount="5"/>
        <line num="115" count="2" type="cond" truecount="4" falsecount="0"/>
        <line num="117" count="0" type="stmt"/>
        <line num="119" count="0" type="stmt"/>
        <line num="121" count="0" type="cond" truecount="0" falsecount="4"/>
        <line num="123" count="0" type="stmt"/>
        <line num="127" count="2" type="stmt"/>
        <line num="128" count="6" type="stmt"/>
        <line num="129" count="6" type="stmt"/>
        <line num="132" count="2" type="stmt"/>
        <line num="133" count="10" type="stmt"/>
        <line num="134" count="10" type="cond" truecount="1" falsecount="1"/>
        <line num="135" count="0" type="stmt"/>
        <line num="140" count="2" type="stmt"/>
        <line num="141" count="8" type="stmt"/>
        <line num="142" count="8" type="cond" truecount="2" falsecount="0"/>
        <line num="143" count="1" type="stmt"/>
        <line num="144" count="7" type="cond" truecount="2" falsecount="0"/>
        <line num="145" count="1" type="stmt"/>
        <line num="146" count="6" type="cond" truecount="2" falsecount="0"/>
        <line num="147" count="1" type="stmt"/>
        <line num="148" count="5" type="cond" truecount="2" falsecount="0"/>
        <line num="149" count="1" type="stmt"/>
        <line num="151" count="4" type="stmt"/>
        <line num="156" count="2" type="cond" truecount="1" falsecount="0"/>
        <line num="157" count="1" type="stmt"/>
        <line num="158" count="1" type="stmt"/>
        <line num="159" count="1" type="stmt"/>
        <line num="160" count="1" type="cond" truecount="2" falsecount="2"/>
        <line num="172" count="1" type="stmt"/>
        <line num="174" count="1" type="stmt"/>
        <line num="176" count="3" type="cond" truecount="3" falsecount="1"/>
        <line num="177" count="3" type="stmt"/>
        <line num="178" count="3" type="cond" truecount="1" falsecount="1"/>
        <line num="179" count="3" type="cond" truecount="1" falsecount="1"/>
        <line num="182" count="3" type="stmt"/>
        <line num="183" count="3" type="stmt"/>
        <line num="185" count="3" type="stmt"/>
        <line num="186" count="3" type="cond" truecount="1" falsecount="1"/>
        <line num="188" count="0" type="stmt"/>
        <line num="191" count="3" type="cond" truecount="3" falsecount="1"/>
        <line num="192" count="3" type="stmt"/>
        <line num="193" count="3" type="stmt"/>
        <line num="195" count="3" type="stmt"/>
        <line num="196" count="3" type="stmt"/>
        <line num="197" count="3" type="stmt"/>
        <line num="199" count="3" type="stmt"/>
        <line num="213" count="4" type="stmt"/>
        <line num="214" count="1" type="stmt"/>
        <line num="216" count="1" type="stmt"/>
        <line num="219" count="3" type="stmt"/>
        <line num="220" count="2" type="cond" truecount="3" falsecount="0"/>
        <line num="225" count="3" type="cond" truecount="2" falsecount="0"/>
        <line num="226" count="2" type="stmt"/>
        <line num="230" count="1" type="stmt"/>
        <line num="233" count="2" type="stmt"/>
        <line num="234" count="0" type="stmt"/>
        <line num="235" count="0" type="stmt"/>
        <line num="236" count="0" type="stmt"/>
        <line num="237" count="0" type="cond" truecount="0" falsecount="4"/>
        <line num="239" count="0" type="stmt"/>
        <line num="240" count="0" type="cond" truecount="0" falsecount="4"/>
        <line num="241" count="0" type="stmt"/>
        <line num="242" count="0" type="cond" truecount="0" falsecount="2"/>
        <line num="243" count="0" type="cond" truecount="0" falsecount="2"/>
        <line num="245" count="0" type="stmt"/>
        <line num="246" count="0" type="stmt"/>
        <line num="248" count="0" type="stmt"/>
        <line num="249" count="0" type="stmt"/>
        <line num="251" count="0" type="stmt"/>
        <line num="252" count="0" type="stmt"/>
        <line num="254" count="0" type="stmt"/>
        <line num="264" count="0" type="stmt"/>
        <line num="265" count="0" type="stmt"/>
        <line num="267" count="0" type="stmt"/>
        <line num="270" count="0" type="stmt"/>
        <line num="271" count="0" type="cond" truecount="0" falsecount="3"/>
        <line num="276" count="0" type="cond" truecount="0" falsecount="2"/>
        <line num="277" count="0" type="stmt"/>
        <line num="281" count="0" type="stmt"/>
        <line num="284" count="2" type="stmt"/>
        <line num="285" count="0" type="stmt"/>
        <line num="286" count="0" type="stmt"/>
        <line num="288" count="0" type="stmt"/>
        <line num="289" count="0" type="stmt"/>
        <line num="290" count="0" type="cond" truecount="0" falsecount="4"/>
        <line num="292" count="0" type="stmt"/>
        <line num="293" count="0" type="cond" truecount="0" falsecount="4"/>
        <line num="294" count="0" type="stmt"/>
        <line num="295" count="0" type="cond" truecount="0" falsecount="4"/>
        <line num="297" count="0" type="stmt"/>
        <line num="298" count="0" type="stmt"/>
        <line num="300" count="0" type="stmt"/>
        <line num="301" count="0" type="stmt"/>
        <line num="302" count="0" type="stmt"/>
        <line num="304" count="0" type="cond" truecount="0" falsecount="4"/>
        <line num="305" count="0" type="stmt"/>
        <line num="314" count="0" type="stmt"/>
        <line num="316" count="0" type="stmt"/>
        <line num="317" count="0" type="stmt"/>
        <line num="318" count="0" type="cond" truecount="0" falsecount="4"/>
        <line num="319" count="0" type="stmt"/>
        <line num="320" count="0" type="stmt"/>
        <line num="322" count="0" type="stmt"/>
        <line num="331" count="0" type="stmt"/>
        <line num="335" count="2" type="stmt"/>
        <line num="336" count="2" type="stmt"/>
        <line num="349" count="2" type="stmt"/>
        <line num="350" count="1" type="stmt"/>
        <line num="352" count="1" type="stmt"/>
        <line num="357" count="1" type="stmt"/>
        <line num="359" count="1" type="stmt"/>
        <line num="360" count="1" type="cond" truecount="2" falsecount="2"/>
        <line num="363" count="1" type="cond" truecount="1" falsecount="1"/>
        <line num="364" count="1" type="stmt"/>
        <line num="365" count="3" type="cond" truecount="2" falsecount="0"/>
        <line num="367" count="1" type="stmt"/>
        <line num="368" count="3" type="cond" truecount="1" falsecount="1"/>
        <line num="369" count="3" type="stmt"/>
        <line num="374" count="1" type="stmt"/>
        <line num="375" count="3" type="stmt"/>
        <line num="376" count="3" type="stmt"/>
        <line num="379" count="3" type="stmt"/>
        <line num="380" count="3" type="stmt"/>
        <line num="381" count="3" type="cond" truecount="1" falsecount="1"/>
        <line num="383" count="3" type="stmt"/>
        <line num="386" count="3" type="cond" truecount="3" falsecount="1"/>
        <line num="389" count="3" type="stmt"/>
        <line num="391" count="3" type="stmt"/>
        <line num="392" count="3" type="stmt"/>
        <line num="395" count="3" type="stmt"/>
        <line num="398" count="7" type="cond" truecount="4" falsecount="0"/>
        <line num="399" count="3" type="stmt"/>
        <line num="400" count="3" type="stmt"/>
        <line num="401" count="3" type="stmt"/>
        <line num="405" count="4" type="cond" truecount="2" falsecount="2"/>
        <line num="406" count="0" type="stmt"/>
        <line num="407" count="0" type="stmt"/>
        <line num="412" count="3" type="stmt"/>
        <line num="413" count="3" type="stmt"/>
        <line num="414" count="3" type="cond" truecount="3" falsecount="1"/>
        <line num="416" count="3" type="stmt"/>
        <line num="417" count="3" type="stmt"/>
        <line num="420" count="3" type="stmt"/>
        <line num="421" count="3" type="cond" truecount="1" falsecount="1"/>
        <line num="422" count="3" type="stmt"/>
        <line num="423" count="3" type="cond" truecount="1" falsecount="1"/>
        <line num="426" count="3" type="stmt"/>
        <line num="428" count="3" type="stmt"/>
        <line num="429" count="3" type="stmt"/>
        <line num="431" count="3" type="cond" truecount="1" falsecount="1"/>
        <line num="432" count="0" type="stmt"/>
        <line num="433" count="0" type="stmt"/>
        <line num="435" count="3" type="stmt"/>
        <line num="436" count="3" type="stmt"/>
        <line num="437" count="3" type="cond" truecount="1" falsecount="1"/>
        <line num="440" count="3" type="stmt"/>
        <line num="442" count="3" type="stmt"/>
        <line num="456" count="1" type="stmt"/>
        <line num="458" count="1" type="stmt"/>
        <line num="462" count="3" type="stmt"/>
        <line num="463" count="2" type="cond" truecount="3" falsecount="0"/>
        <line num="468" count="3" type="cond" truecount="2" falsecount="0"/>
        <line num="469" count="2" type="stmt"/>
        <line num="473" count="1" type="stmt"/>
      </file>
      <file name="timetableFromExcel.generated.json" path="C:\Users\mekha\OneDrive\Desktop\Projects\ahmedabadmetro\src\data\timetableFromExcel.generated.json">
        <metrics statements="2" coveredstatements="2" conditionals="0" coveredconditionals="0" methods="0" coveredmethods="0"/>
        <line num="1" count="1" type="stmt"/>
        <line num="2" count="1" type="stmt"/>
      </file>
    </package>
    <package name="lib">
      <metrics statements="751" coveredstatements="495" conditionals="568" coveredconditionals="314" methods="83" coveredmethods="45"/>
      <file name="routePlanner.ts" path="C:\Users\mekha\OneDrive\Desktop\Projects\ahmedabadmetro\src\lib\routePlanner.ts">
        <metrics statements="751" coveredstatements="495" conditionals="568" coveredconditionals="314" methods="83" coveredmethods="45"/>
        <line num="44" count="1" type="cond" truecount="1" falsecount="0"/>
        <line num="45" count="8" type="stmt"/>
        <line num="46" count="8" type="cond" truecount="2" falsecount="2"/>
        <line num="49" count="1" type="stmt"/>
        <line num="71" count="1" type="stmt"/>
        <line num="78" count="1" type="stmt"/>
        <line num="79" count="1" type="stmt"/>
        <line num="80" count="1" type="stmt"/>
        <line num="81" count="1" type="stmt"/>
        <line num="86" count="1" type="stmt"/>
        <line num="88" count="532" type="stmt"/>
        <line num="89" count="532" type="stmt"/>
        <line num="91" count="532" type="cond" truecount="4" falsecount="0"/>
        <line num="92" count="301" type="stmt"/>
        <line num="96" count="231" type="stmt"/>
        <line num="97" count="231" type="stmt"/>
        <line num="99" count="231" type="cond" truecount="4" falsecount="0"/>
        <line num="100" count="13" type="stmt"/>
        <line num="105" count="218" type="cond" truecount="4" falsecount="0"/>
        <line num="106" count="126" type="stmt"/>
        <line num="109" count="92" type="cond" truecount="4" falsecount="0"/>
        <line num="110" count="10" type="stmt"/>
        <line num="117" count="82" type="cond" truecount="2" falsecount="0"/>
        <line num="119" count="81" type="cond" truecount="1" falsecount="1"/>
        <line num="121" count="81" type="cond" truecount="2" falsecount="0"/>
        <line num="123" count="79" type="cond" truecount="2" falsecount="0"/>
        <line num="125" count="72" type="cond" truecount="2" falsecount="0"/>
        <line num="127" count="65" type="cond" truecount="1" falsecount="1"/>
        <line num="129" count="0" type="cond" truecount="0" falsecount="2"/>
        <line num="131" count="0" type="stmt"/>
        <line num="135" count="1" type="stmt"/>
        <line num="136" count="4" type="stmt"/>
        <line num="137" count="4" type="stmt"/>
        <line num="141" count="1" type="stmt"/>
        <line num="142" count="2126260" type="stmt"/>
        <line num="143" count="2126260" type="stmt"/>
        <line num="147" count="1" type="stmt"/>
        <line num="148" count="2534" type="stmt"/>
        <line num="149" count="2534" type="stmt"/>
        <line num="150" count="2534" type="stmt"/>
        <line num="155" count="1" type="stmt"/>
        <line num="157" count="0" type="stmt"/>
        <line num="168" count="0" type="stmt"/>
        <line num="169" count="0" type="stmt"/>
        <line num="170" count="0" type="stmt"/>
        <line num="171" count="0" type="cond" truecount="0" falsecount="5"/>
        <line num="172" count="0" type="stmt"/>
        <line num="177" count="0" type="stmt"/>
        <line num="184" count="0" type="stmt"/>
        <line num="185" count="0" type="stmt"/>
        <line num="186" count="0" type="stmt"/>
        <line num="187" count="0" type="cond" truecount="0" falsecount="4"/>
        <line num="188" count="0" type="stmt"/>
        <line num="189" count="0" type="stmt"/>
        <line num="193" count="0" type="stmt"/>
        <line num="197" count="1" type="stmt"/>
        <line num="203" count="121" type="stmt"/>
        <line num="205" count="121" type="stmt"/>
        <line num="206" count="88572" type="stmt"/>
        <line num="207" count="88572" type="stmt"/>
        <line num="210" count="88572" type="cond" truecount="5" falsecount="0"/>
        <line num="211" count="19468" type="stmt"/>
        <line num="212" count="19468" type="stmt"/>
        <line num="213" count="19468" type="stmt"/>
        <line num="216" count="19468" type="cond" truecount="2" falsecount="0"/>
        <line num="218" count="17756" type="cond" truecount="2" falsecount="2"/>
        <line num="220" count="17756" type="stmt"/>
        <line num="225" count="121" type="cond" truecount="1" falsecount="1"/>
        <line num="227" count="42143" type="stmt"/>
        <line num="228" count="121" type="stmt"/>
        <line num="232" count="1" type="stmt"/>
        <line num="238" count="0" type="stmt"/>
        <line num="240" count="0" type="stmt"/>
        <line num="241" count="0" type="cond" truecount="0" falsecount="2"/>
        <line num="242" count="0" type="cond" truecount="0" falsecount="4"/>
        <line num="244" count="0" type="stmt"/>
        <line num="245" count="0" type="cond" truecount="0" falsecount="2"/>
        <line num="247" count="0" type="stmt"/>
        <line num="248" count="0" type="stmt"/>
        <line num="250" count="0" type="cond" truecount="0" falsecount="2"/>
        <line num="251" count="0" type="stmt"/>
        <line num="255" count="0" type="cond" truecount="0" falsecount="2"/>
        <line num="257" count="0" type="stmt"/>
        <line num="258" count="0" type="stmt"/>
        <line num="262" count="1" type="stmt"/>
        <line num="271" count="0" type="stmt"/>
        <line num="277" count="0" type="stmt"/>
        <line num="279" count="0" type="stmt"/>
        <line num="280" count="0" type="stmt"/>
        <line num="281" count="0" type="stmt"/>
        <line num="283" count="0" type="cond" truecount="0" falsecount="5"/>
        <line num="284" count="0" type="stmt"/>
        <line num="285" count="0" type="stmt"/>
        <line num="286" count="0" type="stmt"/>
        <line num="288" count="0" type="cond" truecount="0" falsecount="2"/>
        <line num="289" count="0" type="stmt"/>
        <line num="294" count="0" type="cond" truecount="0" falsecount="2"/>
        <line num="296" count="0" type="stmt"/>
        <line num="297" count="0" type="stmt"/>
        <line num="299" count="0" type="stmt"/>
        <line num="311" count="1" type="stmt"/>
        <line num="312" count="0" type="stmt"/>
        <line num="313" count="0" type="cond" truecount="0" falsecount="2"/>
        <line num="314" count="0" type="cond" truecount="0" falsecount="2"/>
        <line num="318" count="1" type="stmt"/>
        <line num="319" count="91" type="stmt"/>
        <line num="320" count="91" type="stmt"/>
        <line num="322" count="91" type="cond" truecount="3" falsecount="1"/>
        <line num="324" count="91" type="stmt"/>
        <line num="325" count="91" type="stmt"/>
        <line num="327" count="91" type="stmt"/>
        <line num="328" count="91" type="cond" truecount="1" falsecount="1"/>
        <line num="329" count="0" type="stmt"/>
        <line num="332" count="497" type="stmt"/>
        <line num="336" count="1" type="stmt"/>
        <line num="337" count="0" type="stmt"/>
        <line num="338" count="0" type="cond" truecount="0" falsecount="2"/>
        <line num="340" count="0" type="stmt"/>
        <line num="341" count="0" type="stmt"/>
        <line num="343" count="0" type="cond" truecount="0" falsecount="4"/>
        <line num="345" count="0" type="stmt"/>
        <line num="346" count="0" type="stmt"/>
        <line num="348" count="0" type="stmt"/>
        <line num="349" count="0" type="cond" truecount="0" falsecount="2"/>
        <line num="350" count="0" type="stmt"/>
        <line num="353" count="0" type="stmt"/>
        <line num="357" count="1" type="stmt"/>
        <line num="358" count="0" type="cond" truecount="0" falsecount="2"/>
        <line num="362" count="1" type="stmt"/>
        <line num="363" count="61" type="cond" truecount="1" falsecount="1"/>
        <line num="367" count="1" type="stmt"/>
        <line num="368" count="66" type="stmt"/>
        <line num="369" count="37060" type="stmt"/>
        <line num="370" count="37060" type="stmt"/>
        <line num="371" count="37060" type="cond" truecount="5" falsecount="0"/>
        <line num="372" count="36" type="stmt"/>
        <line num="375" count="30" type="stmt"/>
        <line num="379" count="1" type="stmt"/>
        <line num="380" count="122" type="cond" truecount="1" falsecount="1"/>
        <line num="390" count="1" type="stmt"/>
        <line num="391" count="61" type="stmt"/>
        <line num="392" count="61" type="stmt"/>
        <line num="394" count="61" type="cond" truecount="3" falsecount="1"/>
        <line num="397" count="61" type="stmt"/>
        <line num="398" count="61" type="cond" truecount="2" falsecount="0"/>
        <line num="399" count="25" type="stmt"/>
        <line num="408" count="36" type="cond" truecount="2" falsecount="0"/>
        <line num="410" count="6" type="stmt"/>
        <line num="411" count="3366" type="stmt"/>
        <line num="412" count="3366" type="stmt"/>
        <line num="413" count="3366" type="cond" truecount="5" falsecount="0"/>
        <line num="414" count="6" type="stmt"/>
        <line num="423" count="30" type="stmt"/>
        <line num="424" count="30" type="stmt"/>
        <line num="426" count="30" type="stmt"/>
        <line num="427" count="30" type="stmt"/>
        <line num="432" count="30" type="stmt"/>
        <line num="435" count="30" type="stmt"/>
        <line num="436" count="30" type="stmt"/>
        <line num="437" count="30" type="stmt"/>
        <line num="439" count="30" type="cond" truecount="1" falsecount="1"/>
        <line num="441" count="30" type="stmt"/>
        <line num="442" count="230" type="cond" truecount="1" falsecount="1"/>
        <line num="443" count="0" type="stmt"/>
        <line num="446" count="230" type="stmt"/>
        <line num="447" count="230" type="cond" truecount="4" falsecount="0"/>
        <line num="449" count="30" type="cond" truecount="1" falsecount="1"/>
        <line num="451" count="30" type="stmt"/>
        <line num="452" count="11734" type="stmt"/>
        <line num="453" count="11734" type="stmt"/>
        <line num="454" count="11734" type="cond" truecount="5" falsecount="0"/>
        <line num="455" count="30" type="stmt"/>
        <line num="465" count="0" type="stmt"/>
        <line num="466" count="0" type="stmt"/>
        <line num="467" count="0" type="cond" truecount="0" falsecount="2"/>
        <line num="468" count="0" type="stmt"/>
        <line num="470" count="0" type="cond" truecount="0" falsecount="2"/>
        <line num="471" count="0" type="stmt"/>
        <line num="479" count="0" type="stmt"/>
        <line num="494" count="0" type="stmt"/>
        <line num="498" count="1" type="stmt"/>
        <line num="502" count="61" type="cond" truecount="3" falsecount="1"/>
        <line num="504" count="61" type="stmt"/>
        <line num="505" count="61" type="stmt"/>
        <line num="507" count="61" type="cond" truecount="3" falsecount="1"/>
        <line num="510" count="61" type="stmt"/>
        <line num="511" count="61" type="stmt"/>
        <line num="512" count="61" type="stmt"/>
        <line num="514" count="61" type="stmt"/>
        <line num="515" count="121" type="stmt"/>
        <line num="517" count="121" type="cond" truecount="4" falsecount="0"/>
        <line num="518" count="30" type="stmt"/>
        <line num="519" count="30" type="stmt"/>
        <line num="520" count="30" type="stmt"/>
        <line num="521" count="91" type="cond" truecount="4" falsecount="0"/>
        <line num="522" count="61" type="stmt"/>
        <line num="526" count="61" type="stmt"/>
        <line num="527" count="61" type="stmt"/>
        <line num="528" count="61" type="stmt"/>
        <line num="529" count="61" type="stmt"/>
        <line num="530" count="61" type="stmt"/>
        <line num="531" count="61" type="stmt"/>
        <line num="536" count="61" type="stmt"/>
        <line num="537" count="91" type="stmt"/>
        <line num="538" count="91" type="stmt"/>
        <line num="539" count="91" type="stmt"/>
        <line num="542" count="91" type="stmt"/>
        <line num="544" count="91" type="cond" truecount="1" falsecount="1"/>
        <line num="546" count="0" type="stmt"/>
        <line num="547" count="0" type="stmt"/>
        <line num="548" count="0" type="stmt"/>
        <line num="549" count="0" type="stmt"/>
        <line num="550" count="0" type="stmt"/>
        <line num="551" count="0" type="stmt"/>
        <line num="553" count="0" type="cond" truecount="0" falsecount="2"/>
        <line num="555" count="0" type="stmt"/>
        <line num="556" count="0" type="stmt"/>
        <line num="558" count="0" type="stmt"/>
        <line num="566" count="0" type="stmt"/>
        <line num="575" count="0" type="stmt"/>
        <line num="577" count="91" type="stmt"/>
        <line num="579" count="91" type="stmt"/>
        <line num="580" count="91" type="stmt"/>
        <line num="583" count="91" type="stmt"/>
        <line num="584" count="91" type="cond" truecount="1" falsecount="1"/>
        <line num="585" count="91" type="stmt"/>
        <line num="587" count="91" type="stmt"/>
        <line num="588" count="91" type="stmt"/>
        <line num="589" count="91" type="stmt"/>
        <line num="592" count="91" type="stmt"/>
        <line num="593" count="91" type="stmt"/>
        <line num="594" count="91" type="cond" truecount="4" falsecount="1"/>
        <line num="595" count="679" type="cond" truecount="2" falsecount="0"/>
        <line num="598" count="91" type="cond" truecount="2" falsecount="0"/>
        <line num="599" count="61" type="stmt"/>
        <line num="600" count="61" type="stmt"/>
        <line num="602" count="61" type="stmt"/>
        <line num="613" count="91" type="stmt"/>
        <line num="623" count="91" type="stmt"/>
        <line num="624" count="91" type="stmt"/>
        <line num="625" count="91" type="stmt"/>
        <line num="629" count="91" type="cond" truecount="2" falsecount="0"/>
        <line num="630" count="30" type="stmt"/>
        <line num="633" count="30" type="stmt"/>
        <line num="635" count="30" type="stmt"/>
        <line num="637" count="30" type="stmt"/>
        <line num="638" count="30" type="stmt"/>
        <line num="641" count="30" type="cond" truecount="1" falsecount="1"/>
        <line num="644" count="30" type="stmt"/>
        <line num="645" count="30" type="stmt"/>
        <line num="646" count="30" type="stmt"/>
        <line num="647" count="30" type="stmt"/>
        <line num="648" count="30" type="cond" truecount="1" falsecount="1"/>
        <line num="649" count="30" type="stmt"/>
        <line num="651" count="30" type="stmt"/>
        <line num="652" count="30" type="stmt"/>
        <line num="655" count="0" type="stmt"/>
        <line num="656" count="0" type="stmt"/>
        <line num="657" count="0" type="stmt"/>
        <line num="662" count="30" type="cond" truecount="1" falsecount="1"/>
        <line num="663" count="30" type="stmt"/>
        <line num="664" count="30" type="stmt"/>
        <line num="665" count="30" type="cond" truecount="4" falsecount="1"/>
        <line num="666" count="30" type="stmt"/>
        <line num="670" count="30" type="stmt"/>
        <line num="681" count="30" type="stmt"/>
        <line num="686" count="91" type="stmt"/>
        <line num="691" count="91" type="cond" truecount="1" falsecount="1"/>
        <line num="692" count="61" type="stmt"/>
        <line num="694" count="61" type="stmt"/>
        <line num="712" count="1" type="stmt"/>
        <line num="717" count="0" type="stmt"/>
        <line num="718" count="0" type="stmt"/>
        <line num="719" count="0" type="stmt"/>
        <line num="721" count="0" type="cond" truecount="0" falsecount="5"/>
        <line num="723" count="0" type="stmt"/>
        <line num="724" count="0" type="stmt"/>
        <line num="725" count="0" type="stmt"/>
        <line num="726" count="0" type="stmt"/>
        <line num="727" count="0" type="stmt"/>
        <line num="728" count="0" type="stmt"/>
        <line num="729" count="0" type="stmt"/>
        <line num="730" count="0" type="stmt"/>
        <line num="731" count="0" type="stmt"/>
        <line num="733" count="0" type="cond" truecount="0" falsecount="2"/>
        <line num="735" count="0" type="stmt"/>
        <line num="736" count="0" type="cond" truecount="0" falsecount="2"/>
        <line num="738" count="0" type="stmt"/>
        <line num="739" count="0" type="cond" truecount="0" falsecount="2"/>
        <line num="741" count="0" type="cond" truecount="0" falsecount="2"/>
        <line num="742" count="0" type="stmt"/>
        <line num="743" count="0" type="stmt"/>
        <line num="744" count="0" type="stmt"/>
        <line num="745" count="0" type="stmt"/>
        <line num="746" count="0" type="stmt"/>
        <line num="747" count="0" type="stmt"/>
        <line num="748" count="0" type="cond" truecount="0" falsecount="2"/>
        <line num="750" count="0" type="stmt"/>
        <line num="752" count="0" type="stmt"/>
        <line num="753" count="0" type="cond" truecount="0" falsecount="2"/>
        <line num="756" count="0" type="cond" truecount="0" falsecount="2"/>
        <line num="757" count="0" type="stmt"/>
        <line num="761" count="0" type="cond" truecount="0" falsecount="2"/>
        <line num="762" count="0" type="cond" truecount="0" falsecount="2"/>
        <line num="764" count="0" type="stmt"/>
        <line num="771" count="0" type="stmt"/>
        <line num="776" count="0" type="stmt"/>
        <line num="777" count="0" type="stmt"/>
        <line num="779" count="0" type="stmt"/>
        <line num="797" count="1" type="stmt"/>
        <line num="802" count="0" type="stmt"/>
        <line num="803" count="0" type="stmt"/>
        <line num="805" count="0" type="cond" truecount="0" falsecount="4"/>
        <line num="807" count="0" type="stmt"/>
        <line num="808" count="0" type="stmt"/>
        <line num="809" count="0" type="stmt"/>
        <line num="811" count="0" type="stmt"/>
        <line num="812" count="0" type="stmt"/>
        <line num="813" count="0" type="stmt"/>
        <line num="815" count="0" type="stmt"/>
        <line num="816" count="0" type="cond" truecount="0" falsecount="2"/>
        <line num="817" count="0" type="stmt"/>
        <line num="819" count="0" type="stmt"/>
        <line num="821" count="0" type="stmt"/>
        <line num="845" count="0" type="stmt"/>
        <line num="847" count="0" type="stmt"/>
        <line num="864" count="1" type="stmt"/>
        <line num="865" count="5" type="stmt"/>
        <line num="866" count="5" type="stmt"/>
        <line num="868" count="5" type="cond" truecount="3" falsecount="1"/>
        <line num="869" count="5" type="cond" truecount="2" falsecount="0"/>
        <line num="871" count="4" type="stmt"/>
        <line num="872" count="4" type="stmt"/>
        <line num="873" count="4" type="stmt"/>
        <line num="875" count="4" type="cond" truecount="2" falsecount="0"/>
        <line num="877" count="5" type="cond" truecount="1" falsecount="1"/>
        <line num="878" count="0" type="cond" truecount="0" falsecount="4"/>
        <line num="879" count="0" type="stmt"/>
        <line num="880" count="0" type="cond" truecount="0" falsecount="2"/>
        <line num="882" count="0" type="stmt"/>
        <line num="886" count="4" type="stmt"/>
        <line num="887" count="314" type="stmt"/>
        <line num="889" count="4" type="stmt"/>
        <line num="890" count="4" type="cond" truecount="2" falsecount="0"/>
        <line num="892" count="1" type="stmt"/>
        <line num="893" count="1" type="stmt"/>
        <line num="894" count="1" type="stmt"/>
        <line num="896" count="1" type="stmt"/>
        <line num="897" count="112" type="stmt"/>
        <line num="898" count="1" type="stmt"/>
        <line num="900" count="1" type="cond" truecount="1" falsecount="1"/>
        <line num="901" count="0" type="stmt"/>
        <line num="909" count="4" type="stmt"/>
        <line num="910" count="294" type="cond" truecount="1" falsecount="1"/>
        <line num="911" count="294" type="stmt"/>
        <line num="913" count="0" type="cond" truecount="0" falsecount="2"/>
        <line num="914" count="0" type="stmt"/>
        <line num="916" count="0" type="stmt"/>
        <line num="919" count="4" type="stmt"/>
        <line num="921" count="4" type="cond" truecount="2" falsecount="0"/>
        <line num="922" count="5" type="stmt"/>
        <line num="923" count="5" type="cond" truecount="1" falsecount="1"/>
        <line num="926" count="4" type="cond" truecount="4" falsecount="0"/>
        <line num="928" count="3" type="stmt"/>
        <line num="929" count="1" type="cond" truecount="1" falsecount="1"/>
        <line num="930" count="0" type="stmt"/>
        <line num="933" count="0" type="stmt"/>
        <line num="937" count="0" type="cond" truecount="0" falsecount="4"/>
        <line num="938" count="0" type="cond" truecount="0" falsecount="2"/>
        <line num="939" count="0" type="cond" truecount="0" falsecount="2"/>
        <line num="940" count="0" type="stmt"/>
        <line num="946" count="4" type="stmt"/>
        <line num="950" count="1" type="stmt"/>
        <line num="951" count="0" type="stmt"/>
        <line num="952" count="0" type="stmt"/>
        <line num="953" count="0" type="stmt"/>
        <line num="954" count="0" type="stmt"/>
        <line num="958" count="1" type="stmt"/>
        <line num="962" count="0" type="stmt"/>
        <line num="965" count="0" type="stmt"/>
        <line num="966" count="0" type="stmt"/>
        <line num="967" count="0" type="stmt"/>
        <line num="968" count="0" type="stmt"/>
        <line num="971" count="0" type="stmt"/>
        <line num="979" count="0" type="stmt"/>
        <line num="981" count="0" type="stmt"/>
        <line num="982" count="0" type="stmt"/>
        <line num="983" count="0" type="cond" truecount="0" falsecount="2"/>
        <line num="984" count="0" type="stmt"/>
        <line num="985" count="0" type="stmt"/>
        <line num="987" count="0" type="stmt"/>
        <line num="988" count="0" type="stmt"/>
        <line num="990" count="0" type="stmt"/>
        <line num="995" count="1" type="stmt"/>
        <line num="996" count="1" type="stmt"/>
        <line num="1006" count="1" type="cond" truecount="1" falsecount="0"/>
        <line num="1014" count="6" type="cond" truecount="2" falsecount="0"/>
        <line num="1015" count="1" type="stmt"/>
        <line num="1016" count="1" type="stmt"/>
        <line num="1019" count="6" type="stmt"/>
        <line num="1020" count="6" type="cond" truecount="2" falsecount="0"/>
        <line num="1021" count="2" type="stmt"/>
        <line num="1025" count="4" type="stmt"/>
        <line num="1027" count="4" type="stmt"/>
        <line num="1028" count="2928" type="cond" truecount="4" falsecount="0"/>
        <line num="1029" count="1584" type="stmt"/>
        <line num="1031" count="1584" type="cond" truecount="4" falsecount="0"/>
        <line num="1033" count="532" type="stmt"/>
        <line num="1034" count="532" type="stmt"/>
        <line num="1037" count="532" type="stmt"/>
        <line num="1040" count="1025" type="stmt"/>
        <line num="1050" count="4" type="stmt"/>
        <line num="1052" count="4" type="stmt"/>
        <line num="1053" count="484" type="stmt"/>
        <line num="1054" count="484" type="cond" truecount="4" falsecount="0"/>
        <line num="1056" count="459" type="stmt"/>
        <line num="1058" count="459" type="stmt"/>
        <line num="1069" count="116" type="stmt"/>
        <line num="1070" count="348" type="cond" truecount="2" falsecount="0"/>
        <line num="1073" count="339" type="stmt"/>
        <line num="1075" count="6" type="stmt"/>
        <line num="1076" count="6" type="stmt"/>
        <line num="1078" count="6" type="stmt"/>
        <line num="1079" count="343" type="cond" truecount="2" falsecount="0"/>
        <line num="1080" count="314" type="stmt"/>
        <line num="1081" count="314" type="stmt"/>
        <line num="1082" count="29" type="cond" truecount="3" falsecount="1"/>
        <line num="1093" count="4" type="stmt"/>
        <line num="1095" count="4" type="stmt"/>
        <line num="1096" count="4" type="stmt"/>
        <line num="1108" count="1" type="stmt"/>
        <line num="1109" count="489" type="stmt"/>
        <line num="1110" count="489" type="stmt"/>
        <line num="1111" count="357948" type="cond" truecount="4" falsecount="0"/>
        <line num="1112" count="193644" type="stmt"/>
        <line num="1113" count="193644" type="cond" truecount="4" falsecount="0"/>
        <line num="1115" count="72212" type="stmt"/>
        <line num="1116" count="72212" type="stmt"/>
        <line num="1119" count="72212" type="cond" truecount="2" falsecount="0"/>
        <line num="1120" count="537" type="stmt"/>
        <line num="1123" count="489" type="stmt"/>
        <line num="1126" count="1" type="stmt"/>
        <line num="1127" count="1390" type="cond" truecount="1" falsecount="1"/>
        <line num="1130" count="13960" type="cond" truecount="2" falsecount="0"/>
        <line num="1133" count="1" type="stmt"/>
        <line num="1134" count="695" type="cond" truecount="1" falsecount="1"/>
        <line num="1137" count="5590" type="cond" truecount="2" falsecount="0"/>
        <line num="1140" count="1" type="stmt"/>
        <line num="1154" count="466" type="stmt"/>
        <line num="1155" count="466" type="stmt"/>
        <line num="1156" count="466" type="cond" truecount="3" falsecount="1"/>
        <line num="1159" count="466" type="stmt"/>
        <line num="1160" count="466" type="stmt"/>
        <line num="1161" count="695" type="cond" truecount="3" falsecount="1"/>
        <line num="1162" count="0" type="stmt"/>
        <line num="1163" count="0" type="stmt"/>
        <line num="1164" count="0" type="stmt"/>
        <line num="1165" count="0" type="stmt"/>
        <line num="1167" count="695" type="stmt"/>
        <line num="1171" count="466" type="stmt"/>
        <line num="1172" count="466" type="stmt"/>
        <line num="1173" count="466" type="stmt"/>
        <line num="1175" count="466" type="stmt"/>
        <line num="1176" count="466" type="stmt"/>
        <line num="1177" count="466" type="stmt"/>
        <line num="1178" count="466" type="cond" truecount="1" falsecount="1"/>
        <line num="1180" count="466" type="stmt"/>
        <line num="1191" count="466" type="stmt"/>
        <line num="1192" count="695" type="stmt"/>
        <line num="1194" count="695" type="stmt"/>
        <line num="1195" count="5590" type="stmt"/>
        <line num="1196" count="695" type="stmt"/>
        <line num="1198" count="695" type="stmt"/>
        <line num="1209" count="695" type="stmt"/>
        <line num="1211" count="695" type="cond" truecount="2" falsecount="0"/>
        <line num="1212" count="229" type="stmt"/>
        <line num="1213" count="229" type="stmt"/>
        <line num="1215" count="229" type="stmt"/>
        <line num="1216" count="229" type="cond" truecount="1" falsecount="1"/>
        <line num="1218" count="229" type="stmt"/>
        <line num="1230" count="229" type="stmt"/>
        <line num="1234" count="695" type="stmt"/>
        <line num="1240" count="695" type="stmt"/>
        <line num="1242" count="695" type="stmt"/>
        <line num="1244" count="695" type="stmt"/>
        <line num="1263" count="1" type="stmt"/>
        <line num="1269" count="489" type="stmt"/>
        <line num="1270" count="489" type="stmt"/>
        <line num="1271" count="489" type="cond" truecount="3" falsecount="1"/>
        <line num="1272" count="489" type="cond" truecount="1" falsecount="1"/>
        <line num="1275" count="489" type="stmt"/>
        <line num="1276" count="489" type="cond" truecount="1" falsecount="1"/>
        <line num="1279" count="489" type="stmt"/>
        <line num="1280" count="489" type="stmt"/>
        <line num="1282" count="489" type="stmt"/>
        <line num="1284" count="489" type="stmt"/>
        <line num="1285" count="20477" type="stmt"/>
        <line num="1289" count="489" type="stmt"/>
        <line num="1290" count="25917" type="stmt"/>
        <line num="1294" count="489" type="stmt"/>
        <line num="1295" count="537" type="stmt"/>
        <line num="1297" count="537" type="stmt"/>
        <line num="1298" count="7696" type="stmt"/>
        <line num="1299" count="7696" type="stmt"/>
        <line num="1300" count="7696" type="stmt"/>
        <line num="1302" count="7696" type="cond" truecount="1" falsecount="1"/>
        <line num="1303" count="7696" type="cond" truecount="1" falsecount="1"/>
        <line num="1304" count="7696" type="stmt"/>
        <line num="1305" count="7696" type="stmt"/>
        <line num="1315" count="7696" type="stmt"/>
        <line num="1321" count="489" type="stmt"/>
        <line num="1322" count="344652" type="stmt"/>
        <line num="1323" count="12024" type="stmt"/>
        <line num="1325" count="12024" type="cond" truecount="1" falsecount="1"/>
        <line num="1326" count="12024" type="cond" truecount="2" falsecount="0"/>
        <line num="1328" count="11252" type="cond" truecount="2" falsecount="0"/>
        <line num="1330" count="10788" type="stmt"/>
        <line num="1331" count="7896816" type="cond" truecount="4" falsecount="0"/>
        <line num="1332" count="4272048" type="stmt"/>
        <line num="1333" count="4272048" type="cond" truecount="4" falsecount="0"/>
        <line num="1335" count="2033044" type="stmt"/>
        <line num="1336" count="2033044" type="stmt"/>
        <line num="1340" count="2033044" type="stmt"/>
        <line num="1341" count="2033044" type="stmt"/>
        <line num="1342" count="7896816" type="cond" truecount="2" falsecount="0"/>
        <line num="1344" count="7896816" type="cond" truecount="2" falsecount="0"/>
        <line num="1345" count="7896816" type="cond" truecount="4" falsecount="0"/>
        <line num="1346" count="539045632" type="stmt"/>
        <line num="1347" count="2023090" type="cond" truecount="6" falsecount="0"/>
        <line num="1348" count="201818" type="stmt"/>
        <line num="1352" count="2033044" type="cond" truecount="2" falsecount="0"/>
        <line num="1353" count="1024429" type="stmt"/>
        <line num="1357" count="1008615" type="cond" truecount="1" falsecount="1"/>
        <line num="1358" count="7896816" type="cond" truecount="1" falsecount="1"/>
        <line num="1359" count="7896816" type="cond" truecount="2" falsecount="0"/>
        <line num="1360" count="7896816" type="cond" truecount="4" falsecount="0"/>
        <line num="1362" count="7896816" type="stmt"/>
        <line num="1363" count="9692341" type="stmt"/>
        <line num="1364" count="9692341" type="stmt"/>
        <line num="1369" count="9692341" type="stmt"/>
        <line num="1371" count="9692341" type="cond" truecount="1" falsecount="1"/>
        <line num="1372" count="9692341" type="cond" truecount="2" falsecount="0"/>
        <line num="1373" count="12781" type="stmt"/>
        <line num="1374" count="12781" type="stmt"/>
        <line num="1384" count="12781" type="stmt"/>
        <line num="1390" count="489" type="cond" truecount="1" falsecount="1"/>
        <line num="1391" count="489" type="cond" truecount="2" falsecount="0"/>
        <line num="1402" count="464" type="stmt"/>
        <line num="1404" count="464" type="stmt"/>
        <line num="1405" count="464" type="stmt"/>
        <line num="1406" count="692" type="stmt"/>
        <line num="1407" count="692" type="cond" truecount="1" falsecount="1"/>
        <line num="1409" count="199144" type="stmt"/>
        <line num="1410" count="692" type="cond" truecount="1" falsecount="1"/>
        <line num="1412" count="692" type="stmt"/>
        <line num="1422" count="692" type="stmt"/>
        <line num="1425" count="464" type="stmt"/>
        <line num="1426" count="464" type="cond" truecount="1" falsecount="1"/>
        <line num="1428" count="464" type="stmt"/>
        <line num="1454" count="1" type="stmt"/>
        <line num="1471" count="1" type="stmt"/>
        <line num="1472" count="1" type="stmt"/>
        <line num="1473" count="1" type="stmt"/>
        <line num="1474" count="1" type="stmt"/>
        <line num="1475" count="1" type="stmt"/>
        <line num="1477" count="1" type="stmt"/>
        <line num="1478" count="3" type="cond" truecount="5" falsecount="0"/>
        <line num="1479" count="37" type="cond" truecount="1" falsecount="1"/>
        <line num="1480" count="1" type="cond" truecount="1" falsecount="1"/>
        <line num="1481" count="1" type="stmt"/>
        <line num="1482" count="1" type="stmt"/>
        <line num="1483" count="1" type="stmt"/>
        <line num="1484" count="1" type="cond" truecount="1" falsecount="1"/>
        <line num="1486" count="2" type="cond" truecount="2" falsecount="3"/>
        <line num="1487" count="0" type="stmt"/>
        <line num="1488" count="0" type="stmt"/>
        <line num="1489" count="0" type="stmt"/>
        <line num="1490" count="0" type="cond" truecount="0" falsecount="2"/>
        <line num="1492" count="0" type="cond" truecount="0" falsecount="5"/>
        <line num="1493" count="0" type="stmt"/>
        <line num="1504" count="0" type="cond" truecount="0" falsecount="2"/>
        <line num="1505" count="0" type="cond" truecount="0" falsecount="2"/>
        <line num="1506" count="0" type="stmt"/>
        <line num="1507" count="0" type="stmt"/>
        <line num="1508" count="0" type="stmt"/>
        <line num="1509" count="0" type="cond" truecount="0" falsecount="2"/>
        <line num="1511" count="2" type="cond" truecount="5" falsecount="0"/>
        <line num="1512" count="1" type="stmt"/>
        <line num="1513" count="1" type="stmt"/>
        <line num="1514" count="1" type="stmt"/>
        <line num="1515" count="1" type="cond" truecount="1" falsecount="1"/>
        <line num="1517" count="1" type="cond" truecount="4" falsecount="1"/>
        <line num="1518" count="1" type="stmt"/>
        <line num="1528" count="1" type="stmt"/>
        <line num="1531" count="1" type="stmt"/>
        <line num="1534" count="1" type="stmt"/>
        <line num="1540" count="2" type="stmt"/>
        <line num="1541" count="2" type="stmt"/>
        <line num="1542" count="2" type="cond" truecount="5" falsecount="1"/>
        <line num="1562" count="2" type="stmt"/>
        <line num="1564" count="2" type="stmt"/>
        <line num="1565" count="4" type="stmt"/>
        <line num="1566" count="1175" type="stmt"/>
        <line num="1567" count="4" type="cond" truecount="1" falsecount="1"/>
        <line num="1569" count="4" type="stmt"/>
        <line num="1570" count="4" type="stmt"/>
        <line num="1572" count="4" type="stmt"/>
        <line num="1573" count="4" type="stmt"/>
        <line num="1574" count="4" type="stmt"/>
        <line num="1575" count="4" type="stmt"/>
        <line num="1576" count="104" type="cond" truecount="2" falsecount="0"/>
        <line num="1577" count="44" type="cond" truecount="2" falsecount="0"/>
        <line num="1578" count="44" type="stmt"/>
        <line num="1581" count="4" type="cond" truecount="1" falsecount="1"/>
        <line num="1583" count="4" type="stmt"/>
        <line num="1584" count="4" type="stmt"/>
        <line num="1585" count="66" type="stmt"/>
        <line num="1586" count="66" type="stmt"/>
        <line num="1589" count="66" type="cond" truecount="3" falsecount="1"/>
        <line num="1590" count="0" type="stmt"/>
        <line num="1591" count="66" type="cond" truecount="2" falsecount="0"/>
        <line num="1592" count="44" type="stmt"/>
        <line num="1594" count="22" type="stmt"/>
        <line num="1597" count="66" type="stmt"/>
        <line num="1598" count="66" type="stmt"/>
        <line num="1599" count="66" type="stmt"/>
        <line num="1600" count="66" type="cond" truecount="2" falsecount="0"/>
        <line num="1602" count="66" type="cond" truecount="4" falsecount="0"/>
        <line num="1603" count="62" type="stmt"/>
        <line num="1613" count="4" type="stmt"/>
        <line num="1614" count="62" type="cond" truecount="2" falsecount="0"/>
        <line num="1615" count="1" type="cond" truecount="1" falsecount="1"/>
        <line num="1616" count="1" type="stmt"/>
        <line num="1626" count="1" type="stmt"/>
        <line num="1629" count="61" type="stmt"/>
        <line num="1630" count="61" type="cond" truecount="1" falsecount="1"/>
        <line num="1632" count="61" type="stmt"/>
        <line num="1634" count="61" type="cond" truecount="1" falsecount="1"/>
        <line num="1635" count="61" type="stmt"/>
        <line num="1636" count="61" type="cond" truecount="4" falsecount="0"/>
        <line num="1637" count="21" type="stmt"/>
        <line num="1651" count="4" type="cond" truecount="1" falsecount="1"/>
        <line num="1654" count="2" type="stmt"/>
        <line num="1656" count="59" type="cond" truecount="1" falsecount="1"/>
        <line num="1657" count="59" type="cond" truecount="1" falsecount="1"/>
        <line num="1659" count="59" type="cond" truecount="2" falsecount="0"/>
        <line num="1660" count="31" type="stmt"/>
        <line num="1664" count="28" type="cond" truecount="2" falsecount="0"/>
        <line num="1665" count="26" type="stmt"/>
        <line num="1669" count="2" type="cond" truecount="1" falsecount="1"/>
        <line num="1670" count="0" type="stmt"/>
        <line num="1673" count="2" type="stmt"/>
        <line num="1676" count="2" type="stmt"/>
        <line num="1677" count="2" type="stmt"/>
        <line num="1678" count="2" type="stmt"/>
        <line num="1679" count="2" type="stmt"/>
        <line num="1680" count="2" type="stmt"/>
        <line num="1681" count="2" type="stmt"/>
        <line num="1683" count="2" type="stmt"/>
        <line num="1687" count="2" type="cond" truecount="2" falsecount="0"/>
        <line num="1688" count="1" type="stmt"/>
        <line num="1689" count="1" type="stmt"/>
        <line num="1690" count="112" type="cond" truecount="2" falsecount="0"/>
        <line num="1694" count="1" type="cond" truecount="1" falsecount="1"/>
        <line num="1695" count="3" type="stmt"/>
        <line num="1696" count="1" type="stmt"/>
        <line num="1697" count="1" type="cond" truecount="1" falsecount="1"/>
        <line num="1698" count="1" type="stmt"/>
        <line num="1707" count="2" type="cond" truecount="3" falsecount="1"/>
        <line num="1709" count="2" type="stmt"/>
        <line num="1710" count="2" type="stmt"/>
        <line num="1714" count="0" type="stmt"/>
        <line num="1715" count="0" type="stmt"/>
        <line num="1719" count="2" type="stmt"/>
        <line num="1720" count="2" type="stmt"/>
        <line num="1730" count="2" type="stmt"/>
        <line num="1733" count="2" type="cond" truecount="2" falsecount="0"/>
        <line num="1734" count="1" type="stmt"/>
        <line num="1738" count="2" type="stmt"/>
        <line num="1749" count="2" type="cond" truecount="1" falsecount="1"/>
        <line num="1751" count="0" type="stmt"/>
        <line num="1752" count="0" type="stmt"/>
        <line num="1754" count="0" type="stmt"/>
        <line num="1755" count="0" type="cond" truecount="0" falsecount="2"/>
        <line num="1756" count="0" type="stmt"/>
        <line num="1757" count="0" type="stmt"/>
        <line num="1760" count="0" type="cond" truecount="0" falsecount="2"/>
        <line num="1761" count="0" type="stmt"/>
        <line num="1764" count="0" type="stmt"/>
        <line num="1768" count="2" type="cond" truecount="1" falsecount="1"/>
        <line num="1769" count="0" type="stmt"/>
        <line num="1772" count="2" type="stmt"/>
        <line num="1773" count="2" type="stmt"/>
        <line num="1776" count="2" type="cond" truecount="3" falsecount="1"/>
        <line num="1777" count="0" type="stmt"/>
        <line num="1780" count="2" type="stmt"/>
        <line num="1786" count="1" type="stmt"/>
        <line num="1797" count="0" type="cond" truecount="0" falsecount="2"/>
        <line num="1798" count="0" type="cond" truecount="0" falsecount="2"/>
        <line num="1800" count="0" type="cond" truecount="0" falsecount="2"/>
        <line num="1801" count="0" type="stmt"/>
        <line num="1810" count="0" type="cond" truecount="0" falsecount="2"/>
        <line num="1811" count="0" type="stmt"/>
        <line num="1820" count="0" type="stmt"/>
        <line num="1821" count="0" type="stmt"/>
        <line num="1822" count="0" type="stmt"/>
        <line num="1824" count="0" type="stmt"/>
        <line num="1829" count="0" type="stmt"/>
        <line num="1830" count="0" type="stmt"/>
        <line num="1831" count="0" type="stmt"/>
        <line num="1833" count="0" type="cond" truecount="0" falsecount="2"/>
        <line num="1835" count="0" type="cond" truecount="0" falsecount="5"/>
        <line num="1836" count="0" type="stmt"/>
        <line num="1837" count="0" type="stmt"/>
        <line num="1840" count="0" type="cond" truecount="0" falsecount="2"/>
        <line num="1841" count="0" type="stmt"/>
        <line num="1847" count="0" type="stmt"/>
        <line num="1848" count="0" type="stmt"/>
        <line num="1849" count="0" type="stmt"/>
        <line num="1850" count="0" type="cond" truecount="0" falsecount="2"/>
        <line num="1851" count="0" type="cond" truecount="0" falsecount="2"/>
        <line num="1853" count="0" type="stmt"/>
        <line num="1856" count="0" type="stmt"/>
        <line num="1857" count="0" type="stmt"/>
        <line num="1858" count="0" type="cond" truecount="0" falsecount="4"/>
        <line num="1860" count="0" type="stmt"/>
        <line num="1862" count="0" type="cond" truecount="0" falsecount="4"/>
        <line num="1863" count="0" type="stmt"/>
        <line num="1864" count="0" type="stmt"/>
        <line num="1870" count="0" type="stmt"/>
        <line num="1871" count="0" type="stmt"/>
        <line num="1872" count="0" type="stmt"/>
        <line num="1874" count="0" type="stmt"/>
        <line num="1875" count="0" type="stmt"/>
        <line num="1877" count="0" type="stmt"/>
        <line num="1885" count="0" type="stmt"/>
        <line num="1887" count="0" type="stmt"/>
        <line num="1888" count="0" type="cond" truecount="0" falsecount="2"/>
        <line num="1889" count="0" type="cond" truecount="0" falsecount="2"/>
        <line num="1890" count="0" type="cond" truecount="0" falsecount="4"/>
        <line num="1891" count="0" type="stmt"/>
        <line num="1896" count="0" type="stmt"/>
        <line num="1898" count="0" type="stmt"/>
        <line num="1899" count="0" type="cond" truecount="0" falsecount="2"/>
        <line num="1901" count="0" type="cond" truecount="0" falsecount="2"/>
        <line num="1902" count="0" type="stmt"/>
        <line num="1903" count="0" type="cond" truecount="0" falsecount="4"/>
        <line num="1904" count="0" type="stmt"/>
        <line num="1909" count="0" type="stmt"/>
        <line num="1911" count="0" type="stmt"/>
        <line num="1915" count="0" type="stmt"/>
      </file>
    </package>
  </project>
</coverage>
