<?xml version="1.0" encoding="UTF-8"?>
<coverage generated="1781731756944" clover="3.2.0">
  <project timestamp="1781731756944" name="All files">
    <metrics statements="1032" coveredstatements="707" conditionals="730" coveredconditionals="388" methods="119" coveredmethods="71" elements="1881" coveredelements="1166" complexity="0" loc="1032" ncloc="1032" packages="2" files="7" classes="7"/>
    <package name="data">
      <metrics statements="274" coveredstatements="206" conditionals="162" coveredconditionals="75" methods="33" coveredmethods="24"/>
      <file name="fareData.ts" path="C:\Users\mekha\OneDrive\Desktop\Projects\ahmedabadmetro\src\data\fareData.ts">
        <metrics statements="5" coveredstatements="5" conditionals="0" coveredconditionals="0" methods="0" coveredmethods="0"/>
        <line num="4" count="1" type="stmt"/>
        <line num="28" count="1" type="stmt"/>
        <line num="48" count="1" type="stmt"/>
        <line num="73" count="1" type="stmt"/>
        <line num="98" count="1" type="stmt"/>
      </file>
      <file name="metroData.ts" path="C:\Users\mekha\OneDrive\Desktop\Projects\ahmedabadmetro\src\data\metroData.ts">
        <metrics statements="2" coveredstatements="2" conditionals="0" coveredconditionals="0" methods="0" coveredmethods="0"/>
        <line num="14" count="2" type="stmt"/>
        <line num="22" count="2" type="stmt"/>
      </file>
      <file name="segmentTimings.ts" path="C:\Users\mekha\OneDrive\Desktop\Projects\ahmedabadmetro\src\data\segmentTimings.ts">
        <metrics statements="77" coveredstatements="76" conditionals="12" coveredconditionals="10" methods="13" coveredmethods="13"/>
        <line num="6" count="2" type="stmt"/>
        <line num="7" count="2" type="stmt"/>
        <line num="10" count="2" type="stmt"/>
        <line num="36" count="2" type="stmt"/>
        <line num="44" count="2" type="stmt"/>
        <line num="52" count="2" type="stmt"/>
        <line num="55" count="2" type="stmt"/>
        <line num="63" count="2" type="stmt"/>
        <line num="66" count="2" type="stmt"/>
        <line num="74" count="2" type="stmt"/>
        <line num="82" count="2" type="stmt"/>
        <line num="90" count="2" type="stmt"/>
        <line num="98" count="2" type="stmt"/>
        <line num="109" count="2" type="stmt"/>
        <line num="122" count="18" type="stmt"/>
        <line num="123" count="18" type="stmt"/>
        <line num="126" count="18" type="stmt"/>
        <line num="127" count="18" type="stmt"/>
        <line num="128" count="18" type="stmt"/>
        <line num="129" count="86" type="cond" truecount="1" falsecount="1"/>
        <line num="130" count="0" type="stmt"/>
        <line num="132" count="86" type="stmt"/>
        <line num="136" count="18" type="stmt"/>
        <line num="137" count="18" type="stmt"/>
        <line num="138" count="18" type="stmt"/>
        <line num="141" count="18" type="stmt"/>
        <line num="142" count="18" type="stmt"/>
        <line num="144" count="18" type="stmt"/>
        <line num="146" count="104" type="stmt"/>
        <line num="149" count="104" type="cond" truecount="2" falsecount="0"/>
        <line num="150" count="86" type="stmt"/>
        <line num="151" count="86" type="cond" truecount="1" falsecount="1"/>
        <line num="152" count="86" type="stmt"/>
        <line num="155" count="104" type="stmt"/>
        <line num="160" count="2" type="stmt"/>
        <line num="161" count="2" type="stmt"/>
        <line num="162" count="2" type="stmt"/>
        <line num="163" count="2" type="stmt"/>
        <line num="164" count="2" type="stmt"/>
        <line num="165" count="2" type="stmt"/>
        <line num="166" count="2" type="stmt"/>
        <line num="167" count="2" type="stmt"/>
        <line num="168" count="2" type="stmt"/>
        <line num="179" count="16" type="stmt"/>
        <line num="180" count="16" type="stmt"/>
        <line num="181" count="16" type="stmt"/>
        <line num="183" count="16" type="stmt"/>
        <line num="184" count="54" type="stmt"/>
        <line num="186" count="368" type="cond" truecount="4" falsecount="0"/>
        <line num="188" count="38" type="stmt"/>
        <line num="189" count="38" type="cond" truecount="2" falsecount="0"/>
        <line num="190" count="38" type="stmt"/>
        <line num="191" count="38" type="stmt"/>
        <line num="194" count="330" type="stmt"/>
        <line num="195" count="330" type="stmt"/>
        <line num="199" count="54" type="stmt"/>
        <line num="203" count="16" type="stmt"/>
        <line num="205" count="330" type="stmt"/>
        <line num="210" count="2" type="stmt"/>
        <line num="218" count="2" type="stmt"/>
        <line num="233" count="2" type="stmt"/>
        <line num="236" count="2" type="stmt"/>
        <line num="237" count="2" type="stmt"/>
        <line num="238" count="2" type="stmt"/>
        <line num="240" count="44" type="stmt"/>
        <line num="246" count="2" type="stmt"/>
        <line num="247" count="2" type="stmt"/>
        <line num="248" count="2" type="stmt"/>
        <line num="250" count="58" type="stmt"/>
        <line num="256" count="2" type="stmt"/>
        <line num="257" count="2" type="stmt"/>
        <line num="258" count="2" type="stmt"/>
        <line num="260" count="68" type="stmt"/>
        <line num="266" count="2" type="stmt"/>
        <line num="267" count="2" type="stmt"/>
        <line num="268" count="2" type="stmt"/>
        <line num="270" count="48" type="stmt"/>
      </file>
      <file name="timetable.ts" path="C:\Users\mekha\OneDrive\Desktop\Projects\ahmedabadmetro\src\data\timetable.ts">
        <metrics statements="188" coveredstatements="121" conditionals="150" coveredconditionals="65" methods="20" coveredmethods="11"/>
        <line num="22" count="2" type="stmt"/>
        <line num="23" count="2" type="stmt"/>
        <line num="28" count="2" type="stmt"/>
        <line num="38" count="2" type="stmt"/>
        <line num="39" count="0" type="stmt"/>
        <line num="40" count="0" type="stmt"/>
        <line num="41" count="0" type="stmt"/>
        <line num="42" count="0" type="stmt"/>
        <line num="43" count="0" type="stmt"/>
        <line num="44" count="0" type="cond" truecount="0" falsecount="2"/>
        <line num="45" count="0" type="stmt"/>
        <line num="46" count="0" type="stmt"/>
        <line num="50" count="0" type="stmt"/>
        <line num="54" count="2" type="stmt"/>
        <line num="104" count="2" type="stmt"/>
        <line num="105" count="3" type="stmt"/>
        <line num="106" count="3" type="stmt"/>
        <line num="107" count="3" type="stmt"/>
        <line num="108" count="3" type="stmt"/>
        <line num="109" count="3" type="stmt"/>
        <line num="110" count="3" type="cond" truecount="3" falsecount="1"/>
        <line num="112" count="3" type="cond" truecount="1" falsecount="4"/>
        <line num="114" count="3" type="cond" truecount="2" falsecount="0"/>
        <line num="115" count="2" type="cond" truecount="1" falsecount="5"/>
        <line num="116" count="2" type="cond" truecount="4" falsecount="0"/>
        <line num="118" count="0" type="stmt"/>
        <line num="120" count="0" type="stmt"/>
        <line num="122" count="0" type="cond" truecount="0" falsecount="4"/>
        <line num="124" count="0" type="stmt"/>
        <line num="128" count="2" type="stmt"/>
        <line num="129" count="6" type="stmt"/>
        <line num="130" count="6" type="stmt"/>
        <line num="133" count="2" type="stmt"/>
        <line num="134" count="9" type="stmt"/>
        <line num="135" count="9" type="cond" truecount="1" falsecount="1"/>
        <line num="136" count="0" type="stmt"/>
        <line num="141" count="2" type="stmt"/>
        <line num="142" count="8" type="stmt"/>
        <line num="143" count="8" type="cond" truecount="2" falsecount="0"/>
        <line num="144" count="2" type="stmt"/>
        <line num="145" count="6" type="cond" truecount="2" falsecount="0"/>
        <line num="146" count="1" type="stmt"/>
        <line num="147" count="5" type="cond" truecount="2" falsecount="0"/>
        <line num="148" count="1" type="stmt"/>
        <line num="149" count="4" type="cond" truecount="2" falsecount="0"/>
        <line num="150" count="1" type="stmt"/>
        <line num="152" count="3" type="stmt"/>
        <line num="157" count="2" type="cond" truecount="1" falsecount="0"/>
        <line num="158" count="1" type="stmt"/>
        <line num="159" count="1" type="stmt"/>
        <line num="160" count="1" type="stmt"/>
        <line num="161" count="1" type="cond" truecount="2" falsecount="2"/>
        <line num="173" count="1" type="stmt"/>
        <line num="175" count="1" type="stmt"/>
        <line num="177" count="3" type="cond" truecount="3" falsecount="4"/>
        <line num="178" count="3" type="stmt"/>
        <line num="179" count="3" type="cond" truecount="1" falsecount="1"/>
        <line num="180" count="3" type="cond" truecount="1" falsecount="1"/>
        <line num="183" count="3" type="stmt"/>
        <line num="184" count="3" type="stmt"/>
        <line num="186" count="3" type="stmt"/>
        <line num="187" count="3" type="cond" truecount="1" falsecount="1"/>
        <line num="189" count="0" type="stmt"/>
        <line num="192" count="3" type="cond" truecount="3" falsecount="1"/>
        <line num="193" count="3" type="stmt"/>
        <line num="194" count="3" type="stmt"/>
        <line num="196" count="3" type="stmt"/>
        <line num="197" count="3" type="stmt"/>
        <line num="198" count="3" type="stmt"/>
        <line num="200" count="3" type="stmt"/>
        <line num="214" count="4" type="stmt"/>
        <line num="215" count="1" type="stmt"/>
        <line num="217" count="1" type="stmt"/>
        <line num="220" count="3" type="stmt"/>
        <line num="221" count="2" type="cond" truecount="3" falsecount="0"/>
        <line num="226" count="3" type="cond" truecount="2" falsecount="0"/>
        <line num="227" count="2" type="stmt"/>
        <line num="231" count="1" type="stmt"/>
        <line num="234" count="2" type="stmt"/>
        <line num="235" count="0" type="stmt"/>
        <line num="236" count="0" type="stmt"/>
        <line num="237" count="0" type="stmt"/>
        <line num="238" count="0" type="cond" truecount="0" falsecount="4"/>
        <line num="240" count="0" type="stmt"/>
        <line num="241" count="0" type="cond" truecount="0" falsecount="7"/>
        <line num="242" count="0" type="stmt"/>
        <line num="243" count="0" type="cond" truecount="0" falsecount="2"/>
        <line num="244" count="0" type="cond" truecount="0" falsecount="2"/>
        <line num="246" count="0" type="stmt"/>
        <line num="247" count="0" type="stmt"/>
        <line num="249" count="0" type="stmt"/>
        <line num="250" count="0" type="stmt"/>
        <line num="252" count="0" type="stmt"/>
        <line num="253" count="0" type="stmt"/>
        <line num="255" count="0" type="stmt"/>
        <line num="265" count="0" type="stmt"/>
        <line num="266" count="0" type="stmt"/>
        <line num="268" count="0" type="stmt"/>
        <line num="271" count="0" type="stmt"/>
        <line num="272" count="0" type="cond" truecount="0" falsecount="3"/>
        <line num="277" count="0" type="cond" truecount="0" falsecount="2"/>
        <line num="278" count="0" type="stmt"/>
        <line num="282" count="0" type="stmt"/>
        <line num="285" count="2" type="stmt"/>
        <line num="286" count="0" type="stmt"/>
        <line num="287" count="0" type="stmt"/>
        <line num="289" count="0" type="stmt"/>
        <line num="290" count="0" type="stmt"/>
        <line num="291" count="0" type="cond" truecount="0" falsecount="4"/>
        <line num="293" count="0" type="stmt"/>
        <line num="294" count="0" type="cond" truecount="0" falsecount="7"/>
        <line num="295" count="0" type="stmt"/>
        <line num="296" count="0" type="cond" truecount="0" falsecount="4"/>
        <line num="298" count="0" type="stmt"/>
        <line num="299" count="0" type="stmt"/>
        <line num="301" count="0" type="stmt"/>
        <line num="302" count="0" type="stmt"/>
        <line num="303" count="0" type="stmt"/>
        <line num="305" count="0" type="cond" truecount="0" falsecount="4"/>
        <line num="306" count="0" type="stmt"/>
        <line num="315" count="0" type="stmt"/>
        <line num="317" count="0" type="stmt"/>
        <line num="318" count="0" type="stmt"/>
        <line num="319" count="0" type="cond" truecount="0" falsecount="4"/>
        <line num="320" count="0" type="stmt"/>
        <line num="321" count="0" type="stmt"/>
        <line num="323" count="0" type="stmt"/>
        <line num="332" count="0" type="stmt"/>
        <line num="336" count="2" type="stmt"/>
        <line num="337" count="2" type="stmt"/>
        <line num="350" count="2" type="stmt"/>
        <line num="351" count="1" type="stmt"/>
        <line num="353" count="1" type="stmt"/>
        <line num="358" count="1" type="stmt"/>
        <line num="360" count="1" type="stmt"/>
        <line num="361" count="1" type="cond" truecount="2" falsecount="2"/>
        <line num="364" count="1" type="cond" truecount="1" falsecount="1"/>
        <line num="365" count="1" type="stmt"/>
        <line num="366" count="3" type="cond" truecount="2" falsecount="2"/>
        <line num="368" count="1" type="stmt"/>
        <line num="369" count="3" type="cond" truecount="1" falsecount="1"/>
        <line num="370" count="3" type="stmt"/>
        <line num="375" count="1" type="stmt"/>
        <line num="376" count="3" type="stmt"/>
        <line num="377" count="3" type="stmt"/>
        <line num="380" count="3" type="stmt"/>
        <line num="381" count="3" type="stmt"/>
        <line num="382" count="3" type="cond" truecount="1" falsecount="1"/>
        <line num="384" count="3" type="stmt"/>
        <line num="387" count="3" type="cond" truecount="3" falsecount="1"/>
        <line num="390" count="3" type="stmt"/>
        <line num="392" count="3" type="stmt"/>
        <line num="393" count="3" type="stmt"/>
        <line num="396" count="3" type="stmt"/>
        <line num="399" count="7" type="cond" truecount="4" falsecount="0"/>
        <line num="400" count="3" type="stmt"/>
        <line num="401" count="3" type="stmt"/>
        <line num="402" count="3" type="stmt"/>
        <line num="406" count="4" type="cond" truecount="2" falsecount="2"/>
        <line num="407" count="0" type="stmt"/>
        <line num="408" count="0" type="stmt"/>
        <line num="413" count="3" type="stmt"/>
        <line num="414" count="3" type="stmt"/>
        <line num="415" count="3" type="cond" truecount="3" falsecount="1"/>
        <line num="417" count="3" type="stmt"/>
        <line num="418" count="3" type="stmt"/>
        <line num="421" count="3" type="stmt"/>
        <line num="422" count="3" type="cond" truecount="1" falsecount="1"/>
        <line num="423" count="3" type="stmt"/>
        <line num="424" count="3" type="cond" truecount="1" falsecount="1"/>
        <line num="427" count="3" type="stmt"/>
        <line num="429" count="3" type="stmt"/>
        <line num="430" count="3" type="stmt"/>
        <line num="432" count="3" type="cond" truecount="1" falsecount="1"/>
        <line num="433" count="0" type="stmt"/>
        <line num="434" count="0" type="stmt"/>
        <line num="436" count="3" type="stmt"/>
        <line num="437" count="3" type="stmt"/>
        <line num="438" count="3" type="cond" truecount="1" falsecount="1"/>
        <line num="441" count="3" type="stmt"/>
        <line num="443" count="3" type="stmt"/>
        <line num="457" count="1" type="stmt"/>
        <line num="459" count="1" type="stmt"/>
        <line num="463" count="3" type="stmt"/>
        <line num="464" count="2" type="cond" truecount="3" falsecount="0"/>
        <line num="469" count="3" type="cond" truecount="2" falsecount="0"/>
        <line num="470" count="2" type="stmt"/>
        <line num="474" count="1" type="stmt"/>
      </file>
      <file name="timetableFromExcel.generated.json" path="C:\Users\mekha\OneDrive\Desktop\Projects\ahmedabadmetro\src\data\timetableFromExcel.generated.json">
        <metrics statements="2" coveredstatements="2" conditionals="0" coveredconditionals="0" methods="0" coveredmethods="0"/>
        <line num="1" count="2" type="stmt"/>
        <line num="2" count="2" type="stmt"/>
      </file>
    </package>
    <package name="lib">
      <metrics statements="758" coveredstatements="501" conditionals="568" coveredconditionals="313" methods="86" coveredmethods="47"/>
      <file name="routePlanner.ts" path="C:\Users\mekha\OneDrive\Desktop\Projects\ahmedabadmetro\src\lib\routePlanner.ts">
        <metrics statements="751" coveredstatements="495" conditionals="568" coveredconditionals="313" methods="84" coveredmethods="46"/>
        <line num="45" count="1" type="cond" truecount="1" falsecount="0"/>
        <line num="46" count="8" type="stmt"/>
        <line num="47" count="8" type="cond" truecount="2" falsecount="2"/>
        <line num="50" count="1" type="stmt"/>
        <line num="72" count="1" type="stmt"/>
        <line num="79" count="1" type="stmt"/>
        <line num="80" count="1" type="stmt"/>
        <line num="81" count="1" type="stmt"/>
        <line num="82" count="1" type="stmt"/>
        <line num="87" count="1" type="stmt"/>
        <line num="89" count="530" type="stmt"/>
        <line num="90" count="530" type="stmt"/>
        <line num="92" count="530" type="cond" truecount="4" falsecount="0"/>
        <line num="93" count="303" type="stmt"/>
        <line num="97" count="227" type="stmt"/>
        <line num="98" count="227" type="stmt"/>
        <line num="100" count="227" type="cond" truecount="4" falsecount="0"/>
        <line num="101" count="13" type="stmt"/>
        <line num="106" count="214" type="cond" truecount="4" falsecount="0"/>
        <line num="107" count="126" type="stmt"/>
        <line num="110" count="88" type="cond" truecount="4" falsecount="0"/>
        <line num="111" count="10" type="stmt"/>
        <line num="118" count="78" type="cond" truecount="2" falsecount="0"/>
        <line num="120" count="77" type="cond" truecount="1" falsecount="1"/>
        <line num="122" count="77" type="cond" truecount="2" falsecount="0"/>
        <line num="124" count="75" type="cond" truecount="2" falsecount="0"/>
        <line num="126" count="68" type="cond" truecount="2" falsecount="0"/>
        <line num="128" count="61" type="cond" truecount="1" falsecount="1"/>
        <line num="130" count="0" type="cond" truecount="0" falsecount="2"/>
        <line num="132" count="0" type="stmt"/>
        <line num="136" count="1" type="stmt"/>
        <line num="137" count="4" type="stmt"/>
        <line num="138" count="4" type="stmt"/>
        <line num="142" count="1" type="stmt"/>
        <line num="143" count="2030058" type="stmt"/>
        <line num="144" count="2030058" type="stmt"/>
        <line num="148" count="1" type="stmt"/>
        <line num="149" count="2526" type="stmt"/>
        <line num="150" count="2526" type="stmt"/>
        <line num="151" count="2526" type="stmt"/>
        <line num="156" count="1" type="stmt"/>
        <line num="158" count="0" type="stmt"/>
        <line num="169" count="0" type="stmt"/>
        <line num="170" count="0" type="stmt"/>
        <line num="171" count="0" type="stmt"/>
        <line num="172" count="0" type="cond" truecount="0" falsecount="5"/>
        <line num="173" count="0" type="stmt"/>
        <line num="178" count="0" type="stmt"/>
        <line num="185" count="0" type="stmt"/>
        <line num="186" count="0" type="stmt"/>
        <line num="187" count="0" type="stmt"/>
        <line num="188" count="0" type="cond" truecount="0" falsecount="4"/>
        <line num="189" count="0" type="stmt"/>
        <line num="190" count="0" type="stmt"/>
        <line num="194" count="0" type="stmt"/>
        <line num="198" count="1" type="stmt"/>
        <line num="204" count="121" type="stmt"/>
        <line num="206" count="121" type="stmt"/>
        <line num="207" count="87725" type="stmt"/>
        <line num="208" count="87725" type="stmt"/>
        <line num="211" count="87725" type="cond" truecount="5" falsecount="0"/>
        <line num="212" count="19317" type="stmt"/>
        <line num="213" count="19317" type="stmt"/>
        <line num="214" count="19317" type="stmt"/>
        <line num="217" count="19317" type="cond" truecount="2" falsecount="0"/>
        <line num="219" count="17573" type="cond" truecount="2" falsecount="2"/>
        <line num="221" count="17573" type="stmt"/>
        <line num="226" count="121" type="cond" truecount="1" falsecount="1"/>
        <line num="228" count="44587" type="stmt"/>
        <line num="229" count="121" type="stmt"/>
        <line num="233" count="1" type="stmt"/>
        <line num="239" count="0" type="stmt"/>
        <line num="241" count="0" type="stmt"/>
        <line num="242" count="0" type="cond" truecount="0" falsecount="2"/>
        <line num="243" count="0" type="cond" truecount="0" falsecount="4"/>
        <line num="245" count="0" type="stmt"/>
        <line num="246" count="0" type="cond" truecount="0" falsecount="2"/>
        <line num="248" count="0" type="stmt"/>
        <line num="249" count="0" type="stmt"/>
        <line num="251" count="0" type="cond" truecount="0" falsecount="2"/>
        <line num="252" count="0" type="stmt"/>
        <line num="256" count="0" type="cond" truecount="0" falsecount="2"/>
        <line num="258" count="0" type="stmt"/>
        <line num="259" count="0" type="stmt"/>
        <line num="263" count="1" type="stmt"/>
        <line num="272" count="0" type="stmt"/>
        <line num="278" count="0" type="stmt"/>
        <line num="280" count="0" type="stmt"/>
        <line num="281" count="0" type="stmt"/>
        <line num="282" count="0" type="stmt"/>
        <line num="284" count="0" type="cond" truecount="0" falsecount="5"/>
        <line num="285" count="0" type="stmt"/>
        <line num="286" count="0" type="stmt"/>
        <line num="287" count="0" type="stmt"/>
        <line num="289" count="0" type="cond" truecount="0" falsecount="2"/>
        <line num="290" count="0" type="stmt"/>
        <line num="295" count="0" type="cond" truecount="0" falsecount="2"/>
        <line num="297" count="0" type="stmt"/>
        <line num="298" count="0" type="stmt"/>
        <line num="300" count="0" type="stmt"/>
        <line num="312" count="1" type="stmt"/>
        <line num="313" count="0" type="stmt"/>
        <line num="314" count="0" type="cond" truecount="0" falsecount="2"/>
        <line num="315" count="0" type="cond" truecount="0" falsecount="2"/>
        <line num="319" count="1" type="stmt"/>
        <line num="320" count="91" type="stmt"/>
        <line num="321" count="91" type="stmt"/>
        <line num="323" count="91" type="cond" truecount="3" falsecount="1"/>
        <line num="325" count="91" type="stmt"/>
        <line num="326" count="91" type="stmt"/>
        <line num="328" count="91" type="stmt"/>
        <line num="329" count="91" type="cond" truecount="1" falsecount="1"/>
        <line num="330" count="0" type="stmt"/>
        <line num="333" count="497" type="stmt"/>
        <line num="337" count="1" type="stmt"/>
        <line num="338" count="0" type="stmt"/>
        <line num="339" count="0" type="cond" truecount="0" falsecount="2"/>
        <line num="341" count="0" type="stmt"/>
        <line num="342" count="0" type="stmt"/>
        <line num="344" count="0" type="cond" truecount="0" falsecount="4"/>
        <line num="346" count="0" type="stmt"/>
        <line num="347" count="0" type="stmt"/>
        <line num="349" count="0" type="stmt"/>
        <line num="350" count="0" type="cond" truecount="0" falsecount="2"/>
        <line num="351" count="0" type="stmt"/>
        <line num="354" count="0" type="stmt"/>
        <line num="358" count="1" type="stmt"/>
        <line num="359" count="0" type="cond" truecount="0" falsecount="2"/>
        <line num="363" count="1" type="stmt"/>
        <line num="364" count="61" type="cond" truecount="1" falsecount="1"/>
        <line num="368" count="1" type="stmt"/>
        <line num="369" count="66" type="stmt"/>
        <line num="370" count="22878" type="stmt"/>
        <line num="371" count="22878" type="stmt"/>
        <line num="372" count="22878" type="cond" truecount="5" falsecount="0"/>
        <line num="373" count="36" type="stmt"/>
        <line num="376" count="30" type="stmt"/>
        <line num="380" count="1" type="stmt"/>
        <line num="381" count="122" type="cond" truecount="1" falsecount="1"/>
        <line num="391" count="1" type="stmt"/>
        <line num="392" count="61" type="stmt"/>
        <line num="393" count="61" type="stmt"/>
        <line num="395" count="61" type="cond" truecount="3" falsecount="1"/>
        <line num="398" count="61" type="stmt"/>
        <line num="399" count="61" type="cond" truecount="2" falsecount="0"/>
        <line num="400" count="25" type="stmt"/>
        <line num="409" count="36" type="cond" truecount="2" falsecount="0"/>
        <line num="411" count="6" type="stmt"/>
        <line num="412" count="6" type="stmt"/>
        <line num="413" count="6" type="stmt"/>
        <line num="414" count="6" type="cond" truecount="4" falsecount="1"/>
        <line num="415" count="6" type="stmt"/>
        <line num="424" count="30" type="stmt"/>
        <line num="425" count="30" type="stmt"/>
        <line num="427" count="30" type="stmt"/>
        <line num="428" count="30" type="stmt"/>
        <line num="433" count="30" type="stmt"/>
        <line num="436" count="30" type="stmt"/>
        <line num="437" count="30" type="stmt"/>
        <line num="438" count="30" type="stmt"/>
        <line num="440" count="30" type="cond" truecount="1" falsecount="1"/>
        <line num="442" count="30" type="stmt"/>
        <line num="443" count="230" type="cond" truecount="1" falsecount="1"/>
        <line num="444" count="0" type="stmt"/>
        <line num="447" count="230" type="stmt"/>
        <line num="448" count="230" type="cond" truecount="4" falsecount="0"/>
        <line num="450" count="30" type="cond" truecount="1" falsecount="1"/>
        <line num="452" count="30" type="stmt"/>
        <line num="453" count="1122" type="stmt"/>
        <line num="454" count="1122" type="stmt"/>
        <line num="455" count="1122" type="cond" truecount="5" falsecount="0"/>
        <line num="456" count="30" type="stmt"/>
        <line num="466" count="0" type="stmt"/>
        <line num="467" count="0" type="stmt"/>
        <line num="468" count="0" type="cond" truecount="0" falsecount="2"/>
        <line num="469" count="0" type="stmt"/>
        <line num="471" count="0" type="cond" truecount="0" falsecount="2"/>
        <line num="472" count="0" type="stmt"/>
        <line num="480" count="0" type="stmt"/>
        <line num="495" count="0" type="stmt"/>
        <line num="499" count="1" type="stmt"/>
        <line num="503" count="61" type="cond" truecount="3" falsecount="1"/>
        <line num="505" count="61" type="stmt"/>
        <line num="506" count="61" type="stmt"/>
        <line num="508" count="61" type="cond" truecount="3" falsecount="1"/>
        <line num="511" count="61" type="stmt"/>
        <line num="512" count="61" type="stmt"/>
        <line num="513" count="61" type="stmt"/>
        <line num="515" count="61" type="stmt"/>
        <line num="516" count="121" type="stmt"/>
        <line num="518" count="121" type="cond" truecount="4" falsecount="0"/>
        <line num="519" count="30" type="stmt"/>
        <line num="520" count="30" type="stmt"/>
        <line num="521" count="30" type="stmt"/>
        <line num="522" count="91" type="cond" truecount="4" falsecount="0"/>
        <line num="523" count="61" type="stmt"/>
        <line num="527" count="61" type="stmt"/>
        <line num="528" count="61" type="stmt"/>
        <line num="529" count="61" type="stmt"/>
        <line num="530" count="61" type="stmt"/>
        <line num="531" count="61" type="stmt"/>
        <line num="532" count="61" type="stmt"/>
        <line num="537" count="61" type="stmt"/>
        <line num="538" count="91" type="stmt"/>
        <line num="539" count="91" type="stmt"/>
        <line num="540" count="91" type="stmt"/>
        <line num="543" count="91" type="stmt"/>
        <line num="545" count="91" type="cond" truecount="1" falsecount="1"/>
        <line num="547" count="0" type="stmt"/>
        <line num="548" count="0" type="stmt"/>
        <line num="549" count="0" type="stmt"/>
        <line num="550" count="0" type="stmt"/>
        <line num="551" count="0" type="stmt"/>
        <line num="552" count="0" type="stmt"/>
        <line num="554" count="0" type="cond" truecount="0" falsecount="2"/>
        <line num="556" count="0" type="stmt"/>
        <line num="557" count="0" type="stmt"/>
        <line num="559" count="0" type="stmt"/>
        <line num="567" count="0" type="stmt"/>
        <line num="576" count="0" type="stmt"/>
        <line num="578" count="91" type="stmt"/>
        <line num="580" count="91" type="stmt"/>
        <line num="581" count="91" type="stmt"/>
        <line num="584" count="91" type="stmt"/>
        <line num="585" count="91" type="cond" truecount="1" falsecount="1"/>
        <line num="586" count="91" type="stmt"/>
        <line num="588" count="91" type="stmt"/>
        <line num="589" count="91" type="stmt"/>
        <line num="590" count="91" type="stmt"/>
        <line num="593" count="91" type="stmt"/>
        <line num="594" count="91" type="stmt"/>
        <line num="595" count="91" type="cond" truecount="4" falsecount="1"/>
        <line num="596" count="679" type="cond" truecount="2" falsecount="0"/>
        <line num="599" count="91" type="cond" truecount="2" falsecount="0"/>
        <line num="600" count="61" type="stmt"/>
        <line num="601" count="61" type="stmt"/>
        <line num="603" count="61" type="stmt"/>
        <line num="614" count="91" type="stmt"/>
        <line num="624" count="91" type="stmt"/>
        <line num="625" count="91" type="stmt"/>
        <line num="626" count="91" type="stmt"/>
        <line num="630" count="91" type="cond" truecount="2" falsecount="0"/>
        <line num="631" count="30" type="stmt"/>
        <line num="634" count="30" type="stmt"/>
        <line num="636" count="30" type="stmt"/>
        <line num="638" count="30" type="stmt"/>
        <line num="639" count="30" type="stmt"/>
        <line num="642" count="30" type="cond" truecount="1" falsecount="1"/>
        <line num="645" count="30" type="stmt"/>
        <line num="646" count="30" type="stmt"/>
        <line num="647" count="30" type="stmt"/>
        <line num="648" count="30" type="stmt"/>
        <line num="649" count="30" type="cond" truecount="1" falsecount="1"/>
        <line num="650" count="30" type="stmt"/>
        <line num="652" count="30" type="stmt"/>
        <line num="653" count="30" type="stmt"/>
        <line num="656" count="0" type="stmt"/>
        <line num="657" count="0" type="stmt"/>
        <line num="658" count="0" type="stmt"/>
        <line num="663" count="30" type="cond" truecount="1" falsecount="1"/>
        <line num="664" count="30" type="stmt"/>
        <line num="665" count="30" type="stmt"/>
        <line num="666" count="30" type="cond" truecount="4" falsecount="1"/>
        <line num="667" count="30" type="stmt"/>
        <line num="671" count="30" type="stmt"/>
        <line num="682" count="30" type="stmt"/>
        <line num="687" count="91" type="stmt"/>
        <line num="692" count="91" type="cond" truecount="1" falsecount="1"/>
        <line num="693" count="61" type="stmt"/>
        <line num="695" count="61" type="stmt"/>
        <line num="713" count="1" type="stmt"/>
        <line num="718" count="0" type="stmt"/>
        <line num="719" count="0" type="stmt"/>
        <line num="720" count="0" type="stmt"/>
        <line num="722" count="0" type="cond" truecount="0" falsecount="5"/>
        <line num="724" count="0" type="stmt"/>
        <line num="725" count="0" type="stmt"/>
        <line num="726" count="0" type="stmt"/>
        <line num="727" count="0" type="stmt"/>
        <line num="728" count="0" type="stmt"/>
        <line num="729" count="0" type="stmt"/>
        <line num="730" count="0" type="stmt"/>
        <line num="731" count="0" type="stmt"/>
        <line num="732" count="0" type="stmt"/>
        <line num="734" count="0" type="cond" truecount="0" falsecount="2"/>
        <line num="736" count="0" type="stmt"/>
        <line num="737" count="0" type="cond" truecount="0" falsecount="2"/>
        <line num="739" count="0" type="stmt"/>
        <line num="740" count="0" type="cond" truecount="0" falsecount="2"/>
        <line num="742" count="0" type="cond" truecount="0" falsecount="2"/>
        <line num="743" count="0" type="stmt"/>
        <line num="744" count="0" type="stmt"/>
        <line num="745" count="0" type="stmt"/>
        <line num="746" count="0" type="stmt"/>
        <line num="747" count="0" type="stmt"/>
        <line num="748" count="0" type="stmt"/>
        <line num="749" count="0" type="cond" truecount="0" falsecount="2"/>
        <line num="751" count="0" type="stmt"/>
        <line num="753" count="0" type="stmt"/>
        <line num="754" count="0" type="cond" truecount="0" falsecount="2"/>
        <line num="757" count="0" type="cond" truecount="0" falsecount="2"/>
        <line num="758" count="0" type="stmt"/>
        <line num="762" count="0" type="cond" truecount="0" falsecount="2"/>
        <line num="763" count="0" type="cond" truecount="0" falsecount="2"/>
        <line num="765" count="0" type="stmt"/>
        <line num="772" count="0" type="stmt"/>
        <line num="777" count="0" type="stmt"/>
        <line num="778" count="0" type="stmt"/>
        <line num="780" count="0" type="stmt"/>
        <line num="798" count="1" type="stmt"/>
        <line num="803" count="0" type="stmt"/>
        <line num="804" count="0" type="stmt"/>
        <line num="806" count="0" type="cond" truecount="0" falsecount="4"/>
        <line num="808" count="0" type="stmt"/>
        <line num="809" count="0" type="stmt"/>
        <line num="810" count="0" type="stmt"/>
        <line num="812" count="0" type="stmt"/>
        <line num="813" count="0" type="stmt"/>
        <line num="814" count="0" type="stmt"/>
        <line num="816" count="0" type="stmt"/>
        <line num="817" count="0" type="cond" truecount="0" falsecount="2"/>
        <line num="818" count="0" type="stmt"/>
        <line num="820" count="0" type="stmt"/>
        <line num="822" count="0" type="stmt"/>
        <line num="846" count="0" type="stmt"/>
        <line num="848" count="0" type="stmt"/>
        <line num="865" count="1" type="stmt"/>
        <line num="866" count="5" type="stmt"/>
        <line num="867" count="5" type="stmt"/>
        <line num="869" count="5" type="cond" truecount="3" falsecount="1"/>
        <line num="870" count="5" type="cond" truecount="2" falsecount="0"/>
        <line num="872" count="4" type="stmt"/>
        <line num="873" count="4" type="stmt"/>
        <line num="874" count="4" type="stmt"/>
        <line num="876" count="4" type="cond" truecount="2" falsecount="0"/>
        <line num="878" count="5" type="cond" truecount="1" falsecount="1"/>
        <line num="879" count="0" type="cond" truecount="0" falsecount="4"/>
        <line num="880" count="0" type="stmt"/>
        <line num="881" count="0" type="cond" truecount="0" falsecount="2"/>
        <line num="883" count="0" type="stmt"/>
        <line num="887" count="4" type="stmt"/>
        <line num="888" count="310" type="stmt"/>
        <line num="890" count="4" type="stmt"/>
        <line num="891" count="4" type="cond" truecount="2" falsecount="0"/>
        <line num="893" count="1" type="stmt"/>
        <line num="894" count="1" type="stmt"/>
        <line num="895" count="1" type="stmt"/>
        <line num="897" count="1" type="stmt"/>
        <line num="898" count="111" type="stmt"/>
        <line num="899" count="1" type="stmt"/>
        <line num="901" count="1" type="cond" truecount="1" falsecount="1"/>
        <line num="902" count="0" type="stmt"/>
        <line num="910" count="4" type="stmt"/>
        <line num="911" count="288" type="cond" truecount="1" falsecount="1"/>
        <line num="912" count="288" type="stmt"/>
        <line num="914" count="0" type="cond" truecount="0" falsecount="2"/>
        <line num="915" count="0" type="stmt"/>
        <line num="917" count="0" type="stmt"/>
        <line num="920" count="4" type="stmt"/>
        <line num="922" count="4" type="cond" truecount="2" falsecount="0"/>
        <line num="923" count="5" type="stmt"/>
        <line num="924" count="5" type="cond" truecount="1" falsecount="1"/>
        <line num="927" count="4" type="cond" truecount="4" falsecount="0"/>
        <line num="929" count="3" type="stmt"/>
        <line num="930" count="1" type="cond" truecount="1" falsecount="1"/>
        <line num="931" count="0" type="stmt"/>
        <line num="934" count="0" type="stmt"/>
        <line num="938" count="0" type="cond" truecount="0" falsecount="4"/>
        <line num="939" count="0" type="cond" truecount="0" falsecount="2"/>
        <line num="940" count="0" type="cond" truecount="0" falsecount="2"/>
        <line num="941" count="0" type="stmt"/>
        <line num="947" count="4" type="stmt"/>
        <line num="951" count="1" type="stmt"/>
        <line num="952" count="0" type="stmt"/>
        <line num="953" count="0" type="stmt"/>
        <line num="954" count="0" type="stmt"/>
        <line num="955" count="0" type="stmt"/>
        <line num="959" count="1" type="stmt"/>
        <line num="963" count="0" type="stmt"/>
        <line num="966" count="0" type="stmt"/>
        <line num="967" count="0" type="stmt"/>
        <line num="968" count="0" type="stmt"/>
        <line num="969" count="0" type="stmt"/>
        <line num="972" count="0" type="stmt"/>
        <line num="980" count="0" type="stmt"/>
        <line num="982" count="0" type="stmt"/>
        <line num="983" count="0" type="stmt"/>
        <line num="984" count="0" type="cond" truecount="0" falsecount="2"/>
        <line num="985" count="0" type="stmt"/>
        <line num="986" count="0" type="stmt"/>
        <line num="988" count="0" type="stmt"/>
        <line num="989" count="0" type="stmt"/>
        <line num="991" count="0" type="stmt"/>
        <line num="996" count="1" type="stmt"/>
        <line num="997" count="1" type="stmt"/>
        <line num="1007" count="1" type="cond" truecount="1" falsecount="0"/>
        <line num="1015" count="6" type="cond" truecount="2" falsecount="0"/>
        <line num="1016" count="1" type="stmt"/>
        <line num="1017" count="1" type="stmt"/>
        <line num="1020" count="6" type="stmt"/>
        <line num="1021" count="6" type="cond" truecount="2" falsecount="0"/>
        <line num="1022" count="2" type="stmt"/>
        <line num="1026" count="4" type="stmt"/>
        <line num="1028" count="4" type="stmt"/>
        <line num="1029" count="2900" type="cond" truecount="4" falsecount="0"/>
        <line num="1030" count="1556" type="stmt"/>
        <line num="1032" count="1556" type="cond" truecount="4" falsecount="0"/>
        <line num="1034" count="527" type="stmt"/>
        <line num="1035" count="527" type="stmt"/>
        <line num="1038" count="527" type="stmt"/>
        <line num="1041" count="719" type="stmt"/>
        <line num="1051" count="4" type="stmt"/>
        <line num="1053" count="4" type="stmt"/>
        <line num="1054" count="485" type="stmt"/>
        <line num="1055" count="485" type="cond" truecount="4" falsecount="0"/>
        <line num="1057" count="457" type="stmt"/>
        <line num="1059" count="457" type="stmt"/>
        <line num="1070" count="116" type="stmt"/>
        <line num="1071" count="346" type="cond" truecount="2" falsecount="0"/>
        <line num="1074" count="337" type="stmt"/>
        <line num="1076" count="6" type="stmt"/>
        <line num="1077" count="6" type="stmt"/>
        <line num="1079" count="6" type="stmt"/>
        <line num="1080" count="341" type="cond" truecount="2" falsecount="0"/>
        <line num="1081" count="310" type="stmt"/>
        <line num="1082" count="310" type="stmt"/>
        <line num="1083" count="31" type="cond" truecount="3" falsecount="1"/>
        <line num="1094" count="4" type="stmt"/>
        <line num="1096" count="4" type="stmt"/>
        <line num="1097" count="4" type="stmt"/>
        <line num="1109" count="1" type="stmt"/>
        <line num="1110" count="490" type="stmt"/>
        <line num="1111" count="490" type="stmt"/>
        <line num="1112" count="355250" type="cond" truecount="4" falsecount="0"/>
        <line num="1113" count="190610" type="stmt"/>
        <line num="1114" count="190610" type="cond" truecount="4" falsecount="0"/>
        <line num="1116" count="72129" type="stmt"/>
        <line num="1117" count="72129" type="stmt"/>
        <line num="1120" count="72129" type="cond" truecount="2" falsecount="0"/>
        <line num="1121" count="533" type="stmt"/>
        <line num="1124" count="490" type="stmt"/>
        <line num="1127" count="1" type="stmt"/>
        <line num="1128" count="1386" type="cond" truecount="1" falsecount="1"/>
        <line num="1131" count="13792" type="cond" truecount="2" falsecount="0"/>
        <line num="1134" count="1" type="stmt"/>
        <line num="1135" count="693" type="cond" truecount="1" falsecount="1"/>
        <line num="1138" count="5510" type="cond" truecount="2" falsecount="0"/>
        <line num="1141" count="1" type="stmt"/>
        <line num="1155" count="464" type="stmt"/>
        <line num="1156" count="464" type="stmt"/>
        <line num="1157" count="464" type="cond" truecount="3" falsecount="1"/>
        <line num="1160" count="464" type="stmt"/>
        <line num="1161" count="464" type="stmt"/>
        <line num="1162" count="693" type="cond" truecount="3" falsecount="1"/>
        <line num="1163" count="0" type="stmt"/>
        <line num="1164" count="0" type="stmt"/>
        <line num="1165" count="0" type="stmt"/>
        <line num="1166" count="0" type="stmt"/>
        <line num="1168" count="693" type="stmt"/>
        <line num="1172" count="464" type="stmt"/>
        <line num="1173" count="464" type="stmt"/>
        <line num="1174" count="464" type="stmt"/>
        <line num="1176" count="464" type="stmt"/>
        <line num="1177" count="464" type="stmt"/>
        <line num="1178" count="464" type="stmt"/>
        <line num="1179" count="464" type="cond" truecount="1" falsecount="1"/>
        <line num="1181" count="464" type="stmt"/>
        <line num="1192" count="464" type="stmt"/>
        <line num="1193" count="693" type="stmt"/>
        <line num="1195" count="693" type="stmt"/>
        <line num="1196" count="5510" type="stmt"/>
        <line num="1197" count="693" type="stmt"/>
        <line num="1199" count="693" type="stmt"/>
        <line num="1210" count="693" type="stmt"/>
        <line num="1212" count="693" type="cond" truecount="2" falsecount="0"/>
        <line num="1213" count="229" type="stmt"/>
        <line num="1214" count="229" type="stmt"/>
        <line num="1216" count="229" type="stmt"/>
        <line num="1217" count="229" type="cond" truecount="1" falsecount="1"/>
        <line num="1219" count="229" type="stmt"/>
        <line num="1231" count="229" type="stmt"/>
        <line num="1235" count="693" type="stmt"/>
        <line num="1241" count="693" type="stmt"/>
        <line num="1243" count="693" type="stmt"/>
        <line num="1245" count="693" type="stmt"/>
        <line num="1264" count="1" type="stmt"/>
        <line num="1270" count="490" type="stmt"/>
        <line num="1271" count="490" type="stmt"/>
        <line num="1272" count="490" type="cond" truecount="3" falsecount="1"/>
        <line num="1273" count="490" type="cond" truecount="1" falsecount="1"/>
        <line num="1276" count="490" type="stmt"/>
        <line num="1277" count="490" type="cond" truecount="1" falsecount="1"/>
        <line num="1280" count="490" type="stmt"/>
        <line num="1281" count="490" type="stmt"/>
        <line num="1283" count="490" type="stmt"/>
        <line num="1285" count="490" type="stmt"/>
        <line num="1286" count="20819" type="stmt"/>
        <line num="1290" count="490" type="stmt"/>
        <line num="1291" count="25970" type="stmt"/>
        <line num="1295" count="490" type="stmt"/>
        <line num="1296" count="533" type="stmt"/>
        <line num="1298" count="533" type="stmt"/>
        <line num="1299" count="7632" type="stmt"/>
        <line num="1300" count="7632" type="stmt"/>
        <line num="1301" count="7632" type="stmt"/>
        <line num="1303" count="7632" type="cond" truecount="1" falsecount="1"/>
        <line num="1304" count="7632" type="cond" truecount="1" falsecount="1"/>
        <line num="1305" count="7632" type="stmt"/>
        <line num="1306" count="7632" type="stmt"/>
        <line num="1316" count="7632" type="stmt"/>
        <line num="1322" count="490" type="stmt"/>
        <line num="1323" count="326391" type="stmt"/>
        <line num="1324" count="11485" type="stmt"/>
        <line num="1326" count="11485" type="cond" truecount="1" falsecount="1"/>
        <line num="1327" count="11485" type="cond" truecount="2" falsecount="0"/>
        <line num="1329" count="10814" type="cond" truecount="2" falsecount="0"/>
        <line num="1331" count="10352" type="stmt"/>
        <line num="1332" count="7505200" type="cond" truecount="4" falsecount="0"/>
        <line num="1333" count="4026928" type="stmt"/>
        <line num="1334" count="4026928" type="cond" truecount="4" falsecount="0"/>
        <line num="1336" count="1937087" type="stmt"/>
        <line num="1337" count="1937087" type="stmt"/>
        <line num="1341" count="1937087" type="stmt"/>
        <line num="1342" count="1937087" type="stmt"/>
        <line num="1343" count="7505200" type="cond" truecount="2" falsecount="0"/>
        <line num="1345" count="7505200" type="cond" truecount="2" falsecount="0"/>
        <line num="1346" count="7505200" type="cond" truecount="4" falsecount="0"/>
        <line num="1347" count="452620123" type="stmt"/>
        <line num="1348" count="1927536" type="cond" truecount="6" falsecount="0"/>
        <line num="1349" count="177218" type="stmt"/>
        <line num="1353" count="1937087" type="cond" truecount="2" falsecount="0"/>
        <line num="1354" count="977420" type="stmt"/>
        <line num="1358" count="959667" type="cond" truecount="1" falsecount="1"/>
        <line num="1359" count="7505200" type="cond" truecount="1" falsecount="1"/>
        <line num="1360" count="7505200" type="cond" truecount="2" falsecount="0"/>
        <line num="1361" count="7505200" type="cond" truecount="4" falsecount="0"/>
        <line num="1363" count="7505200" type="stmt"/>
        <line num="1364" count="9168149" type="stmt"/>
        <line num="1365" count="9168149" type="stmt"/>
        <line num="1370" count="9168149" type="stmt"/>
        <line num="1372" count="9168149" type="cond" truecount="1" falsecount="1"/>
        <line num="1373" count="9168149" type="cond" truecount="2" falsecount="0"/>
        <line num="1374" count="13187" type="stmt"/>
        <line num="1375" count="13187" type="stmt"/>
        <line num="1385" count="13187" type="stmt"/>
        <line num="1391" count="490" type="cond" truecount="1" falsecount="1"/>
        <line num="1392" count="490" type="cond" truecount="2" falsecount="0"/>
        <line num="1403" count="462" type="stmt"/>
        <line num="1405" count="462" type="stmt"/>
        <line num="1406" count="462" type="stmt"/>
        <line num="1407" count="690" type="stmt"/>
        <line num="1408" count="690" type="cond" truecount="1" falsecount="1"/>
        <line num="1410" count="148669" type="stmt"/>
        <line num="1411" count="690" type="cond" truecount="1" falsecount="1"/>
        <line num="1413" count="690" type="stmt"/>
        <line num="1423" count="690" type="stmt"/>
        <line num="1426" count="462" type="stmt"/>
        <line num="1427" count="462" type="cond" truecount="1" falsecount="1"/>
        <line num="1429" count="462" type="stmt"/>
        <line num="1455" count="1" type="stmt"/>
        <line num="1472" count="1" type="stmt"/>
        <line num="1473" count="1" type="stmt"/>
        <line num="1474" count="1" type="stmt"/>
        <line num="1475" count="1" type="stmt"/>
        <line num="1476" count="1" type="stmt"/>
        <line num="1478" count="1" type="stmt"/>
        <line num="1479" count="3" type="cond" truecount="5" falsecount="0"/>
        <line num="1480" count="103" type="cond" truecount="1" falsecount="1"/>
        <line num="1481" count="1" type="cond" truecount="1" falsecount="1"/>
        <line num="1482" count="1" type="stmt"/>
        <line num="1483" count="1" type="stmt"/>
        <line num="1484" count="1" type="stmt"/>
        <line num="1485" count="1" type="cond" truecount="1" falsecount="1"/>
        <line num="1487" count="2" type="cond" truecount="2" falsecount="3"/>
        <line num="1488" count="0" type="stmt"/>
        <line num="1489" count="0" type="stmt"/>
        <line num="1490" count="0" type="stmt"/>
        <line num="1491" count="0" type="cond" truecount="0" falsecount="2"/>
        <line num="1493" count="0" type="cond" truecount="0" falsecount="5"/>
        <line num="1494" count="0" type="stmt"/>
        <line num="1505" count="0" type="cond" truecount="0" falsecount="2"/>
        <line num="1506" count="0" type="cond" truecount="0" falsecount="2"/>
        <line num="1507" count="0" type="stmt"/>
        <line num="1508" count="0" type="stmt"/>
        <line num="1509" count="0" type="stmt"/>
        <line num="1510" count="0" type="cond" truecount="0" falsecount="2"/>
        <line num="1512" count="2" type="cond" truecount="5" falsecount="0"/>
        <line num="1513" count="1" type="stmt"/>
        <line num="1514" count="1" type="stmt"/>
        <line num="1515" count="1" type="stmt"/>
        <line num="1516" count="1" type="cond" truecount="1" falsecount="1"/>
        <line num="1518" count="1" type="cond" truecount="4" falsecount="1"/>
        <line num="1519" count="1" type="stmt"/>
        <line num="1529" count="1" type="stmt"/>
        <line num="1532" count="1" type="stmt"/>
        <line num="1535" count="1" type="stmt"/>
        <line num="1541" count="2" type="stmt"/>
        <line num="1542" count="2" type="stmt"/>
        <line num="1543" count="2" type="cond" truecount="5" falsecount="1"/>
        <line num="1563" count="2" type="stmt"/>
        <line num="1565" count="2" type="stmt"/>
        <line num="1566" count="4" type="stmt"/>
        <line num="1567" count="422" type="stmt"/>
        <line num="1568" count="4" type="cond" truecount="1" falsecount="1"/>
        <line num="1570" count="4" type="stmt"/>
        <line num="1571" count="4" type="stmt"/>
        <line num="1573" count="4" type="stmt"/>
        <line num="1574" count="4" type="stmt"/>
        <line num="1575" count="4" type="stmt"/>
        <line num="1576" count="4" type="stmt"/>
        <line num="1577" count="104" type="cond" truecount="2" falsecount="0"/>
        <line num="1578" count="44" type="cond" truecount="2" falsecount="0"/>
        <line num="1579" count="44" type="stmt"/>
        <line num="1582" count="4" type="cond" truecount="1" falsecount="1"/>
        <line num="1584" count="4" type="stmt"/>
        <line num="1585" count="4" type="stmt"/>
        <line num="1586" count="66" type="stmt"/>
        <line num="1587" count="66" type="stmt"/>
        <line num="1590" count="66" type="cond" truecount="3" falsecount="1"/>
        <line num="1591" count="0" type="stmt"/>
        <line num="1592" count="66" type="cond" truecount="2" falsecount="0"/>
        <line num="1593" count="44" type="stmt"/>
        <line num="1595" count="22" type="stmt"/>
        <line num="1598" count="66" type="stmt"/>
        <line num="1599" count="66" type="stmt"/>
        <line num="1600" count="66" type="stmt"/>
        <line num="1601" count="66" type="cond" truecount="2" falsecount="0"/>
        <line num="1603" count="66" type="cond" truecount="4" falsecount="0"/>
        <line num="1604" count="62" type="stmt"/>
        <line num="1614" count="4" type="stmt"/>
        <line num="1615" count="62" type="cond" truecount="2" falsecount="0"/>
        <line num="1616" count="1" type="cond" truecount="1" falsecount="1"/>
        <line num="1617" count="1" type="stmt"/>
        <line num="1627" count="1" type="stmt"/>
        <line num="1630" count="61" type="stmt"/>
        <line num="1631" count="61" type="cond" truecount="1" falsecount="1"/>
        <line num="1633" count="61" type="stmt"/>
        <line num="1635" count="61" type="cond" truecount="1" falsecount="1"/>
        <line num="1636" count="61" type="stmt"/>
        <line num="1637" count="61" type="cond" truecount="4" falsecount="0"/>
        <line num="1638" count="21" type="stmt"/>
        <line num="1652" count="4" type="cond" truecount="1" falsecount="1"/>
        <line num="1655" count="2" type="stmt"/>
        <line num="1657" count="59" type="cond" truecount="1" falsecount="1"/>
        <line num="1658" count="59" type="cond" truecount="1" falsecount="1"/>
        <line num="1660" count="59" type="cond" truecount="2" falsecount="0"/>
        <line num="1661" count="31" type="stmt"/>
        <line num="1665" count="28" type="cond" truecount="2" falsecount="0"/>
        <line num="1666" count="26" type="stmt"/>
        <line num="1670" count="2" type="cond" truecount="1" falsecount="1"/>
        <line num="1671" count="0" type="stmt"/>
        <line num="1674" count="2" type="stmt"/>
        <line num="1677" count="2" type="stmt"/>
        <line num="1678" count="2" type="stmt"/>
        <line num="1679" count="2" type="stmt"/>
        <line num="1680" count="2" type="stmt"/>
        <line num="1681" count="2" type="stmt"/>
        <line num="1682" count="2" type="stmt"/>
        <line num="1684" count="2" type="stmt"/>
        <line num="1688" count="2" type="cond" truecount="2" falsecount="0"/>
        <line num="1689" count="1" type="stmt"/>
        <line num="1690" count="1" type="stmt"/>
        <line num="1691" count="111" type="cond" truecount="2" falsecount="0"/>
        <line num="1695" count="1" type="cond" truecount="1" falsecount="1"/>
        <line num="1696" count="3" type="stmt"/>
        <line num="1697" count="1" type="stmt"/>
        <line num="1698" count="1" type="cond" truecount="1" falsecount="1"/>
        <line num="1699" count="1" type="stmt"/>
        <line num="1708" count="2" type="cond" truecount="3" falsecount="1"/>
        <line num="1710" count="2" type="stmt"/>
        <line num="1711" count="2" type="stmt"/>
        <line num="1715" count="0" type="stmt"/>
        <line num="1716" count="0" type="stmt"/>
        <line num="1720" count="2" type="stmt"/>
        <line num="1721" count="2" type="stmt"/>
        <line num="1731" count="2" type="stmt"/>
        <line num="1734" count="2" type="cond" truecount="2" falsecount="0"/>
        <line num="1735" count="1" type="stmt"/>
        <line num="1739" count="2" type="stmt"/>
        <line num="1750" count="2" type="cond" truecount="1" falsecount="1"/>
        <line num="1752" count="0" type="stmt"/>
        <line num="1753" count="0" type="stmt"/>
        <line num="1755" count="0" type="stmt"/>
        <line num="1756" count="0" type="cond" truecount="0" falsecount="2"/>
        <line num="1757" count="0" type="stmt"/>
        <line num="1758" count="0" type="stmt"/>
        <line num="1761" count="0" type="cond" truecount="0" falsecount="2"/>
        <line num="1762" count="0" type="stmt"/>
        <line num="1765" count="0" type="stmt"/>
        <line num="1769" count="2" type="cond" truecount="1" falsecount="1"/>
        <line num="1770" count="0" type="stmt"/>
        <line num="1773" count="2" type="stmt"/>
        <line num="1774" count="2" type="stmt"/>
        <line num="1777" count="2" type="cond" truecount="3" falsecount="1"/>
        <line num="1778" count="0" type="stmt"/>
        <line num="1781" count="2" type="stmt"/>
        <line num="1787" count="1" type="stmt"/>
        <line num="1798" count="0" type="cond" truecount="0" falsecount="2"/>
        <line num="1799" count="0" type="cond" truecount="0" falsecount="2"/>
        <line num="1801" count="0" type="cond" truecount="0" falsecount="2"/>
        <line num="1802" count="0" type="stmt"/>
        <line num="1811" count="0" type="cond" truecount="0" falsecount="2"/>
        <line num="1812" count="0" type="stmt"/>
        <line num="1821" count="0" type="stmt"/>
        <line num="1822" count="0" type="stmt"/>
        <line num="1823" count="0" type="stmt"/>
        <line num="1825" count="0" type="stmt"/>
        <line num="1830" count="0" type="stmt"/>
        <line num="1831" count="0" type="stmt"/>
        <line num="1832" count="0" type="stmt"/>
        <line num="1834" count="0" type="cond" truecount="0" falsecount="2"/>
        <line num="1836" count="0" type="cond" truecount="0" falsecount="5"/>
        <line num="1837" count="0" type="stmt"/>
        <line num="1838" count="0" type="stmt"/>
        <line num="1841" count="0" type="cond" truecount="0" falsecount="2"/>
        <line num="1842" count="0" type="stmt"/>
        <line num="1848" count="0" type="stmt"/>
        <line num="1849" count="0" type="stmt"/>
        <line num="1850" count="0" type="stmt"/>
        <line num="1851" count="0" type="cond" truecount="0" falsecount="2"/>
        <line num="1852" count="0" type="cond" truecount="0" falsecount="2"/>
        <line num="1854" count="0" type="stmt"/>
        <line num="1857" count="0" type="stmt"/>
        <line num="1858" count="0" type="stmt"/>
        <line num="1859" count="0" type="cond" truecount="0" falsecount="4"/>
        <line num="1861" count="0" type="stmt"/>
        <line num="1863" count="0" type="cond" truecount="0" falsecount="4"/>
        <line num="1864" count="0" type="stmt"/>
        <line num="1865" count="0" type="stmt"/>
        <line num="1871" count="0" type="stmt"/>
        <line num="1872" count="0" type="stmt"/>
        <line num="1873" count="0" type="stmt"/>
        <line num="1875" count="0" type="stmt"/>
        <line num="1876" count="0" type="stmt"/>
        <line num="1878" count="0" type="stmt"/>
        <line num="1886" count="0" type="stmt"/>
        <line num="1888" count="0" type="stmt"/>
        <line num="1889" count="0" type="cond" truecount="0" falsecount="2"/>
        <line num="1890" count="0" type="cond" truecount="0" falsecount="2"/>
        <line num="1891" count="0" type="cond" truecount="0" falsecount="4"/>
        <line num="1892" count="0" type="stmt"/>
        <line num="1897" count="0" type="stmt"/>
        <line num="1899" count="0" type="stmt"/>
        <line num="1900" count="0" type="cond" truecount="0" falsecount="2"/>
        <line num="1902" count="0" type="cond" truecount="0" falsecount="2"/>
        <line num="1903" count="0" type="stmt"/>
        <line num="1904" count="0" type="cond" truecount="0" falsecount="4"/>
        <line num="1905" count="0" type="stmt"/>
        <line num="1910" count="0" type="stmt"/>
        <line num="1912" count="0" type="stmt"/>
        <line num="1916" count="0" type="stmt"/>
      </file>
      <file name="utils.ts" path="C:\Users\mekha\OneDrive\Desktop\Projects\ahmedabadmetro\src\lib\utils.ts">
        <metrics statements="7" coveredstatements="6" conditionals="0" coveredconditionals="0" methods="2" coveredmethods="1"/>
        <line num="5" count="0" type="stmt"/>
        <line num="13" count="2" type="stmt"/>
        <line num="14" count="17" type="stmt"/>
        <line num="15" count="17" type="stmt"/>
        <line num="16" count="17" type="stmt"/>
        <line num="17" count="17" type="stmt"/>
        <line num="18" count="17" type="stmt"/>
      </file>
    </package>
  </project>
</coverage>
