{"C:\\Users\\mekha\\OneDrive\\Desktop\\Projects\\ahmedabadmetro\\src\\data\\fareData.ts": {"path":"C:\\Users\\mekha\\OneDrive\\Desktop\\Projects\\ahmedabadmetro\\src\\data\\fareData.ts","statementMap":{"0":{"start":{"line":4,"column":63},"end":{"line":23,"column":null}},"1":{"start":{"line":28,"column":62},"end":{"line":43,"column":null}},"2":{"start":{"line":48,"column":49},"end":{"line":68,"column":null}},"3":{"start":{"line":73,"column":48},"end":{"line":93,"column":null}},"4":{"start":{"line":98,"column":48},"end":{"line":114,"column":null}}},"fnMap":{},"branchMap":{},"s":{"0":1,"1":1,"2":1,"3":1,"4":1},"f":{},"b":{},"meta":{"lastBranch":0,"lastFunction":0,"lastStatement":5,"seen":{"s:4:63:23:Infinity":0,"s:28:62:43:Infinity":1,"s:48:49:68:Infinity":2,"s:73:48:93:Infinity":3,"s:98:48:114:Infinity":4},"fnNames":{}}}
,"C:\\Users\\mekha\\OneDrive\\Desktop\\Projects\\ahmedabadmetro\\src\\data\\metroData.ts": {"path":"C:\\Users\\mekha\\OneDrive\\Desktop\\Projects\\ahmedabadmetro\\src\\data\\metroData.ts","statementMap":{"0":{"start":{"line":14,"column":27},"end":{"line":19,"column":null}},"1":{"start":{"line":22,"column":49},"end":{"line":85,"column":null}}},"fnMap":{},"branchMap":{},"s":{"0":2,"1":2},"f":{},"b":{},"meta":{"lastBranch":0,"lastFunction":0,"lastStatement":2,"seen":{"s:14:27:19:Infinity":0,"s:22:49:85:Infinity":1},"fnNames":{}}}
,"C:\\Users\\mekha\\OneDrive\\Desktop\\Projects\\ahmedabadmetro\\src\\data\\segmentTimings.ts": {"path":"C:\\Users\\mekha\\OneDrive\\Desktop\\Projects\\ahmedabadmetro\\src\\data\\segmentTimings.ts","statementMap":{"0":{"start":{"line":6,"column":27},"end":{"line":6,"column":30}},"1":{"start":{"line":7,"column":32},"end":{"line":7,"column":35}},"2":{"start":{"line":10,"column":36},"end":{"line":10,"column":null}},"3":{"start":{"line":36,"column":42},"end":{"line":41,"column":null}},"4":{"start":{"line":44,"column":47},"end":{"line":49,"column":null}},"5":{"start":{"line":52,"column":29},"end":{"line":52,"column":null}},"6":{"start":{"line":55,"column":48},"end":{"line":60,"column":null}},"7":{"start":{"line":63,"column":30},"end":{"line":63,"column":null}},"8":{"start":{"line":66,"column":47},"end":{"line":71,"column":null}},"9":{"start":{"line":74,"column":47},"end":{"line":79,"column":null}},"10":{"start":{"line":82,"column":60},"end":{"line":87,"column":null}},"11":{"start":{"line":90,"column":36},"end":{"line":95,"column":null}},"12":{"start":{"line":98,"column":42},"end":{"line":106,"column":null}},"13":{"start":{"line":109,"column":38},"end":{"line":118,"column":null}},"14":{"start":{"line":122,"column":22},"end":{"line":122,"column":null}},"15":{"start":{"line":123,"column":31},"end":{"line":123,"column":48}},"16":{"start":{"line":126,"column":25},"end":{"line":126,"column":null}},"17":{"start":{"line":127,"column":20},"end":{"line":127,"column":null}},"18":{"start":{"line":128,"column":2},"end":{"line":134,"column":null}},"19":{"start":{"line":128,"column":15},"end":{"line":128,"column":18}},"20":{"start":{"line":129,"column":4},"end":{"line":133,"column":null}},"21":{"start":{"line":130,"column":6},"end":{"line":130,"column":null}},"22":{"start":{"line":132,"column":6},"end":{"line":132,"column":null}},"23":{"start":{"line":136,"column":24},"end":{"line":136,"column":96}},"24":{"start":{"line":137,"column":28},"end":{"line":137,"column":null}},"25":{"start":{"line":138,"column":2},"end":{"line":138,"column":null}},"26":{"start":{"line":141,"column":2},"end":{"line":141,"column":35}},"27":{"start":{"line":142,"column":19},"end":{"line":142,"column":null}},"28":{"start":{"line":144,"column":2},"end":{"line":156,"column":null}},"29":{"start":{"line":144,"column":15},"end":{"line":144,"column":18}},"30":{"start":{"line":146,"column":4},"end":{"line":146,"column":null}},"31":{"start":{"line":149,"column":4},"end":{"line":153,"column":null}},"32":{"start":{"line":150,"column":26},"end":{"line":150,"column":49}},"33":{"start":{"line":151,"column":23},"end":{"line":151,"column":null}},"34":{"start":{"line":152,"column":6},"end":{"line":152,"column":null}},"35":{"start":{"line":155,"column":4},"end":{"line":155,"column":null}},"36":{"start":{"line":160,"column":0},"end":{"line":160,"column":null}},"37":{"start":{"line":161,"column":0},"end":{"line":161,"column":null}},"38":{"start":{"line":162,"column":0},"end":{"line":162,"column":null}},"39":{"start":{"line":163,"column":0},"end":{"line":163,"column":null}},"40":{"start":{"line":164,"column":0},"end":{"line":164,"column":null}},"41":{"start":{"line":165,"column":0},"end":{"line":165,"column":null}},"42":{"start":{"line":166,"column":0},"end":{"line":166,"column":null}},"43":{"start":{"line":167,"column":0},"end":{"line":167,"column":null}},"44":{"start":{"line":168,"column":0},"end":{"line":168,"column":null}},"45":{"start":{"line":179,"column":29},"end":{"line":179,"column":31}},"46":{"start":{"line":180,"column":35},"end":{"line":180,"column":37}},"47":{"start":{"line":181,"column":17},"end":{"line":181,"column":null}},"48":{"start":{"line":183,"column":2},"end":{"line":200,"column":null}},"49":{"start":{"line":184,"column":4},"end":{"line":196,"column":null}},"50":{"start":{"line":186,"column":6},"end":{"line":192,"column":null}},"51":{"start":{"line":188,"column":32},"end":{"line":188,"column":51}},"52":{"start":{"line":189,"column":25},"end":{"line":189,"column":null}},"53":{"start":{"line":190,"column":8},"end":{"line":190,"column":null}},"54":{"start":{"line":191,"column":8},"end":{"line":191,"column":null}},"55":{"start":{"line":194,"column":6},"end":{"line":194,"column":null}},"56":{"start":{"line":195,"column":6},"end":{"line":195,"column":null}},"57":{"start":{"line":199,"column":4},"end":{"line":199,"column":null}},"58":{"start":{"line":203,"column":2},"end":{"line":206,"column":null}},"59":{"start":{"line":205,"column":44},"end":{"line":205,"column":null}},"60":{"start":{"line":210,"column":28},"end":{"line":215,"column":null}},"61":{"start":{"line":218,"column":32},"end":{"line":230,"column":null}},"62":{"start":{"line":233,"column":40},"end":{"line":273,"column":null}},"63":{"start":{"line":236,"column":20},"end":{"line":236,"column":47}},"64":{"start":{"line":237,"column":20},"end":{"line":237,"column":77}},"65":{"start":{"line":238,"column":4},"end":{"line":241,"column":null}},"66":{"start":{"line":240,"column":54},"end":{"line":240,"column":67}},"67":{"start":{"line":246,"column":20},"end":{"line":246,"column":54}},"68":{"start":{"line":247,"column":20},"end":{"line":247,"column":77}},"69":{"start":{"line":248,"column":4},"end":{"line":251,"column":null}},"70":{"start":{"line":250,"column":54},"end":{"line":250,"column":67}},"71":{"start":{"line":256,"column":20},"end":{"line":256,"column":56}},"72":{"start":{"line":257,"column":20},"end":{"line":257,"column":77}},"73":{"start":{"line":258,"column":4},"end":{"line":261,"column":null}},"74":{"start":{"line":260,"column":54},"end":{"line":260,"column":67}},"75":{"start":{"line":266,"column":20},"end":{"line":266,"column":47}},"76":{"start":{"line":267,"column":20},"end":{"line":267,"column":77}},"77":{"start":{"line":268,"column":4},"end":{"line":271,"column":null}},"78":{"start":{"line":270,"column":54},"end":{"line":270,"column":67}}},"fnMap":{"0":{"name":"calculateSectionTimes","decl":{"start":{"line":121,"column":9},"end":{"line":121,"column":31}},"loc":{"start":{"line":121,"column":53},"end":{"line":157,"column":null}},"line":121},"1":{"name":"joinSections","decl":{"start":{"line":178,"column":16},"end":{"line":178,"column":29}},"loc":{"start":{"line":178,"column":57},"end":{"line":207,"column":null}},"line":178},"2":{"name":"(anonymous_2)","decl":{"start":{"line":183,"column":19},"end":{"line":183,"column":20}},"loc":{"start":{"line":183,"column":29},"end":{"line":200,"column":null}},"line":183},"3":{"name":"(anonymous_3)","decl":{"start":{"line":184,"column":29},"end":{"line":184,"column":30}},"loc":{"start":{"line":184,"column":39},"end":{"line":196,"column":null}},"line":184},"4":{"name":"(anonymous_4)","decl":{"start":{"line":205,"column":39},"end":{"line":205,"column":44}},"loc":{"start":{"line":205,"column":44},"end":{"line":205,"column":null}},"line":205},"5":{"name":"(anonymous_5)","decl":{"start":{"line":235,"column":15},"end":{"line":235,"column":null}},"loc":{"start":{"line":235,"column":15},"end":{"line":242,"column":null}},"line":235},"6":{"name":"(anonymous_6)","decl":{"start":{"line":240,"column":49},"end":{"line":240,"column":54}},"loc":{"start":{"line":240,"column":54},"end":{"line":240,"column":67}},"line":240},"7":{"name":"(anonymous_7)","decl":{"start":{"line":245,"column":22},"end":{"line":245,"column":null}},"loc":{"start":{"line":245,"column":22},"end":{"line":252,"column":null}},"line":245},"8":{"name":"(anonymous_8)","decl":{"start":{"line":250,"column":49},"end":{"line":250,"column":54}},"loc":{"start":{"line":250,"column":54},"end":{"line":250,"column":67}},"line":250},"9":{"name":"(anonymous_9)","decl":{"start":{"line":255,"column":24},"end":{"line":255,"column":null}},"loc":{"start":{"line":255,"column":24},"end":{"line":262,"column":null}},"line":255},"10":{"name":"(anonymous_10)","decl":{"start":{"line":260,"column":49},"end":{"line":260,"column":54}},"loc":{"start":{"line":260,"column":54},"end":{"line":260,"column":67}},"line":260},"11":{"name":"(anonymous_11)","decl":{"start":{"line":265,"column":15},"end":{"line":265,"column":null}},"loc":{"start":{"line":265,"column":15},"end":{"line":272,"column":null}},"line":265},"12":{"name":"(anonymous_12)","decl":{"start":{"line":270,"column":49},"end":{"line":270,"column":54}},"loc":{"start":{"line":270,"column":54},"end":{"line":270,"column":67}},"line":270}},"branchMap":{"0":{"loc":{"start":{"line":129,"column":4},"end":{"line":133,"column":null}},"type":"if","locations":[{"start":{"line":129,"column":4},"end":{"line":133,"column":null}},{"start":{"line":131,"column":11},"end":{"line":133,"column":null}}],"line":129},"1":{"loc":{"start":{"line":149,"column":4},"end":{"line":153,"column":null}},"type":"if","locations":[{"start":{"line":149,"column":4},"end":{"line":153,"column":null}},{"start":{},"end":{}}],"line":149},"2":{"loc":{"start":{"line":151,"column":23},"end":{"line":151,"column":null}},"type":"cond-expr","locations":[{"start":{"line":151,"column":68},"end":{"line":151,"column":87}},{"start":{"line":151,"column":87},"end":{"line":151,"column":null}}],"line":151},"3":{"loc":{"start":{"line":186,"column":6},"end":{"line":192,"column":null}},"type":"if","locations":[{"start":{"line":186,"column":6},"end":{"line":192,"column":null}},{"start":{},"end":{}}],"line":186},"4":{"loc":{"start":{"line":186,"column":10},"end":{"line":186,"column":46}},"type":"binary-expr","locations":[{"start":{"line":186,"column":10},"end":{"line":186,"column":28}},{"start":{"line":186,"column":28},"end":{"line":186,"column":46}}],"line":186},"5":{"loc":{"start":{"line":189,"column":25},"end":{"line":189,"column":null}},"type":"cond-expr","locations":[{"start":{"line":189,"column":74},"end":{"line":189,"column":93}},{"start":{"line":189,"column":93},"end":{"line":189,"column":null}}],"line":189}},"s":{"0":2,"1":2,"2":2,"3":2,"4":2,"5":2,"6":2,"7":2,"8":2,"9":2,"10":2,"11":2,"12":2,"13":2,"14":18,"15":18,"16":18,"17":18,"18":18,"19":18,"20":86,"21":0,"22":86,"23":18,"24":18,"25":18,"26":18,"27":18,"28":18,"29":18,"30":104,"31":104,"32":86,"33":86,"34":86,"35":104,"36":2,"37":2,"38":2,"39":2,"40":2,"41":2,"42":2,"43":2,"44":2,"45":16,"46":16,"47":16,"48":16,"49":54,"50":368,"51":38,"52":38,"53":38,"54":38,"55":330,"56":330,"57":54,"58":16,"59":330,"60":2,"61":2,"62":2,"63":2,"64":2,"65":2,"66":44,"67":2,"68":2,"69":2,"70":58,"71":2,"72":2,"73":2,"74":68,"75":2,"76":2,"77":2,"78":48},"f":{"0":18,"1":16,"2":54,"3":368,"4":330,"5":2,"6":44,"7":2,"8":58,"9":2,"10":68,"11":2,"12":48},"b":{"0":[0,86],"1":[86,18],"2":[0,86],"3":[38,330],"4":[368,260],"5":[28,10]},"meta":{"lastBranch":6,"lastFunction":13,"lastStatement":79,"seen":{"s:6:27:6:30":0,"s:7:32:7:35":1,"s:10:36:10:Infinity":2,"s:36:42:41:Infinity":3,"s:44:47:49:Infinity":4,"s:52:29:52:Infinity":5,"s:55:48:60:Infinity":6,"s:63:30:63:Infinity":7,"s:66:47:71:Infinity":8,"s:74:47:79:Infinity":9,"s:82:60:87:Infinity":10,"s:90:36:95:Infinity":11,"s:98:42:106:Infinity":12,"s:109:38:118:Infinity":13,"f:121:9:121:31":0,"s:122:22:122:Infinity":14,"s:123:31:123:48":15,"s:126:25:126:Infinity":16,"s:127:20:127:Infinity":17,"s:128:2:134:Infinity":18,"s:128:15:128:18":19,"b:129:4:133:Infinity:131:11:133:Infinity":0,"s:129:4:133:Infinity":20,"s:130:6:130:Infinity":21,"s:132:6:132:Infinity":22,"s:136:24:136:96":23,"s:137:28:137:Infinity":24,"s:138:2:138:Infinity":25,"s:141:2:141:35":26,"s:142:19:142:Infinity":27,"s:144:2:156:Infinity":28,"s:144:15:144:18":29,"s:146:4:146:Infinity":30,"b:149:4:153:Infinity:undefined:undefined:undefined:undefined":1,"s:149:4:153:Infinity":31,"s:150:26:150:49":32,"s:151:23:151:Infinity":33,"b:151:68:151:87:151:87:151:Infinity":2,"s:152:6:152:Infinity":34,"s:155:4:155:Infinity":35,"s:160:0:160:Infinity":36,"s:161:0:161:Infinity":37,"s:162:0:162:Infinity":38,"s:163:0:163:Infinity":39,"s:164:0:164:Infinity":40,"s:165:0:165:Infinity":41,"s:166:0:166:Infinity":42,"s:167:0:167:Infinity":43,"s:168:0:168:Infinity":44,"f:178:16:178:29":1,"s:179:29:179:31":45,"s:180:35:180:37":46,"s:181:17:181:Infinity":47,"s:183:2:200:Infinity":48,"f:183:19:183:20":2,"s:184:4:196:Infinity":49,"f:184:29:184:30":3,"b:186:6:192:Infinity:undefined:undefined:undefined:undefined":3,"s:186:6:192:Infinity":50,"b:186:10:186:28:186:28:186:46":4,"s:188:32:188:51":51,"s:189:25:189:Infinity":52,"b:189:74:189:93:189:93:189:Infinity":5,"s:190:8:190:Infinity":53,"s:191:8:191:Infinity":54,"s:194:6:194:Infinity":55,"s:195:6:195:Infinity":56,"s:199:4:199:Infinity":57,"s:203:2:206:Infinity":58,"f:205:39:205:44":4,"s:205:44:205:Infinity":59,"s:210:28:215:Infinity":60,"s:218:32:230:Infinity":61,"s:233:40:273:Infinity":62,"f:235:15:235:Infinity":5,"s:236:20:236:47":63,"s:237:20:237:77":64,"s:238:4:241:Infinity":65,"f:240:49:240:54":6,"s:240:54:240:67":66,"f:245:22:245:Infinity":7,"s:246:20:246:54":67,"s:247:20:247:77":68,"s:248:4:251:Infinity":69,"f:250:49:250:54":8,"s:250:54:250:67":70,"f:255:24:255:Infinity":9,"s:256:20:256:56":71,"s:257:20:257:77":72,"s:258:4:261:Infinity":73,"f:260:49:260:54":10,"s:260:54:260:67":74,"f:265:15:265:Infinity":11,"s:266:20:266:47":75,"s:267:20:267:77":76,"s:268:4:271:Infinity":77,"f:270:49:270:54":12,"s:270:54:270:67":78},"fnNames":{}}}
,"C:\\Users\\mekha\\OneDrive\\Desktop\\Projects\\ahmedabadmetro\\src\\data\\timetable.ts": {"path":"C:\\Users\\mekha\\OneDrive\\Desktop\\Projects\\ahmedabadmetro\\src\\data\\timetable.ts","statementMap":{"0":{"start":{"line":22,"column":15},"end":{"line":22,"column":null}},"1":{"start":{"line":23,"column":47},"end":{"line":23,"column":68}},"2":{"start":{"line":28,"column":83},"end":{"line":33,"column":null}},"3":{"start":{"line":38,"column":42},"end":{"line":51,"column":null}},"4":{"start":{"line":39,"column":15},"end":{"line":39,"column":null}},"5":{"start":{"line":40,"column":36},"end":{"line":40,"column":38}},"6":{"start":{"line":41,"column":2},"end":{"line":49,"column":null}},"7":{"start":{"line":42,"column":4},"end":{"line":48,"column":null}},"8":{"start":{"line":42,"column":17},"end":{"line":42,"column":20}},"9":{"start":{"line":43,"column":18},"end":{"line":43,"column":71}},"10":{"start":{"line":44,"column":6},"end":{"line":47,"column":null}},"11":{"start":{"line":45,"column":8},"end":{"line":45,"column":null}},"12":{"start":{"line":46,"column":8},"end":{"line":46,"column":null}},"13":{"start":{"line":50,"column":2},"end":{"line":50,"column":null}},"14":{"start":{"line":54,"column":24},"end":{"line":102,"column":null}},"15":{"start":{"line":104,"column":33},"end":{"line":126,"column":null}},"16":{"start":{"line":105,"column":8},"end":{"line":105,"column":null}},"17":{"start":{"line":106,"column":15},"end":{"line":106,"column":null}},"18":{"start":{"line":107,"column":20},"end":{"line":107,"column":null}},"19":{"start":{"line":108,"column":19},"end":{"line":108,"column":null}},"20":{"start":{"line":109,"column":21},"end":{"line":109,"column":null}},"21":{"start":{"line":110,"column":21},"end":{"line":110,"column":null}},"22":{"start":{"line":112,"column":2},"end":{"line":125,"column":null}},"23":{"start":{"line":114,"column":6},"end":{"line":114,"column":null}},"24":{"start":{"line":114,"column":20},"end":{"line":114,"column":null}},"25":{"start":{"line":115,"column":6},"end":{"line":115,"column":null}},"26":{"start":{"line":115,"column":22},"end":{"line":115,"column":null}},"27":{"start":{"line":116,"column":6},"end":{"line":116,"column":null}},"28":{"start":{"line":118,"column":6},"end":{"line":118,"column":null}},"29":{"start":{"line":120,"column":6},"end":{"line":120,"column":null}},"30":{"start":{"line":122,"column":6},"end":{"line":122,"column":null}},"31":{"start":{"line":124,"column":6},"end":{"line":124,"column":null}},"32":{"start":{"line":128,"column":18},"end":{"line":131,"column":null}},"33":{"start":{"line":129,"column":17},"end":{"line":129,"column":null}},"34":{"start":{"line":130,"column":2},"end":{"line":130,"column":null}},"35":{"start":{"line":133,"column":26},"end":{"line":137,"column":null}},"36":{"start":{"line":134,"column":15},"end":{"line":134,"column":null}},"37":{"start":{"line":135,"column":2},"end":{"line":135,"column":null}},"38":{"start":{"line":135,"column":12},"end":{"line":135,"column":null}},"39":{"start":{"line":136,"column":2},"end":{"line":136,"column":null}},"40":{"start":{"line":136,"column":60},"end":{"line":136,"column":null}},"41":{"start":{"line":141,"column":31},"end":{"line":154,"column":null}},"42":{"start":{"line":142,"column":15},"end":{"line":142,"column":null}},"43":{"start":{"line":143,"column":2},"end":{"line":153,"column":null}},"44":{"start":{"line":144,"column":4},"end":{"line":144,"column":null}},"45":{"start":{"line":145,"column":9},"end":{"line":153,"column":null}},"46":{"start":{"line":146,"column":4},"end":{"line":146,"column":null}},"47":{"start":{"line":147,"column":9},"end":{"line":153,"column":null}},"48":{"start":{"line":148,"column":4},"end":{"line":148,"column":null}},"49":{"start":{"line":149,"column":9},"end":{"line":153,"column":null}},"50":{"start":{"line":150,"column":4},"end":{"line":150,"column":null}},"51":{"start":{"line":152,"column":4},"end":{"line":152,"column":null}},"52":{"start":{"line":157,"column":33},"end":{"line":232,"column":null}},"53":{"start":{"line":158,"column":8},"end":{"line":158,"column":null}},"54":{"start":{"line":159,"column":25},"end":{"line":159,"column":null}},"55":{"start":{"line":160,"column":20},"end":{"line":160,"column":null}},"56":{"start":{"line":161,"column":25},"end":{"line":161,"column":null}},"57":{"start":{"line":173,"column":8},"end":{"line":173,"column":10}},"58":{"start":{"line":175,"column":2},"end":{"line":212,"column":null}},"59":{"start":{"line":177,"column":4},"end":{"line":177,"column":null}},"60":{"start":{"line":177,"column":130},"end":{"line":177,"column":null}},"61":{"start":{"line":178,"column":25},"end":{"line":178,"column":null}},"62":{"start":{"line":179,"column":4},"end":{"line":179,"column":null}},"63":{"start":{"line":179,"column":29},"end":{"line":179,"column":null}},"64":{"start":{"line":180,"column":4},"end":{"line":180,"column":65}},"65":{"start":{"line":180,"column":55},"end":{"line":180,"column":65}},"66":{"start":{"line":183,"column":25},"end":{"line":183,"column":null}},"67":{"start":{"line":184,"column":27},"end":{"line":184,"column":77}},"68":{"start":{"line":186,"column":22},"end":{"line":186,"column":null}},"69":{"start":{"line":187,"column":4},"end":{"line":190,"column":null}},"70":{"start":{"line":189,"column":6},"end":{"line":189,"column":null}},"71":{"start":{"line":192,"column":4},"end":{"line":211,"column":null}},"72":{"start":{"line":193,"column":26},"end":{"line":193,"column":null}},"73":{"start":{"line":194,"column":25},"end":{"line":194,"column":null}},"74":{"start":{"line":196,"column":28},"end":{"line":196,"column":75}},"75":{"start":{"line":197,"column":26},"end":{"line":197,"column":39}},"76":{"start":{"line":198,"column":27},"end":{"line":198,"column":null}},"77":{"start":{"line":200,"column":6},"end":{"line":210,"column":null}},"78":{"start":{"line":214,"column":17},"end":{"line":214,"column":null}},"79":{"start":{"line":214,"column":41},"end":{"line":214,"column":70}},"80":{"start":{"line":215,"column":23},"end":{"line":215,"column":25}},"81":{"start":{"line":217,"column":2},"end":{"line":229,"column":null}},"82":{"start":{"line":220,"column":23},"end":{"line":223,"column":null}},"83":{"start":{"line":221,"column":11},"end":{"line":223,"column":null}},"84":{"start":{"line":226,"column":4},"end":{"line":228,"column":null}},"85":{"start":{"line":227,"column":6},"end":{"line":227,"column":null}},"86":{"start":{"line":231,"column":2},"end":{"line":231,"column":null}},"87":{"start":{"line":234,"column":38},"end":{"line":283,"column":null}},"88":{"start":{"line":235,"column":132},"end":{"line":235,"column":134}},"89":{"start":{"line":236,"column":8},"end":{"line":236,"column":null}},"90":{"start":{"line":237,"column":20},"end":{"line":237,"column":null}},"91":{"start":{"line":238,"column":25},"end":{"line":238,"column":null}},"92":{"start":{"line":240,"column":2},"end":{"line":263,"column":null}},"93":{"start":{"line":241,"column":4},"end":{"line":241,"column":null}},"94":{"start":{"line":241,"column":130},"end":{"line":241,"column":null}},"95":{"start":{"line":242,"column":25},"end":{"line":242,"column":null}},"96":{"start":{"line":243,"column":4},"end":{"line":243,"column":null}},"97":{"start":{"line":243,"column":29},"end":{"line":243,"column":null}},"98":{"start":{"line":244,"column":4},"end":{"line":244,"column":65}},"99":{"start":{"line":244,"column":55},"end":{"line":244,"column":65}},"100":{"start":{"line":246,"column":25},"end":{"line":246,"column":null}},"101":{"start":{"line":247,"column":27},"end":{"line":247,"column":77}},"102":{"start":{"line":249,"column":24},"end":{"line":249,"column":null}},"103":{"start":{"line":250,"column":23},"end":{"line":250,"column":null}},"104":{"start":{"line":252,"column":26},"end":{"line":252,"column":73}},"105":{"start":{"line":253,"column":24},"end":{"line":253,"column":37}},"106":{"start":{"line":255,"column":4},"end":{"line":262,"column":null}},"107":{"start":{"line":265,"column":17},"end":{"line":265,"column":null}},"108":{"start":{"line":265,"column":39},"end":{"line":265,"column":60}},"109":{"start":{"line":266,"column":23},"end":{"line":266,"column":25}},"110":{"start":{"line":268,"column":2},"end":{"line":280,"column":null}},"111":{"start":{"line":271,"column":23},"end":{"line":274,"column":null}},"112":{"start":{"line":272,"column":11},"end":{"line":274,"column":null}},"113":{"start":{"line":277,"column":4},"end":{"line":279,"column":null}},"114":{"start":{"line":278,"column":6},"end":{"line":278,"column":null}},"115":{"start":{"line":282,"column":2},"end":{"line":282,"column":null}},"116":{"start":{"line":282,"column":60},"end":{"line":282,"column":null}},"117":{"start":{"line":285,"column":36},"end":{"line":333,"column":null}},"118":{"start":{"line":286,"column":8},"end":{"line":286,"column":null}},"119":{"start":{"line":287,"column":25},"end":{"line":287,"column":null}},"120":{"start":{"line":289,"column":32},"end":{"line":289,"column":null}},"121":{"start":{"line":290,"column":20},"end":{"line":290,"column":null}},"122":{"start":{"line":291,"column":25},"end":{"line":291,"column":null}},"123":{"start":{"line":293,"column":2},"end":{"line":308,"column":null}},"124":{"start":{"line":294,"column":4},"end":{"line":294,"column":null}},"125":{"start":{"line":294,"column":130},"end":{"line":294,"column":null}},"126":{"start":{"line":295,"column":25},"end":{"line":295,"column":null}},"127":{"start":{"line":296,"column":4},"end":{"line":296,"column":null}},"128":{"start":{"line":296,"column":78},"end":{"line":296,"column":null}},"129":{"start":{"line":298,"column":25},"end":{"line":298,"column":null}},"130":{"start":{"line":299,"column":27},"end":{"line":299,"column":77}},"131":{"start":{"line":301,"column":26},"end":{"line":301,"column":73}},"132":{"start":{"line":302,"column":24},"end":{"line":302,"column":37}},"133":{"start":{"line":303,"column":21},"end":{"line":303,"column":null}},"134":{"start":{"line":305,"column":4},"end":{"line":307,"column":null}},"135":{"start":{"line":306,"column":6},"end":{"line":306,"column":null}},"136":{"start":{"line":315,"column":8},"end":{"line":315,"column":10}},"137":{"start":{"line":317,"column":2},"end":{"line":330,"column":null}},"138":{"start":{"line":318,"column":29},"end":{"line":318,"column":null}},"139":{"start":{"line":319,"column":4},"end":{"line":329,"column":null}},"140":{"start":{"line":320,"column":26},"end":{"line":320,"column":null}},"141":{"start":{"line":321,"column":25},"end":{"line":321,"column":null}},"142":{"start":{"line":323,"column":6},"end":{"line":328,"column":null}},"143":{"start":{"line":332,"column":2},"end":{"line":332,"column":null}},"144":{"start":{"line":332,"column":33},"end":{"line":332,"column":72}},"145":{"start":{"line":336,"column":20},"end":{"line":336,"column":null}},"146":{"start":{"line":337,"column":45},"end":{"line":337,"column":47}},"147":{"start":{"line":350,"column":40},"end":{"line":475,"column":null}},"148":{"start":{"line":351,"column":8},"end":{"line":351,"column":null}},"149":{"start":{"line":353,"column":4},"end":{"line":356,"column":null}},"150":{"start":{"line":358,"column":37},"end":{"line":358,"column":39}},"151":{"start":{"line":360,"column":20},"end":{"line":360,"column":null}},"152":{"start":{"line":361,"column":25},"end":{"line":361,"column":null}},"153":{"start":{"line":364,"column":2},"end":{"line":373,"column":null}},"154":{"start":{"line":365,"column":4},"end":{"line":365,"column":null}},"155":{"start":{"line":366,"column":4},"end":{"line":366,"column":null}},"156":{"start":{"line":366,"column":55},"end":{"line":366,"column":null}},"157":{"start":{"line":368,"column":4},"end":{"line":372,"column":null}},"158":{"start":{"line":369,"column":6},"end":{"line":371,"column":null}},"159":{"start":{"line":370,"column":8},"end":{"line":370,"column":null}},"160":{"start":{"line":375,"column":2},"end":{"line":452,"column":null}},"161":{"start":{"line":376,"column":25},"end":{"line":376,"column":53}},"162":{"start":{"line":377,"column":24},"end":{"line":377,"column":79}},"163":{"start":{"line":380,"column":27},"end":{"line":380,"column":74}},"164":{"start":{"line":381,"column":31},"end":{"line":381,"column":null}},"165":{"start":{"line":382,"column":33},"end":{"line":382,"column":null}},"166":{"start":{"line":384,"column":23},"end":{"line":384,"column":null}},"167":{"start":{"line":387,"column":4},"end":{"line":387,"column":null}},"168":{"start":{"line":387,"column":70},"end":{"line":387,"column":null}},"169":{"start":{"line":390,"column":27},"end":{"line":390,"column":null}},"170":{"start":{"line":392,"column":18},"end":{"line":392,"column":null}},"171":{"start":{"line":393,"column":16},"end":{"line":393,"column":null}},"172":{"start":{"line":396,"column":4},"end":{"line":410,"column":null}},"173":{"start":{"line":396,"column":17},"end":{"line":396,"column":20}},"174":{"start":{"line":399,"column":6},"end":{"line":403,"column":null}},"175":{"start":{"line":400,"column":8},"end":{"line":400,"column":null}},"176":{"start":{"line":401,"column":8},"end":{"line":401,"column":null}},"177":{"start":{"line":402,"column":8},"end":{"line":402,"column":null}},"178":{"start":{"line":406,"column":6},"end":{"line":409,"column":null}},"179":{"start":{"line":407,"column":8},"end":{"line":407,"column":null}},"180":{"start":{"line":408,"column":8},"end":{"line":408,"column":null}},"181":{"start":{"line":413,"column":26},"end":{"line":413,"column":52}},"182":{"start":{"line":414,"column":24},"end":{"line":414,"column":48}},"183":{"start":{"line":415,"column":4},"end":{"line":415,"column":null}},"184":{"start":{"line":415,"column":40},"end":{"line":415,"column":null}},"185":{"start":{"line":417,"column":23},"end":{"line":417,"column":53}},"186":{"start":{"line":418,"column":23},"end":{"line":418,"column":51}},"187":{"start":{"line":421,"column":23},"end":{"line":421,"column":null}},"188":{"start":{"line":422,"column":4},"end":{"line":425,"column":null}},"189":{"start":{"line":423,"column":28},"end":{"line":423,"column":null}},"190":{"start":{"line":424,"column":6},"end":{"line":424,"column":null}},"191":{"start":{"line":427,"column":27},"end":{"line":427,"column":null}},"192":{"start":{"line":429,"column":39},"end":{"line":429,"column":null}},"193":{"start":{"line":430,"column":19},"end":{"line":430,"column":null}},"194":{"start":{"line":432,"column":4},"end":{"line":439,"column":null}},"195":{"start":{"line":433,"column":6},"end":{"line":433,"column":null}},"196":{"start":{"line":434,"column":6},"end":{"line":434,"column":null}},"197":{"start":{"line":436,"column":6},"end":{"line":436,"column":null}},"198":{"start":{"line":437,"column":29},"end":{"line":437,"column":null}},"199":{"start":{"line":438,"column":6},"end":{"line":438,"column":null}},"200":{"start":{"line":441,"column":26},"end":{"line":441,"column":73}},"201":{"start":{"line":443,"column":4},"end":{"line":451,"column":null}},"202":{"start":{"line":457,"column":71},"end":{"line":457,"column":73}},"203":{"start":{"line":459,"column":2},"end":{"line":472,"column":null}},"204":{"start":{"line":463,"column":32},"end":{"line":466,"column":null}},"205":{"start":{"line":464,"column":12},"end":{"line":466,"column":null}},"206":{"start":{"line":469,"column":4},"end":{"line":471,"column":null}},"207":{"start":{"line":470,"column":6},"end":{"line":470,"column":null}},"208":{"start":{"line":474,"column":2},"end":{"line":474,"column":null}}},"fnMap":{"0":{"name":"(anonymous_0)","decl":{"start":{"line":38,"column":42},"end":{"line":38,"column":null}},"loc":{"start":{"line":38,"column":42},"end":{"line":51,"column":null}},"line":38},"1":{"name":"(anonymous_1)","decl":{"start":{"line":104,"column":33},"end":{"line":104,"column":34}},"loc":{"start":{"line":104,"column":34},"end":{"line":126,"column":null}},"line":104},"2":{"name":"(anonymous_2)","decl":{"start":{"line":128,"column":18},"end":{"line":128,"column":19}},"loc":{"start":{"line":128,"column":19},"end":{"line":131,"column":null}},"line":128},"3":{"name":"(anonymous_3)","decl":{"start":{"line":133,"column":26},"end":{"line":133,"column":27}},"loc":{"start":{"line":133,"column":27},"end":{"line":137,"column":null}},"line":133},"4":{"name":"(anonymous_4)","decl":{"start":{"line":136,"column":55},"end":{"line":136,"column":60}},"loc":{"start":{"line":136,"column":60},"end":{"line":136,"column":null}},"line":136},"5":{"name":"(anonymous_5)","decl":{"start":{"line":141,"column":31},"end":{"line":141,"column":32}},"loc":{"start":{"line":141,"column":32},"end":{"line":154,"column":null}},"line":141},"6":{"name":"(anonymous_6)","decl":{"start":{"line":157,"column":33},"end":{"line":157,"column":34}},"loc":{"start":{"line":157,"column":62},"end":{"line":232,"column":null}},"line":157},"7":{"name":"(anonymous_7)","decl":{"start":{"line":214,"column":31},"end":{"line":214,"column":32}},"loc":{"start":{"line":214,"column":41},"end":{"line":214,"column":70}},"line":214},"8":{"name":"(anonymous_8)","decl":{"start":{"line":221,"column":6},"end":{"line":221,"column":11}},"loc":{"start":{"line":221,"column":11},"end":{"line":223,"column":null}},"line":221},"9":{"name":"(anonymous_9)","decl":{"start":{"line":234,"column":38},"end":{"line":234,"column":39}},"loc":{"start":{"line":234,"column":39},"end":{"line":283,"column":null}},"line":234},"10":{"name":"(anonymous_10)","decl":{"start":{"line":265,"column":29},"end":{"line":265,"column":30}},"loc":{"start":{"line":265,"column":39},"end":{"line":265,"column":60}},"line":265},"11":{"name":"(anonymous_11)","decl":{"start":{"line":272,"column":6},"end":{"line":272,"column":11}},"loc":{"start":{"line":272,"column":11},"end":{"line":274,"column":null}},"line":272},"12":{"name":"(anonymous_12)","decl":{"start":{"line":282,"column":26},"end":{"line":282,"column":27}},"loc":{"start":{"line":282,"column":60},"end":{"line":282,"column":null}},"line":282},"13":{"name":"(anonymous_13)","decl":{"start":{"line":285,"column":36},"end":{"line":285,"column":37}},"loc":{"start":{"line":285,"column":37},"end":{"line":333,"column":null}},"line":285},"14":{"name":"(anonymous_14)","decl":{"start":{"line":317,"column":32},"end":{"line":317,"column":33}},"loc":{"start":{"line":317,"column":39},"end":{"line":330,"column":null}},"line":317},"15":{"name":"(anonymous_15)","decl":{"start":{"line":332,"column":23},"end":{"line":332,"column":24}},"loc":{"start":{"line":332,"column":33},"end":{"line":332,"column":72}},"line":332},"16":{"name":"(anonymous_16)","decl":{"start":{"line":350,"column":40},"end":{"line":350,"column":null}},"loc":{"start":{"line":350,"column":40},"end":{"line":475,"column":null}},"line":350},"17":{"name":"(anonymous_17)","decl":{"start":{"line":366,"column":50},"end":{"line":366,"column":55}},"loc":{"start":{"line":366,"column":55},"end":{"line":366,"column":null}},"line":366},"18":{"name":"(anonymous_18)","decl":{"start":{"line":368,"column":34},"end":{"line":368,"column":null}},"loc":{"start":{"line":368,"column":34},"end":{"line":372,"column":null}},"line":368},"19":{"name":"(anonymous_19)","decl":{"start":{"line":464,"column":6},"end":{"line":464,"column":12}},"loc":{"start":{"line":464,"column":12},"end":{"line":466,"column":null}},"line":464}},"branchMap":{"0":{"loc":{"start":{"line":44,"column":6},"end":{"line":47,"column":null}},"type":"if","locations":[{"start":{"line":44,"column":6},"end":{"line":47,"column":null}},{"start":{},"end":{}}],"line":44},"1":{"loc":{"start":{"line":110,"column":21},"end":{"line":110,"column":null}},"type":"binary-expr","locations":[{"start":{"line":110,"column":21},"end":{"line":110,"column":35}},{"start":{"line":110,"column":35},"end":{"line":110,"column":50}},{"start":{"line":110,"column":50},"end":{"line":110,"column":64}},{"start":{"line":110,"column":64},"end":{"line":110,"column":null}}],"line":110},"2":{"loc":{"start":{"line":112,"column":2},"end":{"line":125,"column":null}},"type":"switch","locations":[{"start":{"line":113,"column":4},"end":{"line":116,"column":null}},{"start":{"line":117,"column":4},"end":{"line":118,"column":null}},{"start":{"line":119,"column":4},"end":{"line":120,"column":null}},{"start":{"line":121,"column":4},"end":{"line":122,"column":null}},{"start":{"line":123,"column":4},"end":{"line":124,"column":null}}],"line":112},"3":{"loc":{"start":{"line":114,"column":6},"end":{"line":114,"column":null}},"type":"if","locations":[{"start":{"line":114,"column":6},"end":{"line":114,"column":null}},{"start":{},"end":{}}],"line":114},"4":{"loc":{"start":{"line":115,"column":6},"end":{"line":115,"column":null}},"type":"if","locations":[{"start":{"line":115,"column":6},"end":{"line":115,"column":null}},{"start":{},"end":{}}],"line":115},"5":{"loc":{"start":{"line":115,"column":40},"end":{"line":115,"column":62}},"type":"cond-expr","locations":[{"start":{"line":115,"column":53},"end":{"line":115,"column":58}},{"start":{"line":115,"column":58},"end":{"line":115,"column":62}}],"line":115},"6":{"loc":{"start":{"line":115,"column":69},"end":{"line":115,"column":104}},"type":"cond-expr","locations":[{"start":{"line":115,"column":82},"end":{"line":115,"column":94}},{"start":{"line":115,"column":94},"end":{"line":115,"column":104}}],"line":115},"7":{"loc":{"start":{"line":116,"column":24},"end":{"line":116,"column":45}},"type":"cond-expr","locations":[{"start":{"line":116,"column":37},"end":{"line":116,"column":41}},{"start":{"line":116,"column":41},"end":{"line":116,"column":45}}],"line":116},"8":{"loc":{"start":{"line":116,"column":52},"end":{"line":116,"column":86}},"type":"cond-expr","locations":[{"start":{"line":116,"column":65},"end":{"line":116,"column":76}},{"start":{"line":116,"column":76},"end":{"line":116,"column":86}}],"line":116},"9":{"loc":{"start":{"line":122,"column":24},"end":{"line":122,"column":45}},"type":"cond-expr","locations":[{"start":{"line":122,"column":36},"end":{"line":122,"column":41}},{"start":{"line":122,"column":41},"end":{"line":122,"column":45}}],"line":122},"10":{"loc":{"start":{"line":122,"column":52},"end":{"line":122,"column":86}},"type":"cond-expr","locations":[{"start":{"line":122,"column":64},"end":{"line":122,"column":76}},{"start":{"line":122,"column":76},"end":{"line":122,"column":86}}],"line":122},"11":{"loc":{"start":{"line":135,"column":2},"end":{"line":135,"column":null}},"type":"if","locations":[{"start":{"line":135,"column":2},"end":{"line":135,"column":null}},{"start":{},"end":{}}],"line":135},"12":{"loc":{"start":{"line":143,"column":2},"end":{"line":153,"column":null}},"type":"if","locations":[{"start":{"line":143,"column":2},"end":{"line":153,"column":null}},{"start":{"line":145,"column":9},"end":{"line":153,"column":null}}],"line":143},"13":{"loc":{"start":{"line":145,"column":9},"end":{"line":153,"column":null}},"type":"if","locations":[{"start":{"line":145,"column":9},"end":{"line":153,"column":null}},{"start":{"line":147,"column":9},"end":{"line":153,"column":null}}],"line":145},"14":{"loc":{"start":{"line":147,"column":9},"end":{"line":153,"column":null}},"type":"if","locations":[{"start":{"line":147,"column":9},"end":{"line":153,"column":null}},{"start":{"line":149,"column":9},"end":{"line":153,"column":null}}],"line":147},"15":{"loc":{"start":{"line":149,"column":9},"end":{"line":153,"column":null}},"type":"if","locations":[{"start":{"line":149,"column":9},"end":{"line":153,"column":null}},{"start":{"line":151,"column":9},"end":{"line":153,"column":null}}],"line":149},"16":{"loc":{"start":{"line":157,"column":53},"end":{"line":157,"column":62}},"type":"default-arg","locations":[{"start":{"line":157,"column":61},"end":{"line":157,"column":62}}],"line":157},"17":{"loc":{"start":{"line":161,"column":25},"end":{"line":161,"column":null}},"type":"cond-expr","locations":[{"start":{"line":161,"column":43},"end":{"line":161,"column":54}},{"start":{"line":161,"column":54},"end":{"line":161,"column":null}}],"line":161},"18":{"loc":{"start":{"line":161,"column":54},"end":{"line":161,"column":null}},"type":"cond-expr","locations":[{"start":{"line":161,"column":72},"end":{"line":161,"column":85}},{"start":{"line":161,"column":85},"end":{"line":161,"column":null}}],"line":161},"19":{"loc":{"start":{"line":177,"column":4},"end":{"line":177,"column":null}},"type":"if","locations":[{"start":{"line":177,"column":4},"end":{"line":177,"column":null}},{"start":{},"end":{}}],"line":177},"20":{"loc":{"start":{"line":177,"column":8},"end":{"line":177,"column":130}},"type":"binary-expr","locations":[{"start":{"line":177,"column":8},"end":{"line":177,"column":24}},{"start":{"line":177,"column":28},"end":{"line":177,"column":67}},{"start":{"line":177,"column":67},"end":{"line":177,"column":130}}],"line":177},"21":{"loc":{"start":{"line":177,"column":69},"end":{"line":177,"column":126}},"type":"binary-expr","locations":[{"start":{"line":177,"column":69},"end":{"line":177,"column":97}},{"start":{"line":177,"column":97},"end":{"line":177,"column":126}}],"line":177},"22":{"loc":{"start":{"line":179,"column":4},"end":{"line":179,"column":null}},"type":"if","locations":[{"start":{"line":179,"column":4},"end":{"line":179,"column":null}},{"start":{},"end":{}}],"line":179},"23":{"loc":{"start":{"line":180,"column":4},"end":{"line":180,"column":65}},"type":"if","locations":[{"start":{"line":180,"column":4},"end":{"line":180,"column":65}},{"start":{},"end":{}}],"line":180},"24":{"loc":{"start":{"line":187,"column":4},"end":{"line":190,"column":null}},"type":"if","locations":[{"start":{"line":187,"column":4},"end":{"line":190,"column":null}},{"start":{},"end":{}}],"line":187},"25":{"loc":{"start":{"line":192,"column":4},"end":{"line":211,"column":null}},"type":"if","locations":[{"start":{"line":192,"column":4},"end":{"line":211,"column":null}},{"start":{},"end":{}}],"line":192},"26":{"loc":{"start":{"line":192,"column":8},"end":{"line":192,"column":48}},"type":"binary-expr","locations":[{"start":{"line":192,"column":8},"end":{"line":192,"column":28}},{"start":{"line":192,"column":28},"end":{"line":192,"column":48}}],"line":192},"27":{"loc":{"start":{"line":221,"column":11},"end":{"line":223,"column":null}},"type":"binary-expr","locations":[{"start":{"line":221,"column":11},"end":{"line":221,"column":32}},{"start":{"line":222,"column":11},"end":{"line":222,"column":42}},{"start":{"line":223,"column":11},"end":{"line":223,"column":null}}],"line":221},"28":{"loc":{"start":{"line":226,"column":4},"end":{"line":228,"column":null}},"type":"if","locations":[{"start":{"line":226,"column":4},"end":{"line":228,"column":null}},{"start":{},"end":{}}],"line":226},"29":{"loc":{"start":{"line":238,"column":25},"end":{"line":238,"column":null}},"type":"cond-expr","locations":[{"start":{"line":238,"column":43},"end":{"line":238,"column":54}},{"start":{"line":238,"column":54},"end":{"line":238,"column":null}}],"line":238},"30":{"loc":{"start":{"line":238,"column":54},"end":{"line":238,"column":null}},"type":"cond-expr","locations":[{"start":{"line":238,"column":72},"end":{"line":238,"column":85}},{"start":{"line":238,"column":85},"end":{"line":238,"column":null}}],"line":238},"31":{"loc":{"start":{"line":241,"column":4},"end":{"line":241,"column":null}},"type":"if","locations":[{"start":{"line":241,"column":4},"end":{"line":241,"column":null}},{"start":{},"end":{}}],"line":241},"32":{"loc":{"start":{"line":241,"column":8},"end":{"line":241,"column":130}},"type":"binary-expr","locations":[{"start":{"line":241,"column":8},"end":{"line":241,"column":24}},{"start":{"line":241,"column":28},"end":{"line":241,"column":67}},{"start":{"line":241,"column":67},"end":{"line":241,"column":130}}],"line":241},"33":{"loc":{"start":{"line":241,"column":69},"end":{"line":241,"column":126}},"type":"binary-expr","locations":[{"start":{"line":241,"column":69},"end":{"line":241,"column":97}},{"start":{"line":241,"column":97},"end":{"line":241,"column":126}}],"line":241},"34":{"loc":{"start":{"line":243,"column":4},"end":{"line":243,"column":null}},"type":"if","locations":[{"start":{"line":243,"column":4},"end":{"line":243,"column":null}},{"start":{},"end":{}}],"line":243},"35":{"loc":{"start":{"line":244,"column":4},"end":{"line":244,"column":65}},"type":"if","locations":[{"start":{"line":244,"column":4},"end":{"line":244,"column":65}},{"start":{},"end":{}}],"line":244},"36":{"loc":{"start":{"line":272,"column":11},"end":{"line":274,"column":null}},"type":"binary-expr","locations":[{"start":{"line":272,"column":11},"end":{"line":272,"column":32}},{"start":{"line":273,"column":11},"end":{"line":273,"column":42}},{"start":{"line":274,"column":11},"end":{"line":274,"column":null}}],"line":272},"37":{"loc":{"start":{"line":277,"column":4},"end":{"line":279,"column":null}},"type":"if","locations":[{"start":{"line":277,"column":4},"end":{"line":279,"column":null}},{"start":{},"end":{}}],"line":277},"38":{"loc":{"start":{"line":291,"column":25},"end":{"line":291,"column":null}},"type":"cond-expr","locations":[{"start":{"line":291,"column":43},"end":{"line":291,"column":54}},{"start":{"line":291,"column":54},"end":{"line":291,"column":null}}],"line":291},"39":{"loc":{"start":{"line":291,"column":54},"end":{"line":291,"column":null}},"type":"cond-expr","locations":[{"start":{"line":291,"column":72},"end":{"line":291,"column":85}},{"start":{"line":291,"column":85},"end":{"line":291,"column":null}}],"line":291},"40":{"loc":{"start":{"line":294,"column":4},"end":{"line":294,"column":null}},"type":"if","locations":[{"start":{"line":294,"column":4},"end":{"line":294,"column":null}},{"start":{},"end":{}}],"line":294},"41":{"loc":{"start":{"line":294,"column":8},"end":{"line":294,"column":130}},"type":"binary-expr","locations":[{"start":{"line":294,"column":8},"end":{"line":294,"column":24}},{"start":{"line":294,"column":28},"end":{"line":294,"column":67}},{"start":{"line":294,"column":67},"end":{"line":294,"column":130}}],"line":294},"42":{"loc":{"start":{"line":294,"column":69},"end":{"line":294,"column":126}},"type":"binary-expr","locations":[{"start":{"line":294,"column":69},"end":{"line":294,"column":97}},{"start":{"line":294,"column":97},"end":{"line":294,"column":126}}],"line":294},"43":{"loc":{"start":{"line":296,"column":4},"end":{"line":296,"column":null}},"type":"if","locations":[{"start":{"line":296,"column":4},"end":{"line":296,"column":null}},{"start":{},"end":{}}],"line":296},"44":{"loc":{"start":{"line":296,"column":8},"end":{"line":296,"column":78}},"type":"binary-expr","locations":[{"start":{"line":296,"column":8},"end":{"line":296,"column":31}},{"start":{"line":296,"column":31},"end":{"line":296,"column":78}}],"line":296},"45":{"loc":{"start":{"line":305,"column":4},"end":{"line":307,"column":null}},"type":"if","locations":[{"start":{"line":305,"column":4},"end":{"line":307,"column":null}},{"start":{},"end":{}}],"line":305},"46":{"loc":{"start":{"line":305,"column":8},"end":{"line":305,"column":61}},"type":"binary-expr","locations":[{"start":{"line":305,"column":8},"end":{"line":305,"column":21}},{"start":{"line":305,"column":21},"end":{"line":305,"column":61}}],"line":305},"47":{"loc":{"start":{"line":319,"column":4},"end":{"line":329,"column":null}},"type":"if","locations":[{"start":{"line":319,"column":4},"end":{"line":329,"column":null}},{"start":{},"end":{}}],"line":319},"48":{"loc":{"start":{"line":319,"column":8},"end":{"line":319,"column":56}},"type":"binary-expr","locations":[{"start":{"line":319,"column":8},"end":{"line":319,"column":32}},{"start":{"line":319,"column":32},"end":{"line":319,"column":56}}],"line":319},"49":{"loc":{"start":{"line":361,"column":25},"end":{"line":361,"column":null}},"type":"cond-expr","locations":[{"start":{"line":361,"column":43},"end":{"line":361,"column":54}},{"start":{"line":361,"column":54},"end":{"line":361,"column":null}}],"line":361},"50":{"loc":{"start":{"line":361,"column":54},"end":{"line":361,"column":null}},"type":"cond-expr","locations":[{"start":{"line":361,"column":72},"end":{"line":361,"column":85}},{"start":{"line":361,"column":85},"end":{"line":361,"column":null}}],"line":361},"51":{"loc":{"start":{"line":364,"column":2},"end":{"line":373,"column":null}},"type":"if","locations":[{"start":{"line":364,"column":2},"end":{"line":373,"column":null}},{"start":{},"end":{}}],"line":364},"52":{"loc":{"start":{"line":366,"column":55},"end":{"line":366,"column":null}},"type":"binary-expr","locations":[{"start":{"line":366,"column":55},"end":{"line":366,"column":65}},{"start":{"line":366,"column":69},"end":{"line":366,"column":102}},{"start":{"line":366,"column":102},"end":{"line":366,"column":123}},{"start":{"line":366,"column":123},"end":{"line":366,"column":null}}],"line":366},"53":{"loc":{"start":{"line":369,"column":6},"end":{"line":371,"column":null}},"type":"if","locations":[{"start":{"line":369,"column":6},"end":{"line":371,"column":null}},{"start":{},"end":{}}],"line":369},"54":{"loc":{"start":{"line":382,"column":34},"end":{"line":382,"column":84}},"type":"cond-expr","locations":[{"start":{"line":382,"column":55},"end":{"line":382,"column":74}},{"start":{"line":382,"column":74},"end":{"line":382,"column":84}}],"line":382},"55":{"loc":{"start":{"line":387,"column":4},"end":{"line":387,"column":null}},"type":"if","locations":[{"start":{"line":387,"column":4},"end":{"line":387,"column":null}},{"start":{},"end":{}}],"line":387},"56":{"loc":{"start":{"line":387,"column":8},"end":{"line":387,"column":70}},"type":"binary-expr","locations":[{"start":{"line":387,"column":8},"end":{"line":387,"column":41}},{"start":{"line":387,"column":41},"end":{"line":387,"column":70}}],"line":387},"57":{"loc":{"start":{"line":399,"column":6},"end":{"line":403,"column":null}},"type":"if","locations":[{"start":{"line":399,"column":6},"end":{"line":403,"column":null}},{"start":{},"end":{}}],"line":399},"58":{"loc":{"start":{"line":399,"column":10},"end":{"line":399,"column":101}},"type":"binary-expr","locations":[{"start":{"line":399,"column":10},"end":{"line":399,"column":52}},{"start":{"line":399,"column":56},"end":{"line":399,"column":101}}],"line":399},"59":{"loc":{"start":{"line":406,"column":6},"end":{"line":409,"column":null}},"type":"if","locations":[{"start":{"line":406,"column":6},"end":{"line":409,"column":null}},{"start":{},"end":{}}],"line":406},"60":{"loc":{"start":{"line":406,"column":10},"end":{"line":406,"column":99}},"type":"binary-expr","locations":[{"start":{"line":406,"column":10},"end":{"line":406,"column":52}},{"start":{"line":406,"column":52},"end":{"line":406,"column":99}}],"line":406},"61":{"loc":{"start":{"line":415,"column":4},"end":{"line":415,"column":null}},"type":"if","locations":[{"start":{"line":415,"column":4},"end":{"line":415,"column":null}},{"start":{},"end":{}}],"line":415},"62":{"loc":{"start":{"line":415,"column":8},"end":{"line":415,"column":40}},"type":"binary-expr","locations":[{"start":{"line":415,"column":8},"end":{"line":415,"column":26}},{"start":{"line":415,"column":26},"end":{"line":415,"column":40}}],"line":415},"63":{"loc":{"start":{"line":422,"column":4},"end":{"line":425,"column":null}},"type":"if","locations":[{"start":{"line":422,"column":4},"end":{"line":425,"column":null}},{"start":{},"end":{}}],"line":422},"64":{"loc":{"start":{"line":424,"column":22},"end":{"line":424,"column":67}},"type":"cond-expr","locations":[{"start":{"line":424,"column":38},"end":{"line":424,"column":57}},{"start":{"line":424,"column":57},"end":{"line":424,"column":67}}],"line":424},"65":{"loc":{"start":{"line":432,"column":4},"end":{"line":439,"column":null}},"type":"if","locations":[{"start":{"line":432,"column":4},"end":{"line":439,"column":null}},{"start":{"line":435,"column":11},"end":{"line":439,"column":null}}],"line":432},"66":{"loc":{"start":{"line":438,"column":17},"end":{"line":438,"column":null}},"type":"cond-expr","locations":[{"start":{"line":438,"column":38},"end":{"line":438,"column":91}},{"start":{"line":438,"column":91},"end":{"line":438,"column":null}}],"line":438},"67":{"loc":{"start":{"line":464,"column":12},"end":{"line":466,"column":null}},"type":"binary-expr","locations":[{"start":{"line":464,"column":12},"end":{"line":464,"column":50}},{"start":{"line":465,"column":12},"end":{"line":465,"column":46}},{"start":{"line":466,"column":12},"end":{"line":466,"column":null}}],"line":464},"68":{"loc":{"start":{"line":469,"column":4},"end":{"line":471,"column":null}},"type":"if","locations":[{"start":{"line":469,"column":4},"end":{"line":471,"column":null}},{"start":{},"end":{}}],"line":469}},"s":{"0":2,"1":2,"2":2,"3":2,"4":0,"5":0,"6":0,"7":0,"8":0,"9":0,"10":0,"11":0,"12":0,"13":0,"14":2,"15":2,"16":3,"17":3,"18":3,"19":3,"20":3,"21":3,"22":3,"23":3,"24":1,"25":2,"26":2,"27":2,"28":0,"29":0,"30":0,"31":0,"32":2,"33":6,"34":6,"35":2,"36":9,"37":9,"38":9,"39":0,"40":0,"41":2,"42":8,"43":8,"44":2,"45":6,"46":1,"47":5,"48":1,"49":4,"50":1,"51":3,"52":2,"53":1,"54":1,"55":1,"56":1,"57":1,"58":1,"59":3,"60":0,"61":3,"62":3,"63":0,"64":3,"65":0,"66":3,"67":3,"68":3,"69":3,"70":0,"71":3,"72":3,"73":3,"74":3,"75":3,"76":3,"77":3,"78":1,"79":4,"80":1,"81":1,"82":3,"83":2,"84":3,"85":2,"86":1,"87":2,"88":0,"89":0,"90":0,"91":0,"92":0,"93":0,"94":0,"95":0,"96":0,"97":0,"98":0,"99":0,"100":0,"101":0,"102":0,"103":0,"104":0,"105":0,"106":0,"107":0,"108":0,"109":0,"110":0,"111":0,"112":0,"113":0,"114":0,"115":0,"116":0,"117":2,"118":0,"119":0,"120":0,"121":0,"122":0,"123":0,"124":0,"125":0,"126":0,"127":0,"128":0,"129":0,"130":0,"131":0,"132":0,"133":0,"134":0,"135":0,"136":0,"137":0,"138":0,"139":0,"140":0,"141":0,"142":0,"143":0,"144":0,"145":2,"146":2,"147":2,"148":1,"149":1,"150":1,"151":1,"152":1,"153":1,"154":1,"155":1,"156":3,"157":1,"158":3,"159":3,"160":1,"161":3,"162":3,"163":3,"164":3,"165":3,"166":3,"167":3,"168":0,"169":3,"170":3,"171":3,"172":3,"173":3,"174":7,"175":3,"176":3,"177":3,"178":4,"179":0,"180":0,"181":3,"182":3,"183":3,"184":0,"185":3,"186":3,"187":3,"188":3,"189":3,"190":3,"191":3,"192":3,"193":3,"194":3,"195":0,"196":0,"197":3,"198":3,"199":3,"200":3,"201":3,"202":1,"203":1,"204":3,"205":2,"206":3,"207":2,"208":1},"f":{"0":0,"1":3,"2":6,"3":9,"4":0,"5":8,"6":1,"7":4,"8":2,"9":0,"10":0,"11":0,"12":0,"13":0,"14":0,"15":0,"16":1,"17":3,"18":3,"19":2},"b":{"0":[0,0],"1":[3,3,2,0],"2":[3,0,0,0,0],"3":[1,2],"4":[0,2],"5":[0,0],"6":[0,0],"7":[1,1],"8":[1,1],"9":[0,0],"10":[0,0],"11":[9,0],"12":[2,6],"13":[1,5],"14":[1,4],"15":[1,3],"16":[1],"17":[0,1],"18":[0,1],"19":[0,3],"20":[3,3,0],"21":[0,0],"22":[0,3],"23":[0,3],"24":[0,3],"25":[3,0],"26":[3,3],"27":[2,1,1],"28":[2,1],"29":[0,0],"30":[0,0],"31":[0,0],"32":[0,0,0],"33":[0,0],"34":[0,0],"35":[0,0],"36":[0,0,0],"37":[0,0],"38":[0,0],"39":[0,0],"40":[0,0],"41":[0,0,0],"42":[0,0],"43":[0,0],"44":[0,0],"45":[0,0],"46":[0,0],"47":[0,0],"48":[0,0],"49":[0,1],"50":[0,1],"51":[1,0],"52":[3,3,0,0],"53":[3,0],"54":[0,3],"55":[0,3],"56":[3,3],"57":[3,4],"58":[7,7],"59":[0,4],"60":[4,0],"61":[0,3],"62":[3,3],"63":[3,0],"64":[0,3],"65":[0,3],"66":[3,0],"67":[2,1,1],"68":[2,1]},"meta":{"lastBranch":69,"lastFunction":20,"lastStatement":209,"seen":{"s:22:15:22:Infinity":0,"s:23:47:23:68":1,"s:28:83:33:Infinity":2,"s:38:42:51:Infinity":3,"f:38:42:38:Infinity":0,"s:39:15:39:Infinity":4,"s:40:36:40:38":5,"s:41:2:49:Infinity":6,"s:42:4:48:Infinity":7,"s:42:17:42:20":8,"s:43:18:43:71":9,"b:44:6:47:Infinity:undefined:undefined:undefined:undefined":0,"s:44:6:47:Infinity":10,"s:45:8:45:Infinity":11,"s:46:8:46:Infinity":12,"s:50:2:50:Infinity":13,"s:54:24:102:Infinity":14,"s:104:33:126:Infinity":15,"f:104:33:104:34":1,"s:105:8:105:Infinity":16,"s:106:15:106:Infinity":17,"s:107:20:107:Infinity":18,"s:108:19:108:Infinity":19,"s:109:21:109:Infinity":20,"s:110:21:110:Infinity":21,"b:110:21:110:35:110:35:110:50:110:50:110:64:110:64:110:Infinity":1,"b:113:4:116:Infinity:117:4:118:Infinity:119:4:120:Infinity:121:4:122:Infinity:123:4:124:Infinity":2,"s:112:2:125:Infinity":22,"b:114:6:114:Infinity:undefined:undefined:undefined:undefined":3,"s:114:6:114:Infinity":23,"s:114:20:114:Infinity":24,"b:115:6:115:Infinity:undefined:undefined:undefined:undefined":4,"s:115:6:115:Infinity":25,"s:115:22:115:Infinity":26,"b:115:53:115:58:115:58:115:62":5,"b:115:82:115:94:115:94:115:104":6,"s:116:6:116:Infinity":27,"b:116:37:116:41:116:41:116:45":7,"b:116:65:116:76:116:76:116:86":8,"s:118:6:118:Infinity":28,"s:120:6:120:Infinity":29,"s:122:6:122:Infinity":30,"b:122:36:122:41:122:41:122:45":9,"b:122:64:122:76:122:76:122:86":10,"s:124:6:124:Infinity":31,"s:128:18:131:Infinity":32,"f:128:18:128:19":2,"s:129:17:129:Infinity":33,"s:130:2:130:Infinity":34,"s:133:26:137:Infinity":35,"f:133:26:133:27":3,"s:134:15:134:Infinity":36,"b:135:2:135:Infinity:undefined:undefined:undefined:undefined":11,"s:135:2:135:Infinity":37,"s:135:12:135:Infinity":38,"s:136:2:136:Infinity":39,"f:136:55:136:60":4,"s:136:60:136:Infinity":40,"s:141:31:154:Infinity":41,"f:141:31:141:32":5,"s:142:15:142:Infinity":42,"b:143:2:153:Infinity:145:9:153:Infinity":12,"s:143:2:153:Infinity":43,"s:144:4:144:Infinity":44,"b:145:9:153:Infinity:147:9:153:Infinity":13,"s:145:9:153:Infinity":45,"s:146:4:146:Infinity":46,"b:147:9:153:Infinity:149:9:153:Infinity":14,"s:147:9:153:Infinity":47,"s:148:4:148:Infinity":48,"b:149:9:153:Infinity:151:9:153:Infinity":15,"s:149:9:153:Infinity":49,"s:150:4:150:Infinity":50,"s:152:4:152:Infinity":51,"s:157:33:232:Infinity":52,"f:157:33:157:34":6,"b:157:61:157:62":16,"s:158:8:158:Infinity":53,"s:159:25:159:Infinity":54,"s:160:20:160:Infinity":55,"s:161:25:161:Infinity":56,"b:161:43:161:54:161:54:161:Infinity":17,"b:161:72:161:85:161:85:161:Infinity":18,"s:173:8:173:10":57,"s:175:2:212:Infinity":58,"b:177:4:177:Infinity:undefined:undefined:undefined:undefined":19,"s:177:4:177:Infinity":59,"b:177:8:177:24:177:28:177:67:177:67:177:130":20,"b:177:69:177:97:177:97:177:126":21,"s:177:130:177:Infinity":60,"s:178:25:178:Infinity":61,"b:179:4:179:Infinity:undefined:undefined:undefined:undefined":22,"s:179:4:179:Infinity":62,"s:179:29:179:Infinity":63,"b:180:4:180:65:undefined:undefined:undefined:undefined":23,"s:180:4:180:65":64,"s:180:55:180:65":65,"s:183:25:183:Infinity":66,"s:184:27:184:77":67,"s:186:22:186:Infinity":68,"b:187:4:190:Infinity:undefined:undefined:undefined:undefined":24,"s:187:4:190:Infinity":69,"s:189:6:189:Infinity":70,"b:192:4:211:Infinity:undefined:undefined:undefined:undefined":25,"s:192:4:211:Infinity":71,"b:192:8:192:28:192:28:192:48":26,"s:193:26:193:Infinity":72,"s:194:25:194:Infinity":73,"s:196:28:196:75":74,"s:197:26:197:39":75,"s:198:27:198:Infinity":76,"s:200:6:210:Infinity":77,"s:214:17:214:Infinity":78,"f:214:31:214:32":7,"s:214:41:214:70":79,"s:215:23:215:25":80,"s:217:2:229:Infinity":81,"s:220:23:223:Infinity":82,"f:221:6:221:11":8,"s:221:11:223:Infinity":83,"b:221:11:221:32:222:11:222:42:223:11:223:Infinity":27,"b:226:4:228:Infinity:undefined:undefined:undefined:undefined":28,"s:226:4:228:Infinity":84,"s:227:6:227:Infinity":85,"s:231:2:231:Infinity":86,"s:234:38:283:Infinity":87,"f:234:38:234:39":9,"s:235:132:235:134":88,"s:236:8:236:Infinity":89,"s:237:20:237:Infinity":90,"s:238:25:238:Infinity":91,"b:238:43:238:54:238:54:238:Infinity":29,"b:238:72:238:85:238:85:238:Infinity":30,"s:240:2:263:Infinity":92,"b:241:4:241:Infinity:undefined:undefined:undefined:undefined":31,"s:241:4:241:Infinity":93,"b:241:8:241:24:241:28:241:67:241:67:241:130":32,"b:241:69:241:97:241:97:241:126":33,"s:241:130:241:Infinity":94,"s:242:25:242:Infinity":95,"b:243:4:243:Infinity:undefined:undefined:undefined:undefined":34,"s:243:4:243:Infinity":96,"s:243:29:243:Infinity":97,"b:244:4:244:65:undefined:undefined:undefined:undefined":35,"s:244:4:244:65":98,"s:244:55:244:65":99,"s:246:25:246:Infinity":100,"s:247:27:247:77":101,"s:249:24:249:Infinity":102,"s:250:23:250:Infinity":103,"s:252:26:252:73":104,"s:253:24:253:37":105,"s:255:4:262:Infinity":106,"s:265:17:265:Infinity":107,"f:265:29:265:30":10,"s:265:39:265:60":108,"s:266:23:266:25":109,"s:268:2:280:Infinity":110,"s:271:23:274:Infinity":111,"f:272:6:272:11":11,"s:272:11:274:Infinity":112,"b:272:11:272:32:273:11:273:42:274:11:274:Infinity":36,"b:277:4:279:Infinity:undefined:undefined:undefined:undefined":37,"s:277:4:279:Infinity":113,"s:278:6:278:Infinity":114,"s:282:2:282:Infinity":115,"f:282:26:282:27":12,"s:282:60:282:Infinity":116,"s:285:36:333:Infinity":117,"f:285:36:285:37":13,"s:286:8:286:Infinity":118,"s:287:25:287:Infinity":119,"s:289:32:289:Infinity":120,"s:290:20:290:Infinity":121,"s:291:25:291:Infinity":122,"b:291:43:291:54:291:54:291:Infinity":38,"b:291:72:291:85:291:85:291:Infinity":39,"s:293:2:308:Infinity":123,"b:294:4:294:Infinity:undefined:undefined:undefined:undefined":40,"s:294:4:294:Infinity":124,"b:294:8:294:24:294:28:294:67:294:67:294:130":41,"b:294:69:294:97:294:97:294:126":42,"s:294:130:294:Infinity":125,"s:295:25:295:Infinity":126,"b:296:4:296:Infinity:undefined:undefined:undefined:undefined":43,"s:296:4:296:Infinity":127,"b:296:8:296:31:296:31:296:78":44,"s:296:78:296:Infinity":128,"s:298:25:298:Infinity":129,"s:299:27:299:77":130,"s:301:26:301:73":131,"s:302:24:302:37":132,"s:303:21:303:Infinity":133,"b:305:4:307:Infinity:undefined:undefined:undefined:undefined":45,"s:305:4:307:Infinity":134,"b:305:8:305:21:305:21:305:61":46,"s:306:6:306:Infinity":135,"s:315:8:315:10":136,"s:317:2:330:Infinity":137,"f:317:32:317:33":14,"s:318:29:318:Infinity":138,"b:319:4:329:Infinity:undefined:undefined:undefined:undefined":47,"s:319:4:329:Infinity":139,"b:319:8:319:32:319:32:319:56":48,"s:320:26:320:Infinity":140,"s:321:25:321:Infinity":141,"s:323:6:328:Infinity":142,"s:332:2:332:Infinity":143,"f:332:23:332:24":15,"s:332:33:332:72":144,"s:336:20:336:Infinity":145,"s:337:45:337:47":146,"s:350:40:475:Infinity":147,"f:350:40:350:Infinity":16,"s:351:8:351:Infinity":148,"s:353:4:356:Infinity":149,"s:358:37:358:39":150,"s:360:20:360:Infinity":151,"s:361:25:361:Infinity":152,"b:361:43:361:54:361:54:361:Infinity":49,"b:361:72:361:85:361:85:361:Infinity":50,"b:364:2:373:Infinity:undefined:undefined:undefined:undefined":51,"s:364:2:373:Infinity":153,"s:365:4:365:Infinity":154,"s:366:4:366:Infinity":155,"f:366:50:366:55":17,"s:366:55:366:Infinity":156,"b:366:55:366:65:366:69:366:102:366:102:366:123:366:123:366:Infinity":52,"s:368:4:372:Infinity":157,"f:368:34:368:Infinity":18,"b:369:6:371:Infinity:undefined:undefined:undefined:undefined":53,"s:369:6:371:Infinity":158,"s:370:8:370:Infinity":159,"s:375:2:452:Infinity":160,"s:376:25:376:53":161,"s:377:24:377:79":162,"s:380:27:380:74":163,"s:381:31:381:Infinity":164,"s:382:33:382:Infinity":165,"b:382:55:382:74:382:74:382:84":54,"s:384:23:384:Infinity":166,"b:387:4:387:Infinity:undefined:undefined:undefined:undefined":55,"s:387:4:387:Infinity":167,"b:387:8:387:41:387:41:387:70":56,"s:387:70:387:Infinity":168,"s:390:27:390:Infinity":169,"s:392:18:392:Infinity":170,"s:393:16:393:Infinity":171,"s:396:4:410:Infinity":172,"s:396:17:396:20":173,"b:399:6:403:Infinity:undefined:undefined:undefined:undefined":57,"s:399:6:403:Infinity":174,"b:399:10:399:52:399:56:399:101":58,"s:400:8:400:Infinity":175,"s:401:8:401:Infinity":176,"s:402:8:402:Infinity":177,"b:406:6:409:Infinity:undefined:undefined:undefined:undefined":59,"s:406:6:409:Infinity":178,"b:406:10:406:52:406:52:406:99":60,"s:407:8:407:Infinity":179,"s:408:8:408:Infinity":180,"s:413:26:413:52":181,"s:414:24:414:48":182,"b:415:4:415:Infinity:undefined:undefined:undefined:undefined":61,"s:415:4:415:Infinity":183,"b:415:8:415:26:415:26:415:40":62,"s:415:40:415:Infinity":184,"s:417:23:417:53":185,"s:418:23:418:51":186,"s:421:23:421:Infinity":187,"b:422:4:425:Infinity:undefined:undefined:undefined:undefined":63,"s:422:4:425:Infinity":188,"s:423:28:423:Infinity":189,"s:424:6:424:Infinity":190,"b:424:38:424:57:424:57:424:67":64,"s:427:27:427:Infinity":191,"s:429:39:429:Infinity":192,"s:430:19:430:Infinity":193,"b:432:4:439:Infinity:435:11:439:Infinity":65,"s:432:4:439:Infinity":194,"s:433:6:433:Infinity":195,"s:434:6:434:Infinity":196,"s:436:6:436:Infinity":197,"s:437:29:437:Infinity":198,"s:438:6:438:Infinity":199,"b:438:38:438:91:438:91:438:Infinity":66,"s:441:26:441:73":200,"s:443:4:451:Infinity":201,"s:457:71:457:73":202,"s:459:2:472:Infinity":203,"s:463:32:466:Infinity":204,"f:464:6:464:12":19,"s:464:12:466:Infinity":205,"b:464:12:464:50:465:12:465:46:466:12:466:Infinity":67,"b:469:4:471:Infinity:undefined:undefined:undefined:undefined":68,"s:469:4:471:Infinity":206,"s:470:6:470:Infinity":207,"s:474:2:474:Infinity":208},"fnNames":{}}}
,"C:\\Users\\mekha\\OneDrive\\Desktop\\Projects\\ahmedabadmetro\\src\\data\\timetableFromExcel.generated.json": {"path":"C:\\Users\\mekha\\OneDrive\\Desktop\\Projects\\ahmedabadmetro\\src\\data\\timetableFromExcel.generated.json","statementMap":{"0":{"start":{"line":1,"column":27},"end":{"line":1,"column":53}},"1":{"start":{"line":2,"column":30},"end":{"line":2,"column":333158}}},"fnMap":{},"branchMap":{},"s":{"0":2,"1":2},"f":{},"b":{},"meta":{"lastBranch":0,"lastFunction":0,"lastStatement":2,"seen":{"s:1:27:1:53":0,"s:2:30:2:333158":1},"fnNames":{}}}
,"C:\\Users\\mekha\\OneDrive\\Desktop\\Projects\\ahmedabadmetro\\src\\lib\\routePlanner.ts": {"path":"C:\\Users\\mekha\\OneDrive\\Desktop\\Projects\\ahmedabadmetro\\src\\lib\\routePlanner.ts","statementMap":{"0":{"start":{"line":45,"column":19},"end":{"line":48,"column":null}},"1":{"start":{"line":46,"column":14},"end":{"line":46,"column":null}},"2":{"start":{"line":47,"column":2},"end":{"line":47,"column":null}},"3":{"start":{"line":50,"column":48},"end":{"line":69,"column":null}},"4":{"start":{"line":72,"column":71},"end":{"line":77,"column":null}},"5":{"start":{"line":79,"column":28},"end":{"line":79,"column":32}},"6":{"start":{"line":80,"column":30},"end":{"line":80,"column":33}},"7":{"start":{"line":81,"column":30},"end":{"line":81,"column":34}},"8":{"start":{"line":82,"column":26},"end":{"line":82,"column":29}},"9":{"start":{"line":87,"column":29},"end":{"line":133,"column":null}},"10":{"start":{"line":89,"column":24},"end":{"line":89,"column":57}},"11":{"start":{"line":90,"column":22},"end":{"line":90,"column":53}},"12":{"start":{"line":92,"column":2},"end":{"line":94,"column":null}},"13":{"start":{"line":93,"column":4},"end":{"line":93,"column":null}},"14":{"start":{"line":97,"column":23},"end":{"line":97,"column":55}},"15":{"start":{"line":98,"column":21},"end":{"line":98,"column":51}},"16":{"start":{"line":100,"column":2},"end":{"line":102,"column":null}},"17":{"start":{"line":101,"column":4},"end":{"line":101,"column":null}},"18":{"start":{"line":106,"column":2},"end":{"line":108,"column":null}},"19":{"start":{"line":107,"column":4},"end":{"line":107,"column":null}},"20":{"start":{"line":110,"column":2},"end":{"line":112,"column":null}},"21":{"start":{"line":111,"column":4},"end":{"line":111,"column":null}},"22":{"start":{"line":118,"column":2},"end":{"line":118,"column":null}},"23":{"start":{"line":118,"column":25},"end":{"line":118,"column":null}},"24":{"start":{"line":120,"column":2},"end":{"line":120,"column":null}},"25":{"start":{"line":120,"column":25},"end":{"line":120,"column":null}},"26":{"start":{"line":122,"column":2},"end":{"line":122,"column":null}},"27":{"start":{"line":122,"column":26},"end":{"line":122,"column":null}},"28":{"start":{"line":124,"column":2},"end":{"line":124,"column":null}},"29":{"start":{"line":124,"column":26},"end":{"line":124,"column":null}},"30":{"start":{"line":126,"column":2},"end":{"line":126,"column":null}},"31":{"start":{"line":126,"column":26},"end":{"line":126,"column":null}},"32":{"start":{"line":128,"column":2},"end":{"line":128,"column":null}},"33":{"start":{"line":128,"column":26},"end":{"line":128,"column":null}},"34":{"start":{"line":130,"column":2},"end":{"line":130,"column":null}},"35":{"start":{"line":130,"column":26},"end":{"line":130,"column":null}},"36":{"start":{"line":132,"column":2},"end":{"line":132,"column":null}},"37":{"start":{"line":136,"column":30},"end":{"line":139,"column":null}},"38":{"start":{"line":137,"column":8},"end":{"line":137,"column":null}},"39":{"start":{"line":138,"column":2},"end":{"line":138,"column":null}},"40":{"start":{"line":142,"column":27},"end":{"line":145,"column":null}},"41":{"start":{"line":143,"column":17},"end":{"line":143,"column":null}},"42":{"start":{"line":144,"column":2},"end":{"line":144,"column":null}},"43":{"start":{"line":148,"column":28},"end":{"line":152,"column":null}},"44":{"start":{"line":149,"column":12},"end":{"line":149,"column":null}},"45":{"start":{"line":150,"column":12},"end":{"line":150,"column":null}},"46":{"start":{"line":151,"column":2},"end":{"line":151,"column":null}},"47":{"start":{"line":156,"column":30},"end":{"line":195,"column":null}},"48":{"start":{"line":158,"column":20},"end":{"line":167,"column":null}},"49":{"start":{"line":169,"column":2},"end":{"line":175,"column":null}},"50":{"start":{"line":170,"column":22},"end":{"line":170,"column":null}},"51":{"start":{"line":171,"column":20},"end":{"line":171,"column":null}},"52":{"start":{"line":172,"column":4},"end":{"line":174,"column":null}},"53":{"start":{"line":173,"column":6},"end":{"line":173,"column":null}},"54":{"start":{"line":178,"column":16},"end":{"line":183,"column":null}},"55":{"start":{"line":185,"column":2},"end":{"line":192,"column":null}},"56":{"start":{"line":186,"column":22},"end":{"line":186,"column":null}},"57":{"start":{"line":187,"column":20},"end":{"line":187,"column":null}},"58":{"start":{"line":188,"column":4},"end":{"line":191,"column":null}},"59":{"start":{"line":189,"column":23},"end":{"line":189,"column":null}},"60":{"start":{"line":190,"column":6},"end":{"line":190,"column":null}},"61":{"start":{"line":194,"column":2},"end":{"line":194,"column":null}},"62":{"start":{"line":198,"column":22},"end":{"line":230,"column":null}},"63":{"start":{"line":204,"column":119},"end":{"line":204,"column":121}},"64":{"start":{"line":206,"column":2},"end":{"line":224,"column":null}},"65":{"start":{"line":207,"column":23},"end":{"line":207,"column":null}},"66":{"start":{"line":208,"column":20},"end":{"line":208,"column":null}},"67":{"start":{"line":211,"column":4},"end":{"line":223,"column":null}},"68":{"start":{"line":212,"column":27},"end":{"line":212,"column":null}},"69":{"start":{"line":213,"column":31},"end":{"line":213,"column":79}},"70":{"start":{"line":214,"column":29},"end":{"line":214,"column":74}},"71":{"start":{"line":217,"column":6},"end":{"line":222,"column":null}},"72":{"start":{"line":219,"column":8},"end":{"line":219,"column":null}},"73":{"start":{"line":219,"column":62},"end":{"line":219,"column":null}},"74":{"start":{"line":221,"column":8},"end":{"line":221,"column":null}},"75":{"start":{"line":226,"column":2},"end":{"line":226,"column":null}},"76":{"start":{"line":226,"column":31},"end":{"line":226,"column":null}},"77":{"start":{"line":228,"column":2},"end":{"line":228,"column":null}},"78":{"start":{"line":228,"column":28},"end":{"line":228,"column":67}},"79":{"start":{"line":229,"column":2},"end":{"line":229,"column":null}},"80":{"start":{"line":233,"column":28},"end":{"line":260,"column":null}},"81":{"start":{"line":239,"column":78},"end":{"line":239,"column":80}},"82":{"start":{"line":241,"column":2},"end":{"line":254,"column":null}},"83":{"start":{"line":242,"column":4},"end":{"line":242,"column":null}},"84":{"start":{"line":242,"column":32},"end":{"line":242,"column":null}},"85":{"start":{"line":243,"column":4},"end":{"line":243,"column":null}},"86":{"start":{"line":243,"column":65},"end":{"line":243,"column":null}},"87":{"start":{"line":245,"column":23},"end":{"line":245,"column":null}},"88":{"start":{"line":246,"column":4},"end":{"line":246,"column":null}},"89":{"start":{"line":246,"column":27},"end":{"line":246,"column":null}},"90":{"start":{"line":248,"column":25},"end":{"line":248,"column":null}},"91":{"start":{"line":249,"column":29},"end":{"line":249,"column":77}},"92":{"start":{"line":251,"column":4},"end":{"line":253,"column":null}},"93":{"start":{"line":252,"column":6},"end":{"line":252,"column":null}},"94":{"start":{"line":256,"column":2},"end":{"line":256,"column":null}},"95":{"start":{"line":256,"column":31},"end":{"line":256,"column":null}},"96":{"start":{"line":258,"column":2},"end":{"line":258,"column":null}},"97":{"start":{"line":258,"column":28},"end":{"line":258,"column":67}},"98":{"start":{"line":259,"column":2},"end":{"line":259,"column":null}},"99":{"start":{"line":263,"column":24},"end":{"line":309,"column":null}},"100":{"start":{"line":272,"column":25},"end":{"line":272,"column":null}},"101":{"start":{"line":278,"column":8},"end":{"line":278,"column":10}},"102":{"start":{"line":280,"column":2},"end":{"line":293,"column":null}},"103":{"start":{"line":281,"column":22},"end":{"line":281,"column":null}},"104":{"start":{"line":282,"column":20},"end":{"line":282,"column":null}},"105":{"start":{"line":284,"column":4},"end":{"line":292,"column":null}},"106":{"start":{"line":285,"column":27},"end":{"line":285,"column":null}},"107":{"start":{"line":286,"column":31},"end":{"line":286,"column":78}},"108":{"start":{"line":287,"column":29},"end":{"line":287,"column":74}},"109":{"start":{"line":289,"column":6},"end":{"line":291,"column":null}},"110":{"start":{"line":290,"column":8},"end":{"line":290,"column":null}},"111":{"start":{"line":295,"column":2},"end":{"line":295,"column":null}},"112":{"start":{"line":295,"column":33},"end":{"line":295,"column":null}},"113":{"start":{"line":297,"column":2},"end":{"line":297,"column":null}},"114":{"start":{"line":297,"column":30},"end":{"line":297,"column":69}},"115":{"start":{"line":298,"column":15},"end":{"line":298,"column":30}},"116":{"start":{"line":300,"column":2},"end":{"line":308,"column":null}},"117":{"start":{"line":312,"column":21},"end":{"line":316,"column":null}},"118":{"start":{"line":313,"column":19},"end":{"line":313,"column":39}},"119":{"start":{"line":314,"column":2},"end":{"line":314,"column":null}},"120":{"start":{"line":314,"column":17},"end":{"line":314,"column":null}},"121":{"start":{"line":315,"column":2},"end":{"line":315,"column":null}},"122":{"start":{"line":319,"column":39},"end":{"line":334,"column":null}},"123":{"start":{"line":320,"column":18},"end":{"line":320,"column":null}},"124":{"start":{"line":321,"column":16},"end":{"line":321,"column":null}},"125":{"start":{"line":323,"column":2},"end":{"line":323,"column":null}},"126":{"start":{"line":323,"column":38},"end":{"line":323,"column":null}},"127":{"start":{"line":325,"column":16},"end":{"line":325,"column":null}},"128":{"start":{"line":326,"column":14},"end":{"line":326,"column":null}},"129":{"start":{"line":328,"column":21},"end":{"line":328,"column":null}},"130":{"start":{"line":329,"column":2},"end":{"line":331,"column":null}},"131":{"start":{"line":330,"column":4},"end":{"line":330,"column":null}},"132":{"start":{"line":333,"column":2},"end":{"line":333,"column":null}},"133":{"start":{"line":333,"column":30},"end":{"line":333,"column":42}},"134":{"start":{"line":337,"column":27},"end":{"line":355,"column":null}},"135":{"start":{"line":338,"column":27},"end":{"line":338,"column":46}},"136":{"start":{"line":339,"column":2},"end":{"line":339,"column":null}},"137":{"start":{"line":339,"column":25},"end":{"line":339,"column":null}},"138":{"start":{"line":341,"column":18},"end":{"line":341,"column":null}},"139":{"start":{"line":342,"column":16},"end":{"line":342,"column":null}},"140":{"start":{"line":344,"column":2},"end":{"line":344,"column":null}},"141":{"start":{"line":344,"column":38},"end":{"line":344,"column":null}},"142":{"start":{"line":346,"column":16},"end":{"line":346,"column":null}},"143":{"start":{"line":347,"column":14},"end":{"line":347,"column":null}},"144":{"start":{"line":349,"column":21},"end":{"line":349,"column":null}},"145":{"start":{"line":350,"column":2},"end":{"line":352,"column":null}},"146":{"start":{"line":351,"column":4},"end":{"line":351,"column":null}},"147":{"start":{"line":354,"column":2},"end":{"line":354,"column":null}},"148":{"start":{"line":354,"column":30},"end":{"line":354,"column":42}},"149":{"start":{"line":358,"column":24},"end":{"line":360,"column":null}},"150":{"start":{"line":359,"column":2},"end":{"line":359,"column":null}},"151":{"start":{"line":363,"column":24},"end":{"line":365,"column":null}},"152":{"start":{"line":364,"column":2},"end":{"line":364,"column":null}},"153":{"start":{"line":368,"column":32},"end":{"line":377,"column":null}},"154":{"start":{"line":369,"column":2},"end":{"line":375,"column":null}},"155":{"start":{"line":370,"column":20},"end":{"line":370,"column":null}},"156":{"start":{"line":371,"column":18},"end":{"line":371,"column":null}},"157":{"start":{"line":372,"column":4},"end":{"line":374,"column":null}},"158":{"start":{"line":373,"column":6},"end":{"line":373,"column":null}},"159":{"start":{"line":376,"column":2},"end":{"line":376,"column":null}},"160":{"start":{"line":380,"column":24},"end":{"line":382,"column":null}},"161":{"start":{"line":381,"column":2},"end":{"line":381,"column":null}},"162":{"start":{"line":391,"column":25},"end":{"line":496,"column":null}},"163":{"start":{"line":392,"column":22},"end":{"line":392,"column":null}},"164":{"start":{"line":393,"column":20},"end":{"line":393,"column":null}},"165":{"start":{"line":395,"column":2},"end":{"line":395,"column":null}},"166":{"start":{"line":395,"column":58},"end":{"line":395,"column":null}},"167":{"start":{"line":398,"column":2},"end":{"line":405,"column":null}},"168":{"start":{"line":399,"column":4},"end":{"line":404,"column":null}},"169":{"start":{"line":400,"column":6},"end":{"line":403,"column":null}},"170":{"start":{"line":409,"column":2},"end":{"line":421,"column":null}},"171":{"start":{"line":411,"column":4},"end":{"line":420,"column":null}},"172":{"start":{"line":412,"column":24},"end":{"line":412,"column":null}},"173":{"start":{"line":413,"column":22},"end":{"line":413,"column":null}},"174":{"start":{"line":414,"column":6},"end":{"line":419,"column":null}},"175":{"start":{"line":415,"column":8},"end":{"line":418,"column":null}},"176":{"start":{"line":424,"column":27},"end":{"line":424,"column":29}},"177":{"start":{"line":425,"column":18},"end":{"line":425,"column":null}},"178":{"start":{"line":427,"column":2},"end":{"line":434,"column":null}},"179":{"start":{"line":428,"column":4},"end":{"line":432,"column":null}},"180":{"start":{"line":433,"column":4},"end":{"line":433,"column":null}},"181":{"start":{"line":436,"column":2},"end":{"line":493,"column":null}},"182":{"start":{"line":437,"column":20},"end":{"line":437,"column":null}},"183":{"start":{"line":438,"column":38},"end":{"line":438,"column":null}},"184":{"start":{"line":440,"column":29},"end":{"line":440,"column":54}},"185":{"start":{"line":442,"column":4},"end":{"line":492,"column":null}},"186":{"start":{"line":443,"column":6},"end":{"line":445,"column":null}},"187":{"start":{"line":444,"column":8},"end":{"line":444,"column":null}},"188":{"start":{"line":447,"column":26},"end":{"line":447,"column":49}},"189":{"start":{"line":448,"column":6},"end":{"line":491,"column":null}},"190":{"start":{"line":450,"column":8},"end":{"line":464,"column":null}},"191":{"start":{"line":452,"column":10},"end":{"line":463,"column":null}},"192":{"start":{"line":453,"column":28},"end":{"line":453,"column":null}},"193":{"start":{"line":454,"column":26},"end":{"line":454,"column":null}},"194":{"start":{"line":455,"column":12},"end":{"line":462,"column":null}},"195":{"start":{"line":456,"column":14},"end":{"line":461,"column":null}},"196":{"start":{"line":466,"column":8},"end":{"line":490,"column":null}},"197":{"start":{"line":467,"column":27},"end":{"line":467,"column":57}},"198":{"start":{"line":468,"column":10},"end":{"line":489,"column":null}},"199":{"start":{"line":469,"column":12},"end":{"line":469,"column":null}},"200":{"start":{"line":471,"column":12},"end":{"line":478,"column":null}},"201":{"start":{"line":472,"column":14},"end":{"line":477,"column":null}},"202":{"start":{"line":480,"column":12},"end":{"line":488,"column":null}},"203":{"start":{"line":495,"column":2},"end":{"line":495,"column":null}},"204":{"start":{"line":499,"column":28},"end":{"line":710,"column":null}},"205":{"start":{"line":503,"column":2},"end":{"line":503,"column":null}},"206":{"start":{"line":503,"column":32},"end":{"line":503,"column":null}},"207":{"start":{"line":505,"column":17},"end":{"line":505,"column":44}},"208":{"start":{"line":506,"column":22},"end":{"line":506,"column":63}},"209":{"start":{"line":508,"column":2},"end":{"line":508,"column":null}},"210":{"start":{"line":508,"column":31},"end":{"line":508,"column":null}},"211":{"start":{"line":511,"column":65},"end":{"line":511,"column":67}},"212":{"start":{"line":512,"column":20},"end":{"line":512,"column":32}},"213":{"start":{"line":513,"column":21},"end":{"line":513,"column":38}},"214":{"start":{"line":515,"column":2},"end":{"line":525,"column":null}},"215":{"start":{"line":515,"column":15},"end":{"line":515,"column":18}},"216":{"start":{"line":516,"column":17},"end":{"line":516,"column":24}},"217":{"start":{"line":518,"column":4},"end":{"line":524,"column":null}},"218":{"start":{"line":519,"column":6},"end":{"line":519,"column":null}},"219":{"start":{"line":520,"column":6},"end":{"line":520,"column":null}},"220":{"start":{"line":521,"column":6},"end":{"line":521,"column":null}},"221":{"start":{"line":522,"column":11},"end":{"line":524,"column":null}},"222":{"start":{"line":523,"column":6},"end":{"line":523,"column":null}},"223":{"start":{"line":527,"column":29},"end":{"line":527,"column":31}},"224":{"start":{"line":528,"column":27},"end":{"line":528,"column":null}},"225":{"start":{"line":529,"column":25},"end":{"line":529,"column":null}},"226":{"start":{"line":530,"column":21},"end":{"line":530,"column":null}},"227":{"start":{"lin
[...]
Infinity:undefined:undefined:undefined:undefined":143,"s:1083:11:1090:Infinity":482,"b:1083:15:1083:51:1083:51:1083:114":144,"s:1094:2:1094:Infinity":483,"s:1096:2:1096:Infinity":484,"s:1097:2:1097:Infinity":485,"s:1109:39:1125:Infinity":486,"f:1109:39:1109:40":58,"s:1110:92:1110:94":487,"s:1111:2:1123:Infinity":488,"b:1112:4:1112:Infinity:undefined:undefined:undefined:undefined":145,"s:1112:4:1112:Infinity":489,"b:1112:8:1112:24:1112:28:1112:58":146,"s:1112:58:1112:Infinity":490,"s:1113:23:1113:Infinity":491,"b:1114:4:1114:Infinity:undefined:undefined:undefined:undefined":147,"s:1114:4:1114:Infinity":492,"b:1114:8:1114:29:1114:29:1114:74":148,"s:1114:74:1114:Infinity":493,"s:1116:25:1116:Infinity":494,"s:1117:19:1117:67":495,"b:1120:4:1122:Infinity:undefined:undefined:undefined:undefined":149,"s:1120:4:1122:Infinity":496,"s:1121:6:1121:Infinity":497,"s:1124:2:1124:Infinity":498,"s:1127:25:1132:Infinity":499,"f:1127:25:1127:26":59,"s:1128:16:1130:Infinity":500,"b:1129:6:1129:Infinity:1130:6:1130:Infinity":150,"s:1131:2:1131:Infinity":501,"f:1131:22:1131:23":60,"s:1131:38:1131:73":502,"b:1131:38:1131:49:1131:49:1131:73":151,"s:1134:32:1139:Infinity":503,"f:1134:32:1134:33":61,"s:1135:16:1137:Infinity":504,"b:1136:6:1136:Infinity:1137:6:1137:Infinity":152,"s:1138:2:1138:Infinity":505,"f:1138:22:1138:23":62,"s:1138:38:1138:73":506,"b:1138:38:1138:49:1138:49:1138:73":153,"s:1141:27:1260:Infinity":507,"f:1141:27:1141:Infinity":63,"s:1155:17:1155:35":508,"s:1156:22:1156:38":509,"b:1157:2:1157:Infinity:undefined:undefined:undefined:undefined":154,"s:1157:2:1157:Infinity":510,"b:1157:6:1157:17:1157:17:1157:31":155,"s:1157:31:1157:Infinity":511,"s:1160:34:1160:36":512,"s:1161:2:1170:Infinity":513,"b:1162:4:1169:Infinity:1167:11:1169:Infinity":156,"s:1162:4:1169:Infinity":514,"b:1162:8:1162:33:1162:33:1162:98":157,"s:1163:19:1163:52":515,"s:1164:6:1164:Infinity":516,"s:1165:6:1165:Infinity":517,"s:1166:6:1166:Infinity":518,"s:1168:6:1168:Infinity":519,"s:1172:29:1172:31":520,"s:1173:27:1173:Infinity":521,"s:1174:25:1174:Infinity":522,"s:1176:19:1176:32":523,"s:1177:24:1177:41":524,"s:1178:28:1178:85":525,"s:1179:25:1179:Infinity":526,"b:1179:25:1179:62:1179:62:1179:Infinity":158,"f:1179:116:1179:121":64,"s:1179:121:1179:Infinity":527,"s:1181:2:1190:Infinity":528,"s:1192:2:1233:Infinity":529,"s:1192:15:1192:18":530,"s:1193:16:1193:29":531,"s:1195:23:1195:Infinity":532,"s:1196:28:1196:Infinity":533,"f:1196:43:1196:49":65,"s:1196:49:1196:61":534,"s:1197:25:1197:Infinity":535,"s:1199:4:1208:Infinity":536,"s:1210:4:1210:Infinity":537,"b:1212:4:1232:Infinity:undefined:undefined:undefined:undefined":159,"s:1212:4:1232:Infinity":538,"s:1213:22:1213:39":539,"s:1214:23:1214:Infinity":540,"s:1216:31:1216:94":541,"s:1217:28:1217:Infinity":542,"b:1217:28:1217:64:1217:64:1217:Infinity":160,"f:1217:117:1217:122":66,"s:1217:122:1217:Infinity":543,"s:1219:6:1229:Infinity":544,"s:1231:6:1231:Infinity":545,"s:1235:2:1239:Infinity":546,"s:1241:29:1241:76":547,"s:1243:59:1243:Infinity":548,"s:1245:2:1259:Infinity":549,"s:1264:38:1430:Infinity":550,"f:1264:38:1264:Infinity":67,"b:1268:20:1268:32":161,"s:1270:17:1270:35":551,"s:1271:22:1271:45":552,"b:1272:2:1272:Infinity:undefined:undefined:undefined:undefined":162,"s:1272:2:1272:Infinity":553,"b:1272:6:1272:17:1272:17:1272:31":163,"s:1272:31:1272:Infinity":554,"b:1273:2:1273:Infinity:undefined:undefined:undefined:undefined":164,"s:1273:2:1273:Infinity":555,"s:1273:34:1273:Infinity":556,"s:1276:25:1276:Infinity":557,"b:1277:2:1277:Infinity:undefined:undefined:undefined:undefined":165,"s:1277:2:1277:Infinity":558,"s:1277:35:1277:Infinity":559,"s:1280:18:1280:Infinity":560,"s:1281:15:1281:Infinity":561,"s:1283:66:1283:68":562,"s:1285:15:1287:Infinity":563,"f:1285:15:1285:16":68,"s:1286:4:1286:Infinity":564,"s:1290:2:1292:Infinity":565,"s:1291:4:1291:Infinity":566,"s:1295:2:1319:Infinity":567,"s:1296:25:1296:Infinity":568,"s:1298:4:1318:Infinity":569,"s:1298:21:1298:37":570,"s:1299:19:1299:43":571,"s:1300:28:1300:71":572,"s:1301:19:1301:34":573,"s:1303:19:1303:64":574,"b:1303:19:1303:40:1303:40:1303:64":166,"b:1304:6:1317:Infinity:undefined:undefined:undefined:undefined":167,"s:1304:6:1317:Infinity":575,"s:1305:8:1305:Infinity":576,"s:1306:8:1315:Infinity":577,"s:1316:8:1316:Infinity":578,"s:1322:2:1389:Infinity":579,"s:1323:4:1323:Infinity":580,"f:1323:12:1323:13":69,"s:1323:22:1323:37":581,"s:1324:20:1324:Infinity":582,"s:1326:24:1326:82":583,"b:1326:24:1326:58:1326:58:1326:82":168,"b:1327:4:1327:Infinity:undefined:undefined:undefined:undefined":169,"s:1327:4:1327:Infinity":584,"s:1327:38:1327:Infinity":585,"b:1329:4:1329:Infinity:undefined:undefined:undefined:undefined":170,"s:1329:4:1329:Infinity":586,"s:1329:45:1329:Infinity":587,"s:1331:4:1388:Infinity":588,"b:1332:6:1332:Infinity:undefined:undefined:undefined:undefined":171,"s:1332:6:1332:Infinity":589,"b:1332:10:1332:26:1332:30:1332:60":172,"s:1332:60:1332:Infinity":590,"s:1333:22:1333:Infinity":591,"b:1334:6:1334:Infinity:undefined:undefined:undefined:undefined":173,"s:1334:6:1334:Infinity":592,"b:1334:10:1334:28:1334:28:1334:70":174,"s:1334:70:1334:Infinity":593,"s:1336:27:1336:Infinity":594,"s:1337:24:1337:69":595,"s:1341:28:1341:Infinity":596,"s:1342:31:1342:Infinity":597,"s:1343:25:1343:77":598,"b:1343:25:1343:45:1343:45:1343:77":175,"s:1345:27:1345:Infinity":599,"b:1345:40:1345:60:1345:60:1345:Infinity":176,"b:1346:6:1351:Infinity:undefined:undefined:undefined:undefined":177,"s:1346:6:1351:Infinity":600,"b:1346:10:1346:24:1346:24:1346:42":178,"s:1347:25:1347:Infinity":601,"f:1347:45:1347:50":70,"s:1347:50:1347:78":602,"b:1348:8:1350:Infinity:undefined:undefined:undefined:undefined":179,"s:1348:8:1350:Infinity":603,"b:1348:12:1348:35:1348:35:1348:66:1348:66:1348:90:1348:90:1348:116":180,"s:1349:10:1349:30":604,"b:1353:6:1355:Infinity:undefined:undefined:undefined:undefined":181,"s:1353:6:1355:Infinity":605,"s:1354:8:1354:Infinity":606,"s:1358:31:1358:Infinity":607,"b:1358:31:1358:59:1358:59:1358:Infinity":182,"s:1359:33:1359:Infinity":608,"b:1359:33:1359:72:1359:72:1359:Infinity":183,"s:1360:27:1360:Infinity":609,"b:1360:60:1360:64:1360:64:1360:Infinity":184,"s:1361:29:1361:Infinity":610,"b:1361:110:1361:114:1361:114:1361:Infinity":185,"b:1361:51:1361:65:1361:65:1361:107":186,"s:1363:6:1387:Infinity":611,"s:1363:23:1363:36":612,"s:1364:21:1364:45":613,"s:1365:26:1365:69":614,"s:1370:21:1370:Infinity":615,"s:1372:21:1372:66":616,"b:1372:21:1372:42:1372:42:1372:66":187,"b:1373:8:1386:Infinity:undefined:undefined:undefined:undefined":188,"s:1373:8:1386:Infinity":617,"s:1374:10:1374:Infinity":618,"s:1375:10:1384:Infinity":619,"s:1385:10:1385:Infinity":620,"s:1391:24:1391:78":621,"b:1391:24:1391:54:1391:54:1391:78":189,"b:1392:2:1392:Infinity:undefined:undefined:undefined:undefined":190,"s:1392:2:1392:Infinity":622,"s:1392:39:1392:Infinity":623,"s:1403:8:1403:10":624,"s:1405:15:1405:Infinity":625,"s:1406:2:1424:Infinity":626,"s:1407:17:1407:Infinity":627,"b:1408:4:1408:Infinity:undefined:undefined:undefined:undefined":191,"s:1408:4:1408:Infinity":628,"s:1408:15:1408:Infinity":629,"s:1410:21:1410:Infinity":630,"f:1410:41:1410:46":71,"s:1410:46:1410:70":631,"b:1411:4:1411:Infinity:undefined:undefined:undefined:undefined":192,"s:1411:4:1411:Infinity":632,"s:1411:19:1411:Infinity":633,"s:1413:4:1421:Infinity":634,"s:1423:4:1423:Infinity":635,"s:1426:15:1426:Infinity":636,"b:1427:2:1427:Infinity:undefined:undefined:undefined:undefined":193,"s:1427:2:1427:Infinity":637,"s:1427:25:1427:Infinity":638,"s:1429:2:1429:Infinity":639,"s:1455:29:1533:Infinity":640,"f:1455:29:1455:30":72,"s:1472:8:1472:10":641,"s:1473:26:1473:Infinity":642,"s:1474:27:1474:Infinity":643,"s:1475:29:1475:Infinity":644,"s:1476:46:1476:Infinity":645,"s:1478:2:1531:Infinity":646,"b:1479:4:1530:Infinity:1487:11:1530:Infinity":194,"s:1479:4:1530:Infinity":647,"b:1479:8:1479:33:1479:33:1479:45:1479:49:1479:61":195,"s:1480:6:1480:Infinity":648,"b:1480:24:1480:75:1480:75:1480:Infinity":196,"f:1480:44:1480:49":73,"s:1480:49:1480:70":649,"b:1481:6:1486:Infinity:undefined:undefined:undefined:undefined":197,"s:1481:6:1486:Infinity":650,"s:1482:8:1482:Infinity":651,"s:1483:8:1483:Infinity":652,"s:1484:27:1484:Infinity":653,"s:1485:8:1485:Infinity":654,"b:1485:55:1485:95:1485:98:1485:Infinity":198,"b:1487:11:1530:Infinity:1512:11:1530:Infinity":199,"s:1487:11:1530:Infinity":655,"b:1487:15:1487:46:1487:46:1487:58:1487:62:1487:79":200,"s:1488:22:1488:37":656,"s:1489:23:1489:Infinity":657,"s:1490:25:1490:Infinity":658,"s:1491:27:1491:Infinity":659,"b:1491:57:1491:95:1491:98:1491:Infinity":201,"b:1493:6:1503:Infinity:undefined:undefined:undefined:undefined":202,"s:1493:6:1503:Infinity":660,"b:1493:10:1493:29:1493:29:1493:46:1493:46:1493:71":203,"s:1494:8:1502:Infinity":661,"s:1505:6:1505:Infinity":662,"b:1505:24:1505:75:1505:75:1505:Infinity":204,"f:1505:44:1505:49":74,"s:1505:49:1505:70":663,"b:1506:6:1511:Infinity:undefined:undefined:undefined:undefined":205,"s:1506:6:1511:Infinity":664,"s:1507:8:1507:Infinity":665,"s:1508:8:1508:Infinity":666,"s:1509:30:1509:Infinity":667,"s:1510:8:1510:Infinity":668,"b:1510:58:1510:98:1510:101:1510:Infinity":206,"b:1512:11:1530:Infinity:undefined:undefined:undefined:undefined":207,"s:1512:11:1530:Infinity":669,"b:1512:15:1512:41:1512:41:1512:53:1512:57:1512:74":208,"s:1513:22:1513:37":670,"s:1514:23:1514:Infinity":671,"s:1515:25:1515:Infinity":672,"s:1516:27:1516:Infinity":673,"b:1516:57:1516:95:1516:98:1516:Infinity":209,"b:1518:6:1528:Infinity:undefined:undefined:undefined:undefined":210,"s:1518:6:1528:Infinity":674,"b:1518:10:1518:29:1518:29:1518:46:1518:46:1518:71":211,"s:1519:8:1527:Infinity":675,"s:1529:6:1529:Infinity":676,"s:1532:2:1532:Infinity":677,"s:1535:36:1782:Infinity":678,"f:1535:36:1535:Infinity":75,"b:1539:28:1539:51":212,"s:1541:17:1541:39":679,"s:1542:15:1542:35":680,"b:1543:2:1543:Infinity:undefined:undefined:undefined:undefined":213,"s:1543:2:1543:Infinity":681,"b:1543:6:1543:17:1543:17:1543:26:1543:26:1543:57:1543:57:1543:82":214,"s:1543:82:1543:Infinity":682,"s:1563:40:1563:42":683,"s:1565:2:1650:Infinity":684,"s:1565:24:1565:27":685,"s:1566:20:1566:46":686,"s:1567:27:1567:Infinity":687,"f:1567:47:1567:52":76,"s:1567:52:1567:76":688,"b:1568:4:1568:Infinity:undefined:undefined:undefined:undefined":215,"s:1568:4:1568:Infinity":689,"s:1568:25:1568:Infinity":690,"s:1570:29:1570:Infinity":691,"s:1571:25:1571:Infinity":692,"s:1573:26:1573:Infinity":693,"s:1574:24:1574:Infinity":694,"s:1575:23:1575:Infinity":695,"s:1576:4:1581:Infinity":696,"s:1576:17:1576:20":697,"b:1577:6:1580:Infinity:undefined:undefined:undefined:undefined":216,"s:1577:6:1580:Infinity":698,"b:1578:8:1578:Infinity:undefined:undefined:undefined:undefined":217,"s:1578:8:1578:Infinity":699,"s:1578:34:1578:Infinity":700,"s:1579:8:1579:Infinity":701,"b:1582:4:1582:Infinity:undefined:undefined:undefined:undefined":218,"s:1582:4:1582:Infinity":702,"s:1582:30:1582:Infinity":703,"s:1584:47:1584:49":704,"s:1585:4:1612:Infinity":705,"s:1585:17:1585:20":706,"s:1586:24:1586:50":707,"s:1587:30:1587:79":708,"b:1590:6:1596:Infinity:1592:13:1596:Infinity":219,"s:1590:6:1596:Infinity":709,"b:1590:10:1590:33:1590:33:1590:63":220,"s:1591:8:1591:Infinity":710,"b:1592:13:1596:Infinity:1594:13:1596:Infinity":221,"s:1592:13:1596:Infinity":711,"s:1593:8:1593:Infinity":712,"s:1595:8:1595:Infinity":713,"s:1598:27:1598:Infinity":714,"s:1599:25:1599:Infinity":715,"s:1600:35:1600:Infinity":716,"s:1601:38:1601:Infinity":717,"b:1601:51:1601:64:1601:64:1601:Infinity":222,"b:1603:6:1611:Infinity:undefined:undefined:undefined:undefined":223,"s:1603:6:1611:Infinity":718,"b:1603:10:1603:38:1603:38:1603:67":224,"s:1604:8:1610:Infinity":719,"s:1614:4:1649:Infinity":720,"b:1615:6:1628:Infinity:undefined:undefined:undefined:undefined":225,"s:1615:6:1628:Infinity":721,"b:1616:8:1626:Infinity:undefined:undefined:undefined:undefined":226,"s:1616:8:1626:Infinity":722,"s:1617:10:1625:Infinity":723,"s:1627:8:1627:Infinity":724,"s:1630:19:1630:Infinity":725,"b:1631:6:1631:Infinity:undefined:undefined:undefined:undefined":227,"s:1631:6:1631:Infinity":726,"s:1631:17:1631:Infinity":727,"s:1633:33:1633:Infinity":728,"b:1635:6:1648:Infinity:undefined:undefined:undefined:undefined":228,"s:1635:6:1648:Infinity":729,"s:1636:37:1636:70":730,"b:1637:8:1647:Infinity:undefined:undefined:undefined:undefined":229,"s:1637:8:1647:Infinity":731,"b:1637:12:1637:50:1637:50:1637:119":230,"s:1638:10:1646:Infinity":732,"b:1652:2:1652:Infinity:undefined:undefined:undefined:undefined":231,"s:1652:2:1652:Infinity":733,"s:1652:34:1652:Infinity":734,"s:1655:2:1675:Infinity":735,"f:1655:21:1655:22":77,"s:1657:24:1657:Infinity":736,"b:1657:47:1657:77:1657:80:1657:Infinity":232,"s:1658:24:1658:Infinity":737,"b:1658:47:1658:77:1658:80:1658:Infinity":233,"b:1660:4:1662:Infinity:undefined:undefined:undefined:undefined":234,"s:1660:4:1662:Infinity":738,"s:1661:6:1661:Infinity":739,"b:1665:4:1667:Infinity:undefined:undefined:undefined:undefined":235,"s:1665:4:1667:Infinity":740,"s:1666:6:1666:Infinity":741,"b:1670:4:1672:Infinity:undefined:undefined:undefined:undefined":236,"s:1670:4:1672:Infinity":742,"s:1671:6:1671:Infinity":743,"s:1674:4:1674:Infinity":744,"s:1677:21:1677:37":745,"s:1678:24:1678:44":746,"s:1679:31:1679:60":747,"s:1680:25:1680:50":748,"s:1681:23:1681:46":749,"s:1682:23:1682:46":750,"s:1684:27:1684:Infinity":751,"b:1688:2:1702:Infinity:undefined:undefined:undefined:undefined":237,"s:1688:2:1702:Infinity":752,"s:1689:23:1689:Infinity":753,"s:1690:31:1692:Infinity":754,"f:1690:49:1690:Infinity":78,"s:1691:6:1692:75":755,"b:1691:6:1691:Infinity:1692:6:1692:75":238,"b:1695:4:1701:Infinity:undefined:undefined:undefined:undefined":239,"s:1695:4:1701:Infinity":756,"s:1696:6:1696:Infinity":757,"f:1696:30:1696:31":79,"s:1696:40:1696:79":758,"s:1697:29:1697:Infinity":759,"b:1698:6:1700:Infinity:undefined:undefined:undefined:undefined":240,"s:1698:6:1700:Infinity":760,"s:1699:8:1699:Infinity":761,"b:1708:2:1717:Infinity:1712:9:1717:Infinity":241,"s:1708:2:1717:Infinity":762,"b:1708:6:1708:29:1708:29:1708:68":242,"s:1710:4:1710:Infinity":763,"s:1711:4:1711:Infinity":764,"s:1715:4:1715:Infinity":765,"s:1716:4:1716:Infinity":766,"s:1720:32:1720:104":767,"s:1721:25:1721:82":768,"s:1731:8:1731:10":769,"b:1734:2:1736:Infinity:undefined:undefined:undefined:undefined":243,"s:1734:2:1736:Infinity":770,"s:1735:4:1735:Infinity":771,"s:1739:2:1747:Infinity":772,"b:1750:2:1767:Infinity:undefined:undefined:undefined:undefined":244,"s:1750:2:1767:Infinity":773,"s:1752:23:1752:Infinity":774,"s:1753:28:1753:Infinity":775,"f:1753:46:1753:51":80,"s:1753:51:1753:Infinity":776,"s:1755:45:1755:Infinity":777,"b:1756:4:1759:Infinity:undefined:undefined:undefined:undefined":245,"s:1756:4:1759:Infinity":778,"s:1757:6:1757:Infinity":779,"f:1757:27:1757:28":81,"s:1757:37:1757:76":780,"s:1758:6:1758:Infinity":781,"b:1761:4:1766:Infinity:1763:11:1766:Infinity":246,"s:1761:4:1766:Infinity":782,"s:1762:6:1762:Infinity":783,"s:1765:6:1765:Infinity":784,"b:1769:2:1771:Infinity:undefined:undefined:undefined:undefined":247,"s:1769:2:1771:Infinity":785,"s:1770:4:1770:Infinity":786,"s:1773:22:1773:43":787,"s:1774:17:1774:Infinity":788,"b:1777:2:1779:Infinity:undefined:undefined:undefined:undefined":248,"s:1777:2:1779:Infinity":789,"b:1777:6:1777:16:1777:16:1777:38":249,"s:1778:4:1778:Infinity":790,"s:1781:2:1781:Infinity":791,"s:1787:40:1921:Infinity":792,"f:1787:40:1787:Infinity":82,"s:1798:18:1798:Infinity":793,"b:1798:37:1798:56:1798:60:1798:Infinity":250,"s:1799:18:1799:Infinity":794,"b:1799:37:1799:54:1799:58:1799:Infinity":251,"b:1801:2:1809:Infinity:undefined:undefined:undefined:undefined":252,"s:1801:2:1809:Infinity":795,"s:1802:4:1808:Infinity":796,"b:1811:2:1819:Infinity:undefined:undefined:undefined:undefined":253,"s:1811:2:1819:Infinity":797,"s:1812:4:1818:Infinity":798,"s:1821:19:1821:Infinity":799,"s:1822:18:1822:Infinity":800,"s:1823:26:1823:Infinity":801,"s:1825:116:1828:Infinity":802,"s:1830:24:1830:Infinity":803,"s:1831:2:1914:Infinity":804,"s:1831:15:1831:18":805,"s:1832:17:1832:31":806,"b:1834:4:1839:Infinity:undefined:undefined:undefined:undefined":254,"s:1834:4:1839:Infinity":807,"s:1836:33:1836:Infinity":808,"b:1836:33:1836:55:1836:59:1836:Infinity":255,"b:1836:78:1836:92:1836:96:1836:115:1836:119:1836:Infinity":256,"s:1837:6:1837:Infinity":809,"s:1838:6:1838:Infinity":810,"b:1841:4:1913:Infinity:1889:11:1913:Infinity":257,"s:1841:4:1913:Infinity":811,"s:1842:25:1842:Infinity":812,"s:1848:32:1855:Infinity":813,"f:1848:33:1848:Infinity":83,"s:1849:8:1853:Infinity":814,"s:1849:21:1849:28":815,"s:1850:20:1850:34":816,"b:1851:10:1851:Infinity:undefined:undefined:undefined:undefined":258,"s:1851:10:1851:Infinity":817,"s:1851:35:1851:Infinity":818,"b:1852:10:1852:Infinity:undefined:undefined:undefined:undefined":259,"s:1852:10:1852:Infinity":819,"s:1852:34:1852:Infinity":820,"s:1854:8:1854:Infinity":821,"s:1857:26:1857:Infinity":822,"s:1858:27:1858:Infinity":823,"s:1859:6:1859:Infinity":824,"b:1859:21:1859:37:1859:37:1859:Infinity":260,"b:1859:38:1859:55:1859:59:1859:64":261,"s:1861:26:1861:Infinity":825,"b:1863:6:1887:Infinity:undefined:undefined:undefined:undefined":262,"s:1863:6:1887:Infinity":826,"b:1863:10:1863:48:1863:48:1863:79":263,"s:1864:29:1864:Infinity":827,"s:1865:31:1869:Infinity":828,"b:1867:14:1867:27:1867:31:1867:33":264,"s:1871:29:1871:Infinity":829,"s:1872:27:1872:Infinity":830,"s:1873:34:1873:Infinity":831,"s:1875:19:1875:45":832,"s:1876:19:1876:49":833,"s:1878:8:1885:Infinity":834,"b:1881:23:1881:50:1881:50:1881:Infinity":265,"b:1883:14:1883:67:1884:14:1884:Infinity":266,"b:1882:22:1882:50:1882:50:1882:Infinity":267,"b:1883:46:1883:57:1883:57:1883:67":268,"s:1886:8:1886:Infinity":835,"s:1888:6:1888:Infinity":836,"b:1889:11:1913:Infinity:1900:11:1913:Infinity":269,"s:1889:11:1913:Infinity":837,"s:1890:26:1890:Infinity":838,"b:1890:45:1890:58:1890:62:1890:Infinity":270,"b:1891:6:1898:Infinity:undefined:undefined:undefined:undefined":271,"s:1891:6:1898:Infinity":839,"b:1891:10:1891:48:1891:48:1891:79":272,"s:1892:8:1896:Infinity":840,"s:1897:8:1897:Infinity":841,"s:1899:6:1899:Infinity":842,"b:1900:11:1913:Infinity:undefined:undefined:undefined:undefined":273,"s:1900:11:1913:Infinity":843,"s:1902:26:1902:Infinity":844,"b:1902:59:1902:83:1902:83:1902:Infinity":274,"s:1903:26:1903:Infinity":845,"b:1904:6:1911:Infinity:undefined:undefined:undefined:undefined":275,"s:1904:6:1911:Infinity":846,"b:1904:10:1904:48:1904:48:1904:79":276,"s:1905:8:1909:Infinity":847,"s:1910:8:1910:Infinity":848,"s:1912:6:1912:Infinity":849,"s:1916:2:1920:Infinity":850},"fnNames":{}}}
,"C:\\Users\\mekha\\OneDrive\\Desktop\\Projects\\ahmedabadmetro\\src\\lib\\utils.ts": {"path":"C:\\Users\\mekha\\OneDrive\\Desktop\\Projects\\ahmedabadmetro\\src\\lib\\utils.ts","statementMap":{"0":{"start":{"line":5,"column":2},"end":{"line":5,"column":null}},"1":{"start":{"line":13,"column":26},"end":{"line":19,"column":null}},"2":{"start":{"line":14,"column":14},"end":{"line":14,"column":null}},"3":{"start":{"line":15,"column":29},"end":{"line":15,"column":null}},"4":{"start":{"line":16,"column":27},"end":{"line":16,"column":32}},"5":{"start":{"line":17,"column":16},"end":{"line":17,"column":null}},"6":{"start":{"line":18,"column":2},"end":{"line":18,"column":null}}},"fnMap":{"0":{"name":"cn","decl":{"start":{"line":4,"column":16},"end":{"line":4,"column":19}},"loc":{"start":{"line":4,"column":42},"end":{"line":6,"column":null}},"line":4},"1":{"name":"(anonymous_1)","decl":{"start":{"line":13,"column":26},"end":{"line":13,"column":null}},"loc":{"start":{"line":13,"column":26},"end":{"line":19,"column":null}},"line":13}},"branchMap":{},"s":{"0":0,"1":2,"2":17,"3":17,"4":17,"5":17,"6":17},"f":{"0":0,"1":17},"b":{},"meta":{"lastBranch":0,"lastFunction":2,"lastStatement":7,"seen":{"f:4:16:4:19":0,"s:5:2:5:Infinity":0,"s:13:26:19:Infinity":1,"f:13:26:13:Infinity":1,"s:14:14:14:Infinity":2,"s:15:29:15:Infinity":3,"s:16:27:16:32":4,"s:17:16:17:Infinity":5,"s:18:2:18:Infinity":6},"fnNames":{}}}
}
