{"C:\\Users\\mekha\\OneDrive\\Desktop\\Projects\\ahmedabadmetro\\src\\data\\fareData.ts": {"path":"C:\\Users\\mekha\\OneDrive\\Desktop\\Projects\\ahmedabadmetro\\src\\data\\fareData.ts","statementMap":{"0":{"start":{"line":4,"column":63},"end":{"line":23,"column":null}},"1":{"start":{"line":28,"column":62},"end":{"line":43,"column":null}},"2":{"start":{"line":48,"column":49},"end":{"line":68,"column":null}},"3":{"start":{"line":73,"column":48},"end":{"line":93,"column":null}},"4":{"start":{"line":98,"column":48},"end":{"line":114,"column":null}}},"fnMap":{},"branchMap":{},"s":{"0":1,"1":1,"2":1,"3":1,"4":1},"f":{},"b":{},"meta":{"lastBranch":0,"lastFunction":0,"lastStatement":5,"seen":{"s:4:63:23:Infinity":0,"s:28:62:43:Infinity":1,"s:48:49:68:Infinity":2,"s:73:48:93:Infinity":3,"s:98:48:114:Infinity":4},"fnNames":{}}}
,"C:\\Users\\mekha\\OneDrive\\Desktop\\Projects\\ahmedabadmetro\\src\\data\\metroData.ts": {"path":"C:\\Users\\mekha\\OneDrive\\Desktop\\Projects\\ahmedabadmetro\\src\\data\\metroData.ts","statementMap":{"0":{"start":{"line":13,"column":27},"end":{"line":18,"column":null}},"1":{"start":{"line":21,"column":49},"end":{"line":84,"column":null}}},"fnMap":{},"branchMap":{},"s":{"0":2,"1":2},"f":{},"b":{},"meta":{"lastBranch":0,"lastFunction":0,"lastStatement":2,"seen":{"s:13:27:18:Infinity":0,"s:21:49:84:Infinity":1},"fnNames":{}}}
,"C:\\Users\\mekha\\OneDrive\\Desktop\\Projects\\ahmedabadmetro\\src\\data\\segmentTimings.ts": {"path":"C:\\Users\\mekha\\OneDrive\\Desktop\\Projects\\ahmedabadmetro\\src\\data\\segmentTimings.ts","statementMap":{"0":{"start":{"line":6,"column":27},"end":{"line":6,"column":30}},"1":{"start":{"line":7,"column":32},"end":{"line":7,"column":35}},"2":{"start":{"line":10,"column":36},"end":{"line":10,"column":null}},"3":{"start":{"line":36,"column":42},"end":{"line":41,"column":null}},"4":{"start":{"line":44,"column":47},"end":{"line":49,"column":null}},"5":{"start":{"line":52,"column":29},"end":{"line":52,"column":null}},"6":{"start":{"line":55,"column":48},"end":{"line":60,"column":null}},"7":{"start":{"line":63,"column":30},"end":{"line":63,"column":null}},"8":{"start":{"line":66,"column":47},"end":{"line":71,"column":null}},"9":{"start":{"line":74,"column":47},"end":{"line":79,"column":null}},"10":{"start":{"line":82,"column":60},"end":{"line":87,"column":null}},"11":{"start":{"line":90,"column":36},"end":{"line":95,"column":null}},"12":{"start":{"line":98,"column":42},"end":{"line":106,"column":null}},"13":{"start":{"line":109,"column":38},"end":{"line":118,"column":null}},"14":{"start":{"line":122,"column":22},"end":{"line":122,"column":null}},"15":{"start":{"line":123,"column":31},"end":{"line":123,"column":48}},"16":{"start":{"line":126,"column":25},"end":{"line":126,"column":null}},"17":{"start":{"line":127,"column":20},"end":{"line":127,"column":null}},"18":{"start":{"line":128,"column":2},"end":{"line":134,"column":null}},"19":{"start":{"line":128,"column":15},"end":{"line":128,"column":18}},"20":{"start":{"line":129,"column":4},"end":{"line":133,"column":null}},"21":{"start":{"line":130,"column":6},"end":{"line":130,"column":null}},"22":{"start":{"line":132,"column":6},"end":{"line":132,"column":null}},"23":{"start":{"line":136,"column":24},"end":{"line":136,"column":96}},"24":{"start":{"line":137,"column":28},"end":{"line":137,"column":null}},"25":{"start":{"line":138,"column":2},"end":{"line":138,"column":null}},"26":{"start":{"line":141,"column":2},"end":{"line":141,"column":35}},"27":{"start":{"line":142,"column":19},"end":{"line":142,"column":null}},"28":{"start":{"line":144,"column":2},"end":{"line":156,"column":null}},"29":{"start":{"line":144,"column":15},"end":{"line":144,"column":18}},"30":{"start":{"line":146,"column":4},"end":{"line":146,"column":null}},"31":{"start":{"line":149,"column":4},"end":{"line":153,"column":null}},"32":{"start":{"line":150,"column":26},"end":{"line":150,"column":49}},"33":{"start":{"line":151,"column":23},"end":{"line":151,"column":null}},"34":{"start":{"line":152,"column":6},"end":{"line":152,"column":null}},"35":{"start":{"line":155,"column":4},"end":{"line":155,"column":null}},"36":{"start":{"line":160,"column":0},"end":{"line":160,"column":null}},"37":{"start":{"line":161,"column":0},"end":{"line":161,"column":null}},"38":{"start":{"line":162,"column":0},"end":{"line":162,"column":null}},"39":{"start":{"line":163,"column":0},"end":{"line":163,"column":null}},"40":{"start":{"line":164,"column":0},"end":{"line":164,"column":null}},"41":{"start":{"line":165,"column":0},"end":{"line":165,"column":null}},"42":{"start":{"line":166,"column":0},"end":{"line":166,"column":null}},"43":{"start":{"line":167,"column":0},"end":{"line":167,"column":null}},"44":{"start":{"line":168,"column":0},"end":{"line":168,"column":null}},"45":{"start":{"line":179,"column":29},"end":{"line":179,"column":31}},"46":{"start":{"line":180,"column":35},"end":{"line":180,"column":37}},"47":{"start":{"line":181,"column":17},"end":{"line":181,"column":null}},"48":{"start":{"line":183,"column":2},"end":{"line":200,"column":null}},"49":{"start":{"line":184,"column":4},"end":{"line":196,"column":null}},"50":{"start":{"line":186,"column":6},"end":{"line":192,"column":null}},"51":{"start":{"line":188,"column":32},"end":{"line":188,"column":51}},"52":{"start":{"line":189,"column":25},"end":{"line":189,"column":null}},"53":{"start":{"line":190,"column":8},"end":{"line":190,"column":null}},"54":{"start":{"line":191,"column":8},"end":{"line":191,"column":null}},"55":{"start":{"line":194,"column":6},"end":{"line":194,"column":null}},"56":{"start":{"line":195,"column":6},"end":{"line":195,"column":null}},"57":{"start":{"line":199,"column":4},"end":{"line":199,"column":null}},"58":{"start":{"line":203,"column":2},"end":{"line":206,"column":null}},"59":{"start":{"line":205,"column":44},"end":{"line":205,"column":null}},"60":{"start":{"line":210,"column":28},"end":{"line":215,"column":null}},"61":{"start":{"line":218,"column":32},"end":{"line":230,"column":null}},"62":{"start":{"line":233,"column":40},"end":{"line":273,"column":null}},"63":{"start":{"line":236,"column":20},"end":{"line":236,"column":47}},"64":{"start":{"line":237,"column":20},"end":{"line":237,"column":77}},"65":{"start":{"line":238,"column":4},"end":{"line":241,"column":null}},"66":{"start":{"line":240,"column":54},"end":{"line":240,"column":67}},"67":{"start":{"line":246,"column":20},"end":{"line":246,"column":54}},"68":{"start":{"line":247,"column":20},"end":{"line":247,"column":77}},"69":{"start":{"line":248,"column":4},"end":{"line":251,"column":null}},"70":{"start":{"line":250,"column":54},"end":{"line":250,"column":67}},"71":{"start":{"line":256,"column":20},"end":{"line":256,"column":56}},"72":{"start":{"line":257,"column":20},"end":{"line":257,"column":77}},"73":{"start":{"line":258,"column":4},"end":{"line":261,"column":null}},"74":{"start":{"line":260,"column":54},"end":{"line":260,"column":67}},"75":{"start":{"line":266,"column":20},"end":{"line":266,"column":47}},"76":{"start":{"line":267,"column":20},"end":{"line":267,"column":77}},"77":{"start":{"line":268,"column":4},"end":{"line":271,"column":null}},"78":{"start":{"line":270,"column":54},"end":{"line":270,"column":67}}},"fnMap":{"0":{"name":"calculateSectionTimes","decl":{"start":{"line":121,"column":9},"end":{"line":121,"column":31}},"loc":{"start":{"line":121,"column":53},"end":{"line":157,"column":null}},"line":121},"1":{"name":"joinSections","decl":{"start":{"line":178,"column":16},"end":{"line":178,"column":29}},"loc":{"start":{"line":178,"column":57},"end":{"line":207,"column":null}},"line":178},"2":{"name":"(anonymous_2)","decl":{"start":{"line":183,"column":19},"end":{"line":183,"column":20}},"loc":{"start":{"line":183,"column":29},"end":{"line":200,"column":null}},"line":183},"3":{"name":"(anonymous_3)","decl":{"start":{"line":184,"column":29},"end":{"line":184,"column":30}},"loc":{"start":{"line":184,"column":39},"end":{"line":196,"column":null}},"line":184},"4":{"name":"(anonymous_4)","decl":{"start":{"line":205,"column":39},"end":{"line":205,"column":44}},"loc":{"start":{"line":205,"column":44},"end":{"line":205,"column":null}},"line":205},"5":{"name":"(anonymous_5)","decl":{"start":{"line":235,"column":15},"end":{"line":235,"column":null}},"loc":{"start":{"line":235,"column":15},"end":{"line":242,"column":null}},"line":235},"6":{"name":"(anonymous_6)","decl":{"start":{"line":240,"column":49},"end":{"line":240,"column":54}},"loc":{"start":{"line":240,"column":54},"end":{"line":240,"column":67}},"line":240},"7":{"name":"(anonymous_7)","decl":{"start":{"line":245,"column":22},"end":{"line":245,"column":null}},"loc":{"start":{"line":245,"column":22},"end":{"line":252,"column":null}},"line":245},"8":{"name":"(anonymous_8)","decl":{"start":{"line":250,"column":49},"end":{"line":250,"column":54}},"loc":{"start":{"line":250,"column":54},"end":{"line":250,"column":67}},"line":250},"9":{"name":"(anonymous_9)","decl":{"start":{"line":255,"column":24},"end":{"line":255,"column":null}},"loc":{"start":{"line":255,"column":24},"end":{"line":262,"column":null}},"line":255},"10":{"name":"(anonymous_10)","decl":{"start":{"line":260,"column":49},"end":{"line":260,"column":54}},"loc":{"start":{"line":260,"column":54},"end":{"line":260,"column":67}},"line":260},"11":{"name":"(anonymous_11)","decl":{"start":{"line":265,"column":15},"end":{"line":265,"column":null}},"loc":{"start":{"line":265,"column":15},"end":{"line":272,"column":null}},"line":265},"12":{"name":"(anonymous_12)","decl":{"start":{"line":270,"column":49},"end":{"line":270,"column":54}},"loc":{"start":{"line":270,"column":54},"end":{"line":270,"column":67}},"line":270}},"branchMap":{"0":{"loc":{"start":{"line":129,"column":4},"end":{"line":133,"column":null}},"type":"if","locations":[{"start":{"line":129,"column":4},"end":{"line":133,"column":null}},{"start":{"line":131,"column":11},"end":{"line":133,"column":null}}],"line":129},"1":{"loc":{"start":{"line":149,"column":4},"end":{"line":153,"column":null}},"type":"if","locations":[{"start":{"line":149,"column":4},"end":{"line":153,"column":null}},{"start":{},"end":{}}],"line":149},"2":{"loc":{"start":{"line":151,"column":23},"end":{"line":151,"column":null}},"type":"cond-expr","locations":[{"start":{"line":151,"column":68},"end":{"line":151,"column":87}},{"start":{"line":151,"column":87},"end":{"line":151,"column":null}}],"line":151},"3":{"loc":{"start":{"line":186,"column":6},"end":{"line":192,"column":null}},"type":"if","locations":[{"start":{"line":186,"column":6},"end":{"line":192,"column":null}},{"start":{},"end":{}}],"line":186},"4":{"loc":{"start":{"line":186,"column":10},"end":{"line":186,"column":46}},"type":"binary-expr","locations":[{"start":{"line":186,"column":10},"end":{"line":186,"column":28}},{"start":{"line":186,"column":28},"end":{"line":186,"column":46}}],"line":186},"5":{"loc":{"start":{"line":189,"column":25},"end":{"line":189,"column":null}},"type":"cond-expr","locations":[{"start":{"line":189,"column":74},"end":{"line":189,"column":93}},{"start":{"line":189,"column":93},"end":{"line":189,"column":null}}],"line":189}},"s":{"0":2,"1":2,"2":2,"3":2,"4":2,"5":2,"6":2,"7":2,"8":2,"9":2,"10":2,"11":2,"12":2,"13":2,"14":18,"15":18,"16":18,"17":18,"18":18,"19":18,"20":86,"21":0,"22":86,"23":18,"24":18,"25":18,"26":18,"27":18,"28":18,"29":18,"30":104,"31":104,"32":86,"33":86,"34":86,"35":104,"36":2,"37":2,"38":2,"39":2,"40":2,"41":2,"42":2,"43":2,"44":2,"45":16,"46":16,"47":16,"48":16,"49":54,"50":368,"51":38,"52":38,"53":38,"54":38,"55":330,"56":330,"57":54,"58":16,"59":330,"60":2,"61":2,"62":2,"63":2,"64":2,"65":2,"66":44,"67":2,"68":2,"69":2,"70":58,"71":2,"72":2,"73":2,"74":68,"75":2,"76":2,"77":2,"78":48},"f":{"0":18,"1":16,"2":54,"3":368,"4":330,"5":2,"6":44,"7":2,"8":58,"9":2,"10":68,"11":2,"12":48},"b":{"0":[0,86],"1":[86,18],"2":[0,86],"3":[38,330],"4":[368,260],"5":[28,10]},"meta":{"lastBranch":6,"lastFunction":13,"lastStatement":79,"seen":{"s:6:27:6:30":0,"s:7:32:7:35":1,"s:10:36:10:Infinity":2,"s:36:42:41:Infinity":3,"s:44:47:49:Infinity":4,"s:52:29:52:Infinity":5,"s:55:48:60:Infinity":6,"s:63:30:63:Infinity":7,"s:66:47:71:Infinity":8,"s:74:47:79:Infinity":9,"s:82:60:87:Infinity":10,"s:90:36:95:Infinity":11,"s:98:42:106:Infinity":12,"s:109:38:118:Infinity":13,"f:121:9:121:31":0,"s:122:22:122:Infinity":14,"s:123:31:123:48":15,"s:126:25:126:Infinity":16,"s:127:20:127:Infinity":17,"s:128:2:134:Infinity":18,"s:128:15:128:18":19,"b:129:4:133:Infinity:131:11:133:Infinity":0,"s:129:4:133:Infinity":20,"s:130:6:130:Infinity":21,"s:132:6:132:Infinity":22,"s:136:24:136:96":23,"s:137:28:137:Infinity":24,"s:138:2:138:Infinity":25,"s:141:2:141:35":26,"s:142:19:142:Infinity":27,"s:144:2:156:Infinity":28,"s:144:15:144:18":29,"s:146:4:146:Infinity":30,"b:149:4:153:Infinity:undefined:undefined:undefined:undefined":1,"s:149:4:153:Infinity":31,"s:150:26:150:49":32,"s:151:23:151:Infinity":33,"b:151:68:151:87:151:87:151:Infinity":2,"s:152:6:152:Infinity":34,"s:155:4:155:Infinity":35,"s:160:0:160:Infinity":36,"s:161:0:161:Infinity":37,"s:162:0:162:Infinity":38,"s:163:0:163:Infinity":39,"s:164:0:164:Infinity":40,"s:165:0:165:Infinity":41,"s:166:0:166:Infinity":42,"s:167:0:167:Infinity":43,"s:168:0:168:Infinity":44,"f:178:16:178:29":1,"s:179:29:179:31":45,"s:180:35:180:37":46,"s:181:17:181:Infinity":47,"s:183:2:200:Infinity":48,"f:183:19:183:20":2,"s:184:4:196:Infinity":49,"f:184:29:184:30":3,"b:186:6:192:Infinity:undefined:undefined:undefined:undefined":3,"s:186:6:192:Infinity":50,"b:186:10:186:28:186:28:186:46":4,"s:188:32:188:51":51,"s:189:25:189:Infinity":52,"b:189:74:189:93:189:93:189:Infinity":5,"s:190:8:190:Infinity":53,"s:191:8:191:Infinity":54,"s:194:6:194:Infinity":55,"s:195:6:195:Infinity":56,"s:199:4:199:Infinity":57,"s:203:2:206:Infinity":58,"f:205:39:205:44":4,"s:205:44:205:Infinity":59,"s:210:28:215:Infinity":60,"s:218:32:230:Infinity":61,"s:233:40:273:Infinity":62,"f:235:15:235:Infinity":5,"s:236:20:236:47":63,"s:237:20:237:77":64,"s:238:4:241:Infinity":65,"f:240:49:240:54":6,"s:240:54:240:67":66,"f:245:22:245:Infinity":7,"s:246:20:246:54":67,"s:247:20:247:77":68,"s:248:4:251:Infinity":69,"f:250:49:250:54":8,"s:250:54:250:67":70,"f:255:24:255:Infinity":9,"s:256:20:256:56":71,"s:257:20:257:77":72,"s:258:4:261:Infinity":73,"f:260:49:260:54":10,"s:260:54:260:67":74,"f:265:15:265:Infinity":11,"s:266:20:266:47":75,"s:267:20:267:77":76,"s:268:4:271:Infinity":77,"f:270:49:270:54":12,"s:270:54:270:67":78},"fnNames":{}}}
,"C:\\Users\\mekha\\OneDrive\\Desktop\\Projects\\ahmedabadmetro\\src\\data\\timetable.ts": {"path":"C:\\Users\\mekha\\OneDrive\\Desktop\\Projects\\ahmedabadmetro\\src\\data\\timetable.ts","statementMap":{"0":{"start":{"line":21,"column":15},"end":{"line":21,"column":null}},"1":{"start":{"line":22,"column":47},"end":{"line":22,"column":68}},"2":{"start":{"line":27,"column":83},"end":{"line":32,"column":null}},"3":{"start":{"line":37,"column":42},"end":{"line":50,"column":null}},"4":{"start":{"line":38,"column":15},"end":{"line":38,"column":null}},"5":{"start":{"line":39,"column":36},"end":{"line":39,"column":38}},"6":{"start":{"line":40,"column":2},"end":{"line":48,"column":null}},"7":{"start":{"line":41,"column":4},"end":{"line":47,"column":null}},"8":{"start":{"line":41,"column":17},"end":{"line":41,"column":20}},"9":{"start":{"line":42,"column":18},"end":{"line":42,"column":71}},"10":{"start":{"line":43,"column":6},"end":{"line":46,"column":null}},"11":{"start":{"line":44,"column":8},"end":{"line":44,"column":null}},"12":{"start":{"line":45,"column":8},"end":{"line":45,"column":null}},"13":{"start":{"line":49,"column":2},"end":{"line":49,"column":null}},"14":{"start":{"line":53,"column":24},"end":{"line":101,"column":null}},"15":{"start":{"line":103,"column":33},"end":{"line":125,"column":null}},"16":{"start":{"line":104,"column":14},"end":{"line":104,"column":null}},"17":{"start":{"line":105,"column":15},"end":{"line":105,"column":null}},"18":{"start":{"line":106,"column":20},"end":{"line":106,"column":null}},"19":{"start":{"line":107,"column":19},"end":{"line":107,"column":null}},"20":{"start":{"line":108,"column":21},"end":{"line":108,"column":null}},"21":{"start":{"line":109,"column":21},"end":{"line":109,"column":null}},"22":{"start":{"line":111,"column":2},"end":{"line":124,"column":null}},"23":{"start":{"line":113,"column":6},"end":{"line":113,"column":null}},"24":{"start":{"line":113,"column":20},"end":{"line":113,"column":null}},"25":{"start":{"line":114,"column":6},"end":{"line":114,"column":null}},"26":{"start":{"line":114,"column":22},"end":{"line":114,"column":null}},"27":{"start":{"line":115,"column":6},"end":{"line":115,"column":null}},"28":{"start":{"line":117,"column":6},"end":{"line":117,"column":null}},"29":{"start":{"line":119,"column":6},"end":{"line":119,"column":null}},"30":{"start":{"line":121,"column":6},"end":{"line":121,"column":null}},"31":{"start":{"line":123,"column":6},"end":{"line":123,"column":null}},"32":{"start":{"line":127,"column":18},"end":{"line":130,"column":null}},"33":{"start":{"line":128,"column":17},"end":{"line":128,"column":null}},"34":{"start":{"line":129,"column":2},"end":{"line":129,"column":null}},"35":{"start":{"line":132,"column":26},"end":{"line":136,"column":null}},"36":{"start":{"line":133,"column":15},"end":{"line":133,"column":null}},"37":{"start":{"line":134,"column":2},"end":{"line":134,"column":null}},"38":{"start":{"line":134,"column":12},"end":{"line":134,"column":null}},"39":{"start":{"line":135,"column":2},"end":{"line":135,"column":null}},"40":{"start":{"line":135,"column":60},"end":{"line":135,"column":null}},"41":{"start":{"line":140,"column":31},"end":{"line":153,"column":null}},"42":{"start":{"line":141,"column":15},"end":{"line":141,"column":null}},"43":{"start":{"line":142,"column":2},"end":{"line":152,"column":null}},"44":{"start":{"line":143,"column":4},"end":{"line":143,"column":null}},"45":{"start":{"line":144,"column":9},"end":{"line":152,"column":null}},"46":{"start":{"line":145,"column":4},"end":{"line":145,"column":null}},"47":{"start":{"line":146,"column":9},"end":{"line":152,"column":null}},"48":{"start":{"line":147,"column":4},"end":{"line":147,"column":null}},"49":{"start":{"line":148,"column":9},"end":{"line":152,"column":null}},"50":{"start":{"line":149,"column":4},"end":{"line":149,"column":null}},"51":{"start":{"line":151,"column":4},"end":{"line":151,"column":null}},"52":{"start":{"line":156,"column":33},"end":{"line":231,"column":null}},"53":{"start":{"line":157,"column":14},"end":{"line":157,"column":null}},"54":{"start":{"line":158,"column":25},"end":{"line":158,"column":null}},"55":{"start":{"line":159,"column":20},"end":{"line":159,"column":null}},"56":{"start":{"line":160,"column":25},"end":{"line":160,"column":null}},"57":{"start":{"line":172,"column":8},"end":{"line":172,"column":10}},"58":{"start":{"line":174,"column":2},"end":{"line":211,"column":null}},"59":{"start":{"line":176,"column":4},"end":{"line":176,"column":null}},"60":{"start":{"line":176,"column":65},"end":{"line":176,"column":null}},"61":{"start":{"line":177,"column":25},"end":{"line":177,"column":null}},"62":{"start":{"line":178,"column":4},"end":{"line":178,"column":null}},"63":{"start":{"line":178,"column":29},"end":{"line":178,"column":null}},"64":{"start":{"line":179,"column":4},"end":{"line":179,"column":65}},"65":{"start":{"line":179,"column":55},"end":{"line":179,"column":65}},"66":{"start":{"line":182,"column":25},"end":{"line":182,"column":null}},"67":{"start":{"line":183,"column":27},"end":{"line":183,"column":77}},"68":{"start":{"line":185,"column":22},"end":{"line":185,"column":null}},"69":{"start":{"line":186,"column":4},"end":{"line":189,"column":null}},"70":{"start":{"line":188,"column":6},"end":{"line":188,"column":null}},"71":{"start":{"line":191,"column":4},"end":{"line":210,"column":null}},"72":{"start":{"line":192,"column":26},"end":{"line":192,"column":null}},"73":{"start":{"line":193,"column":25},"end":{"line":193,"column":null}},"74":{"start":{"line":195,"column":28},"end":{"line":195,"column":75}},"75":{"start":{"line":196,"column":26},"end":{"line":196,"column":39}},"76":{"start":{"line":197,"column":27},"end":{"line":197,"column":null}},"77":{"start":{"line":199,"column":6},"end":{"line":209,"column":null}},"78":{"start":{"line":213,"column":17},"end":{"line":213,"column":null}},"79":{"start":{"line":213,"column":41},"end":{"line":213,"column":70}},"80":{"start":{"line":214,"column":23},"end":{"line":214,"column":25}},"81":{"start":{"line":216,"column":2},"end":{"line":228,"column":null}},"82":{"start":{"line":219,"column":23},"end":{"line":222,"column":null}},"83":{"start":{"line":220,"column":11},"end":{"line":222,"column":null}},"84":{"start":{"line":225,"column":4},"end":{"line":227,"column":null}},"85":{"start":{"line":226,"column":6},"end":{"line":226,"column":null}},"86":{"start":{"line":230,"column":2},"end":{"line":230,"column":null}},"87":{"start":{"line":233,"column":38},"end":{"line":282,"column":null}},"88":{"start":{"line":234,"column":132},"end":{"line":234,"column":134}},"89":{"start":{"line":235,"column":14},"end":{"line":235,"column":null}},"90":{"start":{"line":236,"column":20},"end":{"line":236,"column":null}},"91":{"start":{"line":237,"column":25},"end":{"line":237,"column":null}},"92":{"start":{"line":239,"column":2},"end":{"line":262,"column":null}},"93":{"start":{"line":240,"column":4},"end":{"line":240,"column":null}},"94":{"start":{"line":240,"column":65},"end":{"line":240,"column":null}},"95":{"start":{"line":241,"column":25},"end":{"line":241,"column":null}},"96":{"start":{"line":242,"column":4},"end":{"line":242,"column":null}},"97":{"start":{"line":242,"column":29},"end":{"line":242,"column":null}},"98":{"start":{"line":243,"column":4},"end":{"line":243,"column":65}},"99":{"start":{"line":243,"column":55},"end":{"line":243,"column":65}},"100":{"start":{"line":245,"column":25},"end":{"line":245,"column":null}},"101":{"start":{"line":246,"column":27},"end":{"line":246,"column":77}},"102":{"start":{"line":248,"column":24},"end":{"line":248,"column":null}},"103":{"start":{"line":249,"column":23},"end":{"line":249,"column":null}},"104":{"start":{"line":251,"column":26},"end":{"line":251,"column":73}},"105":{"start":{"line":252,"column":24},"end":{"line":252,"column":37}},"106":{"start":{"line":254,"column":4},"end":{"line":261,"column":null}},"107":{"start":{"line":264,"column":17},"end":{"line":264,"column":null}},"108":{"start":{"line":264,"column":39},"end":{"line":264,"column":60}},"109":{"start":{"line":265,"column":23},"end":{"line":265,"column":25}},"110":{"start":{"line":267,"column":2},"end":{"line":279,"column":null}},"111":{"start":{"line":270,"column":23},"end":{"line":273,"column":null}},"112":{"start":{"line":271,"column":11},"end":{"line":273,"column":null}},"113":{"start":{"line":276,"column":4},"end":{"line":278,"column":null}},"114":{"start":{"line":277,"column":6},"end":{"line":277,"column":null}},"115":{"start":{"line":281,"column":2},"end":{"line":281,"column":null}},"116":{"start":{"line":281,"column":60},"end":{"line":281,"column":null}},"117":{"start":{"line":284,"column":36},"end":{"line":332,"column":null}},"118":{"start":{"line":285,"column":14},"end":{"line":285,"column":null}},"119":{"start":{"line":286,"column":25},"end":{"line":286,"column":null}},"120":{"start":{"line":288,"column":32},"end":{"line":288,"column":null}},"121":{"start":{"line":289,"column":20},"end":{"line":289,"column":null}},"122":{"start":{"line":290,"column":25},"end":{"line":290,"column":null}},"123":{"start":{"line":292,"column":2},"end":{"line":307,"column":null}},"124":{"start":{"line":293,"column":4},"end":{"line":293,"column":null}},"125":{"start":{"line":293,"column":65},"end":{"line":293,"column":null}},"126":{"start":{"line":294,"column":25},"end":{"line":294,"column":null}},"127":{"start":{"line":295,"column":4},"end":{"line":295,"column":null}},"128":{"start":{"line":295,"column":78},"end":{"line":295,"column":null}},"129":{"start":{"line":297,"column":25},"end":{"line":297,"column":null}},"130":{"start":{"line":298,"column":27},"end":{"line":298,"column":77}},"131":{"start":{"line":300,"column":26},"end":{"line":300,"column":73}},"132":{"start":{"line":301,"column":24},"end":{"line":301,"column":37}},"133":{"start":{"line":302,"column":21},"end":{"line":302,"column":null}},"134":{"start":{"line":304,"column":4},"end":{"line":306,"column":null}},"135":{"start":{"line":305,"column":6},"end":{"line":305,"column":null}},"136":{"start":{"line":314,"column":8},"end":{"line":314,"column":10}},"137":{"start":{"line":316,"column":2},"end":{"line":329,"column":null}},"138":{"start":{"line":317,"column":29},"end":{"line":317,"column":null}},"139":{"start":{"line":318,"column":4},"end":{"line":328,"column":null}},"140":{"start":{"line":319,"column":26},"end":{"line":319,"column":null}},"141":{"start":{"line":320,"column":25},"end":{"line":320,"column":null}},"142":{"start":{"line":322,"column":6},"end":{"line":327,"column":null}},"143":{"start":{"line":331,"column":2},"end":{"line":331,"column":null}},"144":{"start":{"line":331,"column":33},"end":{"line":331,"column":72}},"145":{"start":{"line":335,"column":20},"end":{"line":335,"column":null}},"146":{"start":{"line":336,"column":45},"end":{"line":336,"column":47}},"147":{"start":{"line":349,"column":40},"end":{"line":474,"column":null}},"148":{"start":{"line":350,"column":14},"end":{"line":350,"column":null}},"149":{"start":{"line":352,"column":4},"end":{"line":355,"column":null}},"150":{"start":{"line":357,"column":37},"end":{"line":357,"column":39}},"151":{"start":{"line":359,"column":20},"end":{"line":359,"column":null}},"152":{"start":{"line":360,"column":25},"end":{"line":360,"column":null}},"153":{"start":{"line":363,"column":2},"end":{"line":372,"column":null}},"154":{"start":{"line":364,"column":4},"end":{"line":364,"column":null}},"155":{"start":{"line":365,"column":4},"end":{"line":365,"column":null}},"156":{"start":{"line":365,"column":55},"end":{"line":365,"column":null}},"157":{"start":{"line":367,"column":4},"end":{"line":371,"column":null}},"158":{"start":{"line":368,"column":6},"end":{"line":370,"column":null}},"159":{"start":{"line":369,"column":8},"end":{"line":369,"column":null}},"160":{"start":{"line":374,"column":2},"end":{"line":451,"column":null}},"161":{"start":{"line":375,"column":25},"end":{"line":375,"column":53}},"162":{"start":{"line":376,"column":24},"end":{"line":376,"column":79}},"163":{"start":{"line":379,"column":27},"end":{"line":379,"column":74}},"164":{"start":{"line":380,"column":31},"end":{"line":380,"column":null}},"165":{"start":{"line":381,"column":33},"end":{"line":381,"column":null}},"166":{"start":{"line":383,"column":23},"end":{"line":383,"column":null}},"167":{"start":{"line":386,"column":4},"end":{"line":386,"column":null}},"168":{"start":{"line":386,"column":70},"end":{"line":386,"column":null}},"169":{"start":{"line":389,"column":27},"end":{"line":389,"column":null}},"170":{"start":{"line":391,"column":18},"end":{"line":391,"column":null}},"171":{"start":{"line":392,"column":16},"end":{"line":392,"column":null}},"172":{"start":{"line":395,"column":4},"end":{"line":409,"column":null}},"173":{"start":{"line":395,"column":17},"end":{"line":395,"column":20}},"174":{"start":{"line":398,"column":6},"end":{"line":402,"column":null}},"175":{"start":{"line":399,"column":8},"end":{"line":399,"column":null}},"176":{"start":{"line":400,"column":8},"end":{"line":400,"column":null}},"177":{"start":{"line":401,"column":8},"end":{"line":401,"column":null}},"178":{"start":{"line":405,"column":6},"end":{"line":408,"column":null}},"179":{"start":{"line":406,"column":8},"end":{"line":406,"column":null}},"180":{"start":{"line":407,"column":8},"end":{"line":407,"column":null}},"181":{"start":{"line":412,"column":26},"end":{"line":412,"column":52}},"182":{"start":{"line":413,"column":24},"end":{"line":413,"column":48}},"183":{"start":{"line":414,"column":4},"end":{"line":414,"column":null}},"184":{"start":{"line":414,"column":40},"end":{"line":414,"column":null}},"185":{"start":{"line":416,"column":23},"end":{"line":416,"column":53}},"186":{"start":{"line":417,"column":23},"end":{"line":417,"column":51}},"187":{"start":{"line":420,"column":23},"end":{"line":420,"column":null}},"188":{"start":{"line":421,"column":4},"end":{"line":424,"column":null}},"189":{"start":{"line":422,"column":28},"end":{"line":422,"column":null}},"190":{"start":{"line":423,"column":6},"end":{"line":423,"column":null}},"191":{"start":{"line":426,"column":27},"end":{"line":426,"column":null}},"192":{"start":{"line":428,"column":39},"end":{"line":428,"column":null}},"193":{"start":{"line":429,"column":19},"end":{"line":429,"column":null}},"194":{"start":{"line":431,"column":4},"end":{"line":438,"column":null}},"195":{"start":{"line":432,"column":6},"end":{"line":432,"column":null}},"196":{"start":{"line":433,"column":6},"end":{"line":433,"column":null}},"197":{"start":{"line":435,"column":6},"end":{"line":435,"column":null}},"198":{"start":{"line":436,"column":29},"end":{"line":436,"column":null}},"199":{"start":{"line":437,"column":6},"end":{"line":437,"column":null}},"200":{"start":{"line":440,"column":26},"end":{"line":440,"column":73}},"201":{"start":{"line":442,"column":4},"end":{"line":450,"column":null}},"202":{"start":{"line":456,"column":71},"end":{"line":456,"column":73}},"203":{"start":{"line":458,"column":2},"end":{"line":471,"column":null}},"204":{"start":{"line":462,"column":32},"end":{"line":465,"column":null}},"205":{"start":{"line":463,"column":12},"end":{"line":465,"column":null}},"206":{"start":{"line":468,"column":4},"end":{"line":470,"column":null}},"207":{"start":{"line":469,"column":6},"end":{"line":469,"column":null}},"208":{"start":{"line":473,"column":2},"end":{"line":473,"column":null}}},"fnMap":{"0":{"name":"(anonymous_0)","decl":{"start":{"line":37,"column":42},"end":{"line":37,"column":null}},"loc":{"start":{"line":37,"column":42},"end":{"line":50,"column":null}},"line":37},"1":{"name":"(anonymous_1)","decl":{"start":{"line":103,"column":33},"end":{"line":103,"column":34}},"loc":{"start":{"line":103,"column":34},"end":{"line":125,"column":null}},"line":103},"2":{"name":"(anonymous_2)","decl":{"start":{"line":127,"column":18},"end":{"line":127,"column":19}},"loc":{"start":{"line":127,"column":19},"end":{"line":130,"column":null}},"line":127},"3":{"name":"(anonymous_3)","decl":{"start":{"line":132,"column":26},"end":{"line":132,"column":27}},"loc":{"start":{"line":132,"column":27},"end":{"line":136,"column":null}},"line":132},"4":{"name":"(anonymous_4)","decl":{"start":{"line":135,"column":55},"end":{"line":135,"column":60}},"loc":{"start":{"line":135,"column":60},"end":{"line":135,"column":null}},"line":135},"5":{"name":"(anonymous_5)","decl":{"start":{"line":140,"column":31},"end":{"line":140,"column":32}},"loc":{"start":{"line":140,"column":32},"end":{"line":153,"column":null}},"line":140},"6":{"name":"(anonymous_6)","decl":{"start":{"line":156,"column":33},"end":{"line":156,"column":34}},"loc":{"start":{"line":156,"column":62},"end":{"line":231,"column":null}},"line":156},"7":{"name":"(anonymous_7)","decl":{"start":{"line":213,"column":31},"end":{"line":213,"column":32}},"loc":{"start":{"line":213,"column":41},"end":{"line":213,"column":70}},"line":213},"8":{"name":"(anonymous_8)","decl":{"start":{"line":220,"column":6},"end":{"line":220,"column":11}},"loc":{"start":{"line":220,"column":11},"end":{"line":222,"column":null}},"line":220},"9":{"name":"(anonymous_9)","decl":{"start":{"line":233,"column":38},"end":{"line":233,"column":39}},"loc":{"start":{"line":233,"column":39},"end":{"line":282,"column":null}},"line":233},"10":{"name":"(anonymous_10)","decl":{"start":{"line":264,"column":29},"end":{"line":264,"column":30}},"loc":{"start":{"line":264,"column":39},"end":{"line":264,"column":60}},"line":264},"11":{"name":"(anonymous_11)","decl":{"start":{"line":271,"column":6},"end":{"line":271,"column":11}},"loc":{"start":{"line":271,"column":11},"end":{"line":273,"column":null}},"line":271},"12":{"name":"(anonymous_12)","decl":{"start":{"line":281,"column":26},"end":{"line":281,"column":27}},"loc":{"start":{"line":281,"column":60},"end":{"line":281,"column":null}},"line":281},"13":{"name":"(anonymous_13)","decl":{"start":{"line":284,"column":36},"end":{"line":284,"column":37}},"loc":{"start":{"line":284,"column":37},"end":{"line":332,"column":null}},"line":284},"14":{"name":"(anonymous_14)","decl":{"start":{"line":316,"column":32},"end":{"line":316,"column":33}},"loc":{"start":{"line":316,"column":39},"end":{"line":329,"column":null}},"line":316},"15":{"name":"(anonymous_15)","decl":{"start":{"line":331,"column":23},"end":{"line":331,"column":24}},"loc":{"start":{"line":331,"column":33},"end":{"line":331,"column":72}},"line":331},"16":{"name":"(anonymous_16)","decl":{"start":{"line":349,"column":40},"end":{"line":349,"column":null}},"loc":{"start":{"line":349,"column":40},"end":{"line":474,"column":null}},"line":349},"17":{"name":"(anonymous_17)","decl":{"start":{"line":365,"column":50},"end":{"line":365,"column":55}},"loc":{"start":{"line":365,"column":55},"end":{"line":365,"column":null}},"line":365},"18":{"name":"(anonymous_18)","decl":{"start":{"line":367,"column":34},"end":{"line":367,"column":null}},"loc":{"start":{"line":367,"column":34},"end":{"line":371,"column":null}},"line":367},"19":{"name":"(anonymous_19)","decl":{"start":{"line":463,"column":6},"end":{"line":463,"column":12}},"loc":{"start":{"line":463,"column":12},"end":{"line":465,"column":null}},"line":463}},"branchMap":{"0":{"loc":{"start":{"line":43,"column":6},"end":{"line":46,"column":null}},"type":"if","locations":[{"start":{"line":43,"column":6},"end":{"line":46,"column":null}},{"start":{},"end":{}}],"line":43},"1":{"loc":{"start":{"line":109,"column":21},"end":{"line":109,"column":null}},"type":"binary-expr","locations":[{"start":{"line":109,"column":21},"end":{"line":109,"column":35}},{"start":{"line":109,"column":35},"end":{"line":109,"column":50}},{"start":{"line":109,"column":50},"end":{"line":109,"column":64}},{"start":{"line":109,"column":64},"end":{"line":109,"column":null}}],"line":109},"2":{"loc":{"start":{"line":111,"column":2},"end":{"line":124,"column":null}},"type":"switch","locations":[{"start":{"line":112,"column":4},"end":{"line":115,"column":null}},{"start":{"line":116,"column":4},"end":{"line":117,"column":null}},{"start":{"line":118,"column":4},"end":{"line":119,"column":null}},{"start":{"line":120,"column":4},"end":{"line":121,"column":null}},{"start":{"line":122,"column":4},"end":{"line":123,"column":null}}],"line":111},"3":{"loc":{"start":{"line":113,"column":6},"end":{"line":113,"column":null}},"type":"if","locations":[{"start":{"line":113,"column":6},"end":{"line":113,"column":null}},{"start":{},"end":{}}],"line":113},"4":{"loc":{"start":{"line":114,"column":6},"end":{"line":114,"column":null}},"type":"if","locations":[{"start":{"line":114,"column":6},"end":{"line":114,"column":null}},{"start":{},"end":{}}],"line":114},"5":{"loc":{"start":{"line":114,"column":40},"end":{"line":114,"column":62}},"type":"cond-expr","locations":[{"start":{"line":114,"column":53},"end":{"line":114,"column":58}},{"start":{"line":114,"column":58},"end":{"line":114,"column":62}}],"line":114},"6":{"loc":{"start":{"line":114,"column":69},"end":{"line":114,"column":104}},"type":"cond-expr","locations":[{"start":{"line":114,"column":82},"end":{"line":114,"column":94}},{"start":{"line":114,"column":94},"end":{"line":114,"column":104}}],"line":114},"7":{"loc":{"start":{"line":115,"column":24},"end":{"line":115,"column":45}},"type":"cond-expr","locations":[{"start":{"line":115,"column":37},"end":{"line":115,"column":41}},{"start":{"line":115,"column":41},"end":{"line":115,"column":45}}],"line":115},"8":{"loc":{"start":{"line":115,"column":52},"end":{"line":115,"column":86}},"type":"cond-expr","locations":[{"start":{"line":115,"column":65},"end":{"line":115,"column":76}},{"start":{"line":115,"column":76},"end":{"line":115,"column":86}}],"line":115},"9":{"loc":{"start":{"line":121,"column":24},"end":{"line":121,"column":45}},"type":"cond-expr","locations":[{"start":{"line":121,"column":36},"end":{"line":121,"column":41}},{"start":{"line":121,"column":41},"end":{"line":121,"column":45}}],"line":121},"10":{"loc":{"start":{"line":121,"column":52},"end":{"line":121,"column":86}},"type":"cond-expr","locations":[{"start":{"line":121,"column":64},"end":{"line":121,"column":76}},{"start":{"line":121,"column":76},"end":{"line":121,"column":86}}],"line":121},"11":{"loc":{"start":{"line":134,"column":2},"end":{"line":134,"column":null}},"type":"if","locations":[{"start":{"line":134,"column":2},"end":{"line":134,"column":null}},{"start":{},"end":{}}],"line":134},"12":{"loc":{"start":{"line":142,"column":2},"end":{"line":152,"column":null}},"type":"if","locations":[{"start":{"line":142,"column":2},"end":{"line":152,"column":null}},{"start":{"line":144,"column":9},"end":{"line":152,"column":null}}],"line":142},"13":{"loc":{"start":{"line":144,"column":9},"end":{"line":152,"column":null}},"type":"if","locations":[{"start":{"line":144,"column":9},"end":{"line":152,"column":null}},{"start":{"line":146,"column":9},"end":{"line":152,"column":null}}],"line":144},"14":{"loc":{"start":{"line":146,"column":9},"end":{"line":152,"column":null}},"type":"if","locations":[{"start":{"line":146,"column":9},"end":{"line":152,"column":null}},{"start":{"line":148,"column":9},"end":{"line":152,"column":null}}],"line":146},"15":{"loc":{"start":{"line":148,"column":9},"end":{"line":152,"column":null}},"type":"if","locations":[{"start":{"line":148,"column":9},"end":{"line":152,"column":null}},{"start":{"line":150,"column":9},"end":{"line":152,"column":null}}],"line":148},"16":{"loc":{"start":{"line":156,"column":53},"end":{"line":156,"column":62}},"type":"default-arg","locations":[{"start":{"line":156,"column":61},"end":{"line":156,"column":62}}],"line":156},"17":{"loc":{"start":{"line":160,"column":25},"end":{"line":160,"column":null}},"type":"cond-expr","locations":[{"start":{"line":160,"column":43},"end":{"line":160,"column":54}},{"start":{"line":160,"column":54},"end":{"line":160,"column":null}}],"line":160},"18":{"loc":{"start":{"line":160,"column":54},"end":{"line":160,"column":null}},"type":"cond-expr","locations":[{"start":{"line":160,"column":72},"end":{"line":160,"column":85}},{"start":{"line":160,"column":85},"end":{"line":160,"column":null}}],"line":160},"19":{"loc":{"start":{"line":176,"column":4},"end":{"line":176,"column":null}},"type":"if","locations":[{"start":{"line":176,"column":4},"end":{"line":176,"column":null}},{"start":{},"end":{}}],"line":176},"20":{"loc":{"start":{"line":176,"column":8},"end":{"line":176,"column":65}},"type":"binary-expr","locations":[{"start":{"line":176,"column":8},"end":{"line":176,"column":24}},{"start":{"line":176,"column":28},"end":{"line":176,"column":65}}],"line":176},"21":{"loc":{"start":{"line":178,"column":4},"end":{"line":178,"column":null}},"type":"if","locations":[{"start":{"line":178,"column":4},"end":{"line":178,"column":null}},{"start":{},"end":{}}],"line":178},"22":{"loc":{"start":{"line":179,"column":4},"end":{"line":179,"column":65}},"type":"if","locations":[{"start":{"line":179,"column":4},"end":{"line":179,"column":65}},{"start":{},"end":{}}],"line":179},"23":{"loc":{"start":{"line":186,"column":4},"end":{"line":189,"column":null}},"type":"if","locations":[{"start":{"line":186,"column":4},"end":{"line":189,"column":null}},{"start":{},"end":{}}],"line":186},"24":{"loc":{"start":{"line":191,"column":4},"end":{"line":210,"column":null}},"type":"if","locations":[{"start":{"line":191,"column":4},"end":{"line":210,"column":null}},{"start":{},"end":{}}],"line":191},"25":{"loc":{"start":{"line":191,"column":8},"end":{"line":191,"column":48}},"type":"binary-expr","locations":[{"start":{"line":191,"column":8},"end":{"line":191,"column":28}},{"start":{"line":191,"column":28},"end":{"line":191,"column":48}}],"line":191},"26":{"loc":{"start":{"line":220,"column":11},"end":{"line":222,"column":null}},"type":"binary-expr","locations":[{"start":{"line":220,"column":11},"end":{"line":220,"column":32}},{"start":{"line":221,"column":11},"end":{"line":221,"column":42}},{"start":{"line":222,"column":11},"end":{"line":222,"column":null}}],"line":220},"27":{"loc":{"start":{"line":225,"column":4},"end":{"line":227,"column":null}},"type":"if","locations":[{"start":{"line":225,"column":4},"end":{"line":227,"column":null}},{"start":{},"end":{}}],"line":225},"28":{"loc":{"start":{"line":237,"column":25},"end":{"line":237,"column":null}},"type":"cond-expr","locations":[{"start":{"line":237,"column":43},"end":{"line":237,"column":54}},{"start":{"line":237,"column":54},"end":{"line":237,"column":null}}],"line":237},"29":{"loc":{"start":{"line":237,"column":54},"end":{"line":237,"column":null}},"type":"cond-expr","locations":[{"start":{"line":237,"column":72},"end":{"line":237,"column":85}},{"start":{"line":237,"column":85},"end":{"line":237,"column":null}}],"line":237},"30":{"loc":{"start":{"line":240,"column":4},"end":{"line":240,"column":null}},"type":"if","locations":[{"start":{"line":240,"column":4},"end":{"line":240,"column":null}},{"start":{},"end":{}}],"line":240},"31":{"loc":{"start":{"line":240,"column":8},"end":{"line":240,"column":65}},"type":"binary-expr","locations":[{"start":{"line":240,"column":8},"end":{"line":240,"column":24}},{"start":{"line":240,"column":28},"end":{"line":240,"column":65}}],"line":240},"32":{"loc":{"start":{"line":242,"column":4},"end":{"line":242,"column":null}},"type":"if","locations":[{"start":{"line":242,"column":4},"end":{"line":242,"column":null}},{"start":{},"end":{}}],"line":242},"33":{"loc":{"start":{"line":243,"column":4},"end":{"line":243,"column":65}},"type":"if","locations":[{"start":{"line":243,"column":4},"end":{"line":243,"column":65}},{"start":{},"end":{}}],"line":243},"34":{"loc":{"start":{"line":271,"column":11},"end":{"line":273,"column":null}},"type":"binary-expr","locations":[{"start":{"line":271,"column":11},"end":{"line":271,"column":32}},{"start":{"line":272,"column":11},"end":{"line":272,"column":42}},{"start":{"line":273,"column":11},"end":{"line":273,"column":null}}],"line":271},"35":{"loc":{"start":{"line":276,"column":4},"end":{"line":278,"column":null}},"type":"if","locations":[{"start":{"line":276,"column":4},"end":{"line":278,"column":null}},{"start":{},"end":{}}],"line":276},"36":{"loc":{"start":{"line":290,"column":25},"end":{"line":290,"column":null}},"type":"cond-expr","locations":[{"start":{"line":290,"column":43},"end":{"line":290,"column":54}},{"start":{"line":290,"column":54},"end":{"line":290,"column":null}}],"line":290},"37":{"loc":{"start":{"line":290,"column":54},"end":{"line":290,"column":null}},"type":"cond-expr","locations":[{"start":{"line":290,"column":72},"end":{"line":290,"column":85}},{"start":{"line":290,"column":85},"end":{"line":290,"column":null}}],"line":290},"38":{"loc":{"start":{"line":293,"column":4},"end":{"line":293,"column":null}},"type":"if","locations":[{"start":{"line":293,"column":4},"end":{"line":293,"column":null}},{"start":{},"end":{}}],"line":293},"39":{"loc":{"start":{"line":293,"column":8},"end":{"line":293,"column":65}},"type":"binary-expr","locations":[{"start":{"line":293,"column":8},"end":{"line":293,"column":24}},{"start":{"line":293,"column":28},"end":{"line":293,"column":65}}],"line":293},"40":{"loc":{"start":{"line":295,"column":4},"end":{"line":295,"column":null}},"type":"if","locations":[{"start":{"line":295,"column":4},"end":{"line":295,"column":null}},{"start":{},"end":{}}],"line":295},"41":{"loc":{"start":{"line":295,"column":8},"end":{"line":295,"column":78}},"type":"binary-expr","locations":[{"start":{"line":295,"column":8},"end":{"line":295,"column":31}},{"start":{"line":295,"column":31},"end":{"line":295,"column":78}}],"line":295},"42":{"loc":{"start":{"line":304,"column":4},"end":{"line":306,"column":null}},"type":"if","locations":[{"start":{"line":304,"column":4},"end":{"line":306,"column":null}},{"start":{},"end":{}}],"line":304},"43":{"loc":{"start":{"line":304,"column":8},"end":{"line":304,"column":61}},"type":"binary-expr","locations":[{"start":{"line":304,"column":8},"end":{"line":304,"column":21}},{"start":{"line":304,"column":21},"end":{"line":304,"column":61}}],"line":304},"44":{"loc":{"start":{"line":318,"column":4},"end":{"line":328,"column":null}},"type":"if","locations":[{"start":{"line":318,"column":4},"end":{"line":328,"column":null}},{"start":{},"end":{}}],"line":318},"45":{"loc":{"start":{"line":318,"column":8},"end":{"line":318,"column":56}},"type":"binary-expr","locations":[{"start":{"line":318,"column":8},"end":{"line":318,"column":32}},{"start":{"line":318,"column":32},"end":{"line":318,"column":56}}],"line":318},"46":{"loc":{"start":{"line":360,"column":25},"end":{"line":360,"column":null}},"type":"cond-expr","locations":[{"start":{"line":360,"column":43},"end":{"line":360,"column":54}},{"start":{"line":360,"column":54},"end":{"line":360,"column":null}}],"line":360},"47":{"loc":{"start":{"line":360,"column":54},"end":{"line":360,"column":null}},"type":"cond-expr","locations":[{"start":{"line":360,"column":72},"end":{"line":360,"column":85}},{"start":{"line":360,"column":85},"end":{"line":360,"column":null}}],"line":360},"48":{"loc":{"start":{"line":363,"column":2},"end":{"line":372,"column":null}},"type":"if","locations":[{"start":{"line":363,"column":2},"end":{"line":372,"column":null}},{"start":{},"end":{}}],"line":363},"49":{"loc":{"start":{"line":365,"column":55},"end":{"line":365,"column":null}},"type":"binary-expr","locations":[{"start":{"line":365,"column":55},"end":{"line":365,"column":65}},{"start":{"line":365,"column":69},"end":{"line":365,"column":null}}],"line":365},"50":{"loc":{"start":{"line":368,"column":6},"end":{"line":370,"column":null}},"type":"if","locations":[{"start":{"line":368,"column":6},"end":{"line":370,"column":null}},{"start":{},"end":{}}],"line":368},"51":{"loc":{"start":{"line":381,"column":34},"end":{"line":381,"column":84}},"type":"cond-expr","locations":[{"start":{"line":381,"column":55},"end":{"line":381,"column":74}},{"start":{"line":381,"column":74},"end":{"line":381,"column":84}}],"line":381},"52":{"loc":{"start":{"line":386,"column":4},"end":{"line":386,"column":null}},"type":"if","locations":[{"start":{"line":386,"column":4},"end":{"line":386,"column":null}},{"start":{},"end":{}}],"line":386},"53":{"loc":{"start":{"line":386,"column":8},"end":{"line":386,"column":70}},"type":"binary-expr","locations":[{"start":{"line":386,"column":8},"end":{"line":386,"column":41}},{"start":{"line":386,"column":41},"end":{"line":386,"column":70}}],"line":386},"54":{"loc":{"start":{"line":398,"column":6},"end":{"line":402,"column":null}},"type":"if","locations":[{"start":{"line":398,"column":6},"end":{"line":402,"column":null}},{"start":{},"end":{}}],"line":398},"55":{"loc":{"start":{"line":398,"column":10},"end":{"line":398,"column":101}},"type":"binary-expr","locations":[{"start":{"line":398,"column":10},"end":{"line":398,"column":52}},{"start":{"line":398,"column":56},"end":{"line":398,"column":101}}],"line":398},"56":{"loc":{"start":{"line":405,"column":6},"end":{"line":408,"column":null}},"type":"if","locations":[{"start":{"line":405,"column":6},"end":{"line":408,"column":null}},{"start":{},"end":{}}],"line":405},"57":{"loc":{"start":{"line":405,"column":10},"end":{"line":405,"column":99}},"type":"binary-expr","locations":[{"start":{"line":405,"column":10},"end":{"line":405,"column":52}},{"start":{"line":405,"column":52},"end":{"line":405,"column":99}}],"line":405},"58":{"loc":{"start":{"line":414,"column":4},"end":{"line":414,"column":null}},"type":"if","locations":[{"start":{"line":414,"column":4},"end":{"line":414,"column":null}},{"start":{},"end":{}}],"line":414},"59":{"loc":{"start":{"line":414,"column":8},"end":{"line":414,"column":40}},"type":"binary-expr","locations":[{"start":{"line":414,"column":8},"end":{"line":414,"column":26}},{"start":{"line":414,"column":26},"end":{"line":414,"column":40}}],"line":414},"60":{"loc":{"start":{"line":421,"column":4},"end":{"line":424,"column":null}},"type":"if","locations":[{"start":{"line":421,"column":4},"end":{"line":424,"column":null}},{"start":{},"end":{}}],"line":421},"61":{"loc":{"start":{"line":423,"column":22},"end":{"line":423,"column":67}},"type":"cond-expr","locations":[{"start":{"line":423,"column":38},"end":{"line":423,"column":57}},{"start":{"line":423,"column":57},"end":{"line":423,"column":67}}],"line":423},"62":{"loc":{"start":{"line":431,"column":4},"end":{"line":438,"column":null}},"type":"if","locations":[{"start":{"line":431,"column":4},"end":{"line":438,"column":null}},{"start":{"line":434,"column":11},"end":{"line":438,"column":null}}],"line":431},"63":{"loc":{"start":{"line":437,"column":17},"end":{"line":437,"column":null}},"type":"cond-expr","locations":[{"start":{"line":437,"column":38},"end":{"line":437,"column":91}},{"start":{"line":437,"column":91},"end":{"line":437,"column":null}}],"line":437},"64":{"loc":{"start":{"line":463,"column":12},"end":{"line":465,"column":null}},"type":"binary-expr","locations":[{"start":{"line":463,"column":12},"end":{"line":463,"column":50}},{"start":{"line":464,"column":12},"end":{"line":464,"column":46}},{"start":{"line":465,"column":12},"end":{"line":465,"column":null}}],"line":463},"65":{"loc":{"start":{"line":468,"column":4},"end":{"line":470,"column":null}},"type":"if","locations":[{"start":{"line":468,"column":4},"end":{"line":470,"column":null}},{"start":{},"end":{}}],"line":468}},"s":{"0":2,"1":2,"2":2,"3":2,"4":0,"5":0,"6":0,"7":0,"8":0,"9":0,"10":0,"11":0,"12":0,"13":0,"14":2,"15":2,"16":3,"17":3,"18":3,"19":3,"20":3,"21":3,"22":3,"23":3,"24":1,"25":2,"26":2,"27":2,"28":0,"29":0,"30":0,"31":0,"32":2,"33":6,"34":6,"35":2,"36":10,"37":10,"38":10,"39":0,"40":0,"41":2,"42":8,"43":8,"44":1,"45":7,"46":1,"47":6,"48":1,"49":5,"50":1,"51":4,"52":2,"53":1,"54":1,"55":1,"56":1,"57":1,"58":1,"59":3,"60":0,"61":3,"62":3,"63":0,"64":3,"65":0,"66":3,"67":3,"68":3,"69":3,"70":0,"71":3,"72":3,"73":3,"74":3,"75":3,"76":3,"77":3,"78":1,"79":4,"80":1,"81":1,"82":3,"83":2,"84":3,"85":2,"86":1,"87":2,"88":0,"89":0,"90":0,"91":0,"92":0,"93":0,"94":0,"95":0,"96":0,"97":0,"98":0,"99":0,"100":0,"101":0,"102":0,"103":0,"104":0,"105":0,"106":0,"107":0,"108":0,"109":0,"110":0,"111":0,"112":0,"113":0,"114":0,"115":0,"116":0,"117":2,"118":0,"119":0,"120":0,"121":0,"122":0,"123":0,"124":0,"125":0,"126":0,"127":0,"128":0,"129":0,"130":0,"131":0,"132":0,"133":0,"134":0,"135":0,"136":0,"137":0,"138":0,"139":0,"140":0,"141":0,"142":0,"143":0,"144":0,"145":2,"146":2,"147":2,"148":1,"149":1,"150":1,"151":1,"152":1,"153":1,"154":1,"155":1,"156":3,"157":1,"158":3,"159":3,"160":1,"161":3,"162":3,"163":3,"164":3,"165":3,"166":3,"167":3,"168":0,"169":3,"170":3,"171":3,"172":3,"173":3,"174":7,"175":3,"176":3,"177":3,"178":4,"179":0,"180":0,"181":3,"182":3,"183":3,"184":0,"185":3,"186":3,"187":3,"188":3,"189":3,"190":3,"191":3,"192":3,"193":3,"194":3,"195":0,"196":0,"197":3,"198":3,"199":3,"200":3,"201":3,"202":1,"203":1,"204":3,"205":2,"206":3,"207":2,"208":1},"f":{"0":0,"1":3,"2":6,"3":10,"4":0,"5":8,"6":1,"7":4,"8":2,"9":0,"10":0,"11":0,"12":0,"13":0,"14":0,"15":0,"16":1,"17":3,"18":3,"19":2},"b":{"0":[0,0],"1":[3,3,2,0],"2":[3,0,0,0,0],"3":[1,2],"4":[0,2],"5":[0,0],"6":[0,0],"7":[1,1],"8":[1,1],"9":[0,0],"10":[0,0],"11":[10,0],"12":[1,7],"13":[1,6],"14":[1,5],"15":[1,4],"16":[1],"17":[0,1],"18":[0,1],"19":[0,3],"20":[3,3],"21":[0,3],"22":[0,3],"23":[0,3],"24":[3,0],"25":[3,3],"26":[2,1,1],"27":[2,1],"28":[0,0],"29":[0,0],"30":[0,0],"31":[0,0],"32":[0,0],"33":[0,0],"34":[0,0,0],"35":[0,0],"36":[0,0],"37":[0,0],"38":[0,0],"39":[0,0],"40":[0,0],"41":[0,0],"42":[0,0],"43":[0,0],"44":[0,0],"45":[0,0],"46":[0,1],"47":[0,1],"48":[1,0],"49":[3,3],"50":[3,0],"51":[0,3],"52":[0,3],"53":[3,3],"54":[3,4],"55":[7,7],"56":[0,4],"57":[4,0],"58":[0,3],"59":[3,3],"60":[3,0],"61":[0,3],"62":[0,3],"63":[3,0],"64":[2,1,1],"65":[2,1]},"meta":{"lastBranch":66,"lastFunction":20,"lastStatement":209,"seen":{"s:21:15:21:Infinity":0,"s:22:47:22:68":1,"s:27:83:32:Infinity":2,"s:37:42:50:Infinity":3,"f:37:42:37:Infinity":0,"s:38:15:38:Infinity":4,"s:39:36:39:38":5,"s:40:2:48:Infinity":6,"s:41:4:47:Infinity":7,"s:41:17:41:20":8,"s:42:18:42:71":9,"b:43:6:46:Infinity:undefined:undefined:undefined:undefined":0,"s:43:6:46:Infinity":10,"s:44:8:44:Infinity":11,"s:45:8:45:Infinity":12,"s:49:2:49:Infinity":13,"s:53:24:101:Infinity":14,"s:103:33:125:Infinity":15,"f:103:33:103:34":1,"s:104:14:104:Infinity":16,"s:105:15:105:Infinity":17,"s:106:20:106:Infinity":18,"s:107:19:107:Infinity":19,"s:108:21:108:Infinity":20,"s:109:21:109:Infinity":21,"b:109:21:109:35:109:35:109:50:109:50:109:64:109:64:109:Infinity":1,"b:112:4:115:Infinity:116:4:117:Infinity:118:4:119:Infinity:120:4:121:Infinity:122:4:123:Infinity":2,"s:111:2:124:Infinity":22,"b:113:6:113:Infinity:undefined:undefined:undefined:undefined":3,"s:113:6:113:Infinity":23,"s:113:20:113:Infinity":24,"b:114:6:114:Infinity:undefined:undefined:undefined:undefined":4,"s:114:6:114:Infinity":25,"s:114:22:114:Infinity":26,"b:114:53:114:58:114:58:114:62":5,"b:114:82:114:94:114:94:114:104":6,"s:115:6:115:Infinity":27,"b:115:37:115:41:115:41:115:45":7,"b:115:65:115:76:115:76:115:86":8,"s:117:6:117:Infinity":28,"s:119:6:119:Infinity":29,"s:121:6:121:Infinity":30,"b:121:36:121:41:121:41:121:45":9,"b:121:64:121:76:121:76:121:86":10,"s:123:6:123:Infinity":31,"s:127:18:130:Infinity":32,"f:127:18:127:19":2,"s:128:17:128:Infinity":33,"s:129:2:129:Infinity":34,"s:132:26:136:Infinity":35,"f:132:26:132:27":3,"s:133:15:133:Infinity":36,"b:134:2:134:Infinity:undefined:undefined:undefined:undefined":11,"s:134:2:134:Infinity":37,"s:134:12:134:Infinity":38,"s:135:2:135:Infinity":39,"f:135:55:135:60":4,"s:135:60:135:Infinity":40,"s:140:31:153:Infinity":41,"f:140:31:140:32":5,"s:141:15:141:Infinity":42,"b:142:2:152:Infinity:144:9:152:Infinity":12,"s:142:2:152:Infinity":43,"s:143:4:143:Infinity":44,"b:144:9:152:Infinity:146:9:152:Infinity":13,"s:144:9:152:Infinity":45,"s:145:4:145:Infinity":46,"b:146:9:152:Infinity:148:9:152:Infinity":14,"s:146:9:152:Infinity":47,"s:147:4:147:Infinity":48,"b:148:9:152:Infinity:150:9:152:Infinity":15,"s:148:9:152:Infinity":49,"s:149:4:149:Infinity":50,"s:151:4:151:Infinity":51,"s:156:33:231:Infinity":52,"f:156:33:156:34":6,"b:156:61:156:62":16,"s:157:14:157:Infinity":53,"s:158:25:158:Infinity":54,"s:159:20:159:Infinity":55,"s:160:25:160:Infinity":56,"b:160:43:160:54:160:54:160:Infinity":17,"b:160:72:160:85:160:85:160:Infinity":18,"s:172:8:172:10":57,"s:174:2:211:Infinity":58,"b:176:4:176:Infinity:undefined:undefined:undefined:undefined":19,"s:176:4:176:Infinity":59,"b:176:8:176:24:176:28:176:65":20,"s:176:65:176:Infinity":60,"s:177:25:177:Infinity":61,"b:178:4:178:Infinity:undefined:undefined:undefined:undefined":21,"s:178:4:178:Infinity":62,"s:178:29:178:Infinity":63,"b:179:4:179:65:undefined:undefined:undefined:undefined":22,"s:179:4:179:65":64,"s:179:55:179:65":65,"s:182:25:182:Infinity":66,"s:183:27:183:77":67,"s:185:22:185:Infinity":68,"b:186:4:189:Infinity:undefined:undefined:undefined:undefined":23,"s:186:4:189:Infinity":69,"s:188:6:188:Infinity":70,"b:191:4:210:Infinity:undefined:undefined:undefined:undefined":24,"s:191:4:210:Infinity":71,"b:191:8:191:28:191:28:191:48":25,"s:192:26:192:Infinity":72,"s:193:25:193:Infinity":73,"s:195:28:195:75":74,"s:196:26:196:39":75,"s:197:27:197:Infinity":76,"s:199:6:209:Infinity":77,"s:213:17:213:Infinity":78,"f:213:31:213:32":7,"s:213:41:213:70":79,"s:214:23:214:25":80,"s:216:2:228:Infinity":81,"s:219:23:222:Infinity":82,"f:220:6:220:11":8,"s:220:11:222:Infinity":83,"b:220:11:220:32:221:11:221:42:222:11:222:Infinity":26,"b:225:4:227:Infinity:undefined:undefined:undefined:undefined":27,"s:225:4:227:Infinity":84,"s:226:6:226:Infinity":85,"s:230:2:230:Infinity":86,"s:233:38:282:Infinity":87,"f:233:38:233:39":9,"s:234:132:234:134":88,"s:235:14:235:Infinity":89,"s:236:20:236:Infinity":90,"s:237:25:237:Infinity":91,"b:237:43:237:54:237:54:237:Infinity":28,"b:237:72:237:85:237:85:237:Infinity":29,"s:239:2:262:Infinity":92,"b:240:4:240:Infinity:undefined:undefined:undefined:undefined":30,"s:240:4:240:Infinity":93,"b:240:8:240:24:240:28:240:65":31,"s:240:65:240:Infinity":94,"s:241:25:241:Infinity":95,"b:242:4:242:Infinity:undefined:undefined:undefined:undefined":32,"s:242:4:242:Infinity":96,"s:242:29:242:Infinity":97,"b:243:4:243:65:undefined:undefined:undefined:undefined":33,"s:243:4:243:65":98,"s:243:55:243:65":99,"s:245:25:245:Infinity":100,"s:246:27:246:77":101,"s:248:24:248:Infinity":102,"s:249:23:249:Infinity":103,"s:251:26:251:73":104,"s:252:24:252:37":105,"s:254:4:261:Infinity":106,"s:264:17:264:Infinity":107,"f:264:29:264:30":10,"s:264:39:264:60":108,"s:265:23:265:25":109,"s:267:2:279:Infinity":110,"s:270:23:273:Infinity":111,"f:271:6:271:11":11,"s:271:11:273:Infinity":112,"b:271:11:271:32:272:11:272:42:273:11:273:Infinity":34,"b:276:4:278:Infinity:undefined:undefined:undefined:undefined":35,"s:276:4:278:Infinity":113,"s:277:6:277:Infinity":114,"s:281:2:281:Infinity":115,"f:281:26:281:27":12,"s:281:60:281:Infinity":116,"s:284:36:332:Infinity":117,"f:284:36:284:37":13,"s:285:14:285:Infinity":118,"s:286:25:286:Infinity":119,"s:288:32:288:Infinity":120,"s:289:20:289:Infinity":121,"s:290:25:290:Infinity":122,"b:290:43:290:54:290:54:290:Infinity":36,"b:290:72:290:85:290:85:290:Infinity":37,"s:292:2:307:Infinity":123,"b:293:4:293:Infinity:undefined:undefined:undefined:undefined":38,"s:293:4:293:Infinity":124,"b:293:8:293:24:293:28:293:65":39,"s:293:65:293:Infinity":125,"s:294:25:294:Infinity":126,"b:295:4:295:Infinity:undefined:undefined:undefined:undefined":40,"s:295:4:295:Infinity":127,"b:295:8:295:31:295:31:295:78":41,"s:295:78:295:Infinity":128,"s:297:25:297:Infinity":129,"s:298:27:298:77":130,"s:300:26:300:73":131,"s:301:24:301:37":132,"s:302:21:302:Infinity":133,"b:304:4:306:Infinity:undefined:undefined:undefined:undefined":42,"s:304:4:306:Infinity":134,"b:304:8:304:21:304:21:304:61":43,"s:305:6:305:Infinity":135,"s:314:8:314:10":136,"s:316:2:329:Infinity":137,"f:316:32:316:33":14,"s:317:29:317:Infinity":138,"b:318:4:328:Infinity:undefined:undefined:undefined:undefined":44,"s:318:4:328:Infinity":139,"b:318:8:318:32:318:32:318:56":45,"s:319:26:319:Infinity":140,"s:320:25:320:Infinity":141,"s:322:6:327:Infinity":142,"s:331:2:331:Infinity":143,"f:331:23:331:24":15,"s:331:33:331:72":144,"s:335:20:335:Infinity":145,"s:336:45:336:47":146,"s:349:40:474:Infinity":147,"f:349:40:349:Infinity":16,"s:350:14:350:Infinity":148,"s:352:4:355:Infinity":149,"s:357:37:357:39":150,"s:359:20:359:Infinity":151,"s:360:25:360:Infinity":152,"b:360:43:360:54:360:54:360:Infinity":46,"b:360:72:360:85:360:85:360:Infinity":47,"b:363:2:372:Infinity:undefined:undefined:undefined:undefined":48,"s:363:2:372:Infinity":153,"s:364:4:364:Infinity":154,"s:365:4:365:Infinity":155,"f:365:50:365:55":17,"s:365:55:365:Infinity":156,"b:365:55:365:65:365:69:365:Infinity":49,"s:367:4:371:Infinity":157,"f:367:34:367:Infinity":18,"b:368:6:370:Infinity:undefined:undefined:undefined:undefined":50,"s:368:6:370:Infinity":158,"s:369:8:369:Infinity":159,"s:374:2:451:Infinity":160,"s:375:25:375:53":161,"s:376:24:376:79":162,"s:379:27:379:74":163,"s:380:31:380:Infinity":164,"s:381:33:381:Infinity":165,"b:381:55:381:74:381:74:381:84":51,"s:383:23:383:Infinity":166,"b:386:4:386:Infinity:undefined:undefined:undefined:undefined":52,"s:386:4:386:Infinity":167,"b:386:8:386:41:386:41:386:70":53,"s:386:70:386:Infinity":168,"s:389:27:389:Infinity":169,"s:391:18:391:Infinity":170,"s:392:16:392:Infinity":171,"s:395:4:409:Infinity":172,"s:395:17:395:20":173,"b:398:6:402:Infinity:undefined:undefined:undefined:undefined":54,"s:398:6:402:Infinity":174,"b:398:10:398:52:398:56:398:101":55,"s:399:8:399:Infinity":175,"s:400:8:400:Infinity":176,"s:401:8:401:Infinity":177,"b:405:6:408:Infinity:undefined:undefined:undefined:undefined":56,"s:405:6:408:Infinity":178,"b:405:10:405:52:405:52:405:99":57,"s:406:8:406:Infinity":179,"s:407:8:407:Infinity":180,"s:412:26:412:52":181,"s:413:24:413:48":182,"b:414:4:414:Infinity:undefined:undefined:undefined:undefined":58,"s:414:4:414:Infinity":183,"b:414:8:414:26:414:26:414:40":59,"s:414:40:414:Infinity":184,"s:416:23:416:53":185,"s:417:23:417:51":186,"s:420:23:420:Infinity":187,"b:421:4:424:Infinity:undefined:undefined:undefined:undefined":60,"s:421:4:424:Infinity":188,"s:422:28:422:Infinity":189,"s:423:6:423:Infinity":190,"b:423:38:423:57:423:57:423:67":61,"s:426:27:426:Infinity":191,"s:428:39:428:Infinity":192,"s:429:19:429:Infinity":193,"b:431:4:438:Infinity:434:11:438:Infinity":62,"s:431:4:438:Infinity":194,"s:432:6:432:Infinity":195,"s:433:6:433:Infinity":196,"s:435:6:435:Infinity":197,"s:436:29:436:Infinity":198,"s:437:6:437:Infinity":199,"b:437:38:437:91:437:91:437:Infinity":63,"s:440:26:440:73":200,"s:442:4:450:Infinity":201,"s:456:71:456:73":202,"s:458:2:471:Infinity":203,"s:462:32:465:Infinity":204,"f:463:6:463:12":19,"s:463:12:465:Infinity":205,"b:463:12:463:50:464:12:464:46:465:12:465:Infinity":64,"b:468:4:470:Infinity:undefined:undefined:undefined:undefined":65,"s:468:4:470:Infinity":206,"s:469:6:469:Infinity":207,"s:473:2:473:Infinity":208},"fnNames":{}}}
,"C:\\Users\\mekha\\OneDrive\\Desktop\\Projects\\ahmedabadmetro\\src\\data\\timetableFromExcel.generated.json": {"path":"C:\\Users\\mekha\\OneDrive\\Desktop\\Projects\\ahmedabadmetro\\src\\data\\timetableFromExcel.generated.json","statementMap":{"0":{"start":{"line":1,"column":27},"end":{"line":1,"column":53}},"1":{"start":{"line":2,"column":30},"end":{"line":2,"column":333206}}},"fnMap":{},"branchMap":{},"s":{"0":1,"1":1},"f":{},"b":{},"meta":{"lastBranch":0,"lastFunction":0,"lastStatement":2,"seen":{"s:1:27:1:53":0,"s:2:30:2:333206":1},"fnNames":{}}}
,"C:\\Users\\mekha\\OneDrive\\Desktop\\Projects\\ahmedabadmetro\\src\\lib\\routePlanner.ts": {"path":"C:\\Users\\mekha\\OneDrive\\Desktop\\Projects\\ahmedabadmetro\\src\\lib\\routePlanner.ts","statementMap":{"0":{"start":{"line":44,"column":19},"end":{"line":47,"column":null}},"1":{"start":{"line":45,"column":14},"end":{"line":45,"column":null}},"2":{"start":{"line":46,"column":2},"end":{"line":46,"column":null}},"3":{"start":{"line":49,"column":48},"end":{"line":68,"column":null}},"4":{"start":{"line":71,"column":71},"end":{"line":76,"column":null}},"5":{"start":{"line":78,"column":28},"end":{"line":78,"column":32}},"6":{"start":{"line":79,"column":30},"end":{"line":79,"column":33}},"7":{"start":{"line":80,"column":30},"end":{"line":80,"column":34}},"8":{"start":{"line":81,"column":26},"end":{"line":81,"column":29}},"9":{"start":{"line":86,"column":29},"end":{"line":132,"column":null}},"10":{"start":{"line":88,"column":24},"end":{"line":88,"column":57}},"11":{"start":{"line":89,"column":22},"end":{"line":89,"column":53}},"12":{"start":{"line":91,"column":2},"end":{"line":93,"column":null}},"13":{"start":{"line":92,"column":4},"end":{"line":92,"column":null}},"14":{"start":{"line":96,"column":23},"end":{"line":96,"column":55}},"15":{"start":{"line":97,"column":21},"end":{"line":97,"column":51}},"16":{"start":{"line":99,"column":2},"end":{"line":101,"column":null}},"17":{"start":{"line":100,"column":4},"end":{"line":100,"column":null}},"18":{"start":{"line":105,"column":2},"end":{"line":107,"column":null}},"19":{"start":{"line":106,"column":4},"end":{"line":106,"column":null}},"20":{"start":{"line":109,"column":2},"end":{"line":111,"column":null}},"21":{"start":{"line":110,"column":4},"end":{"line":110,"column":null}},"22":{"start":{"line":117,"column":2},"end":{"line":117,"column":null}},"23":{"start":{"line":117,"column":25},"end":{"line":117,"column":null}},"24":{"start":{"line":119,"column":2},"end":{"line":119,"column":null}},"25":{"start":{"line":119,"column":25},"end":{"line":119,"column":null}},"26":{"start":{"line":121,"column":2},"end":{"line":121,"column":null}},"27":{"start":{"line":121,"column":26},"end":{"line":121,"column":null}},"28":{"start":{"line":123,"column":2},"end":{"line":123,"column":null}},"29":{"start":{"line":123,"column":26},"end":{"line":123,"column":null}},"30":{"start":{"line":125,"column":2},"end":{"line":125,"column":null}},"31":{"start":{"line":125,"column":26},"end":{"line":125,"column":null}},"32":{"start":{"line":127,"column":2},"end":{"line":127,"column":null}},"33":{"start":{"line":127,"column":26},"end":{"line":127,"column":null}},"34":{"start":{"line":129,"column":2},"end":{"line":129,"column":null}},"35":{"start":{"line":129,"column":26},"end":{"line":129,"column":null}},"36":{"start":{"line":131,"column":2},"end":{"line":131,"column":null}},"37":{"start":{"line":135,"column":30},"end":{"line":138,"column":null}},"38":{"start":{"line":136,"column":14},"end":{"line":136,"column":null}},"39":{"start":{"line":137,"column":2},"end":{"line":137,"column":null}},"40":{"start":{"line":141,"column":27},"end":{"line":144,"column":null}},"41":{"start":{"line":142,"column":17},"end":{"line":142,"column":null}},"42":{"start":{"line":143,"column":2},"end":{"line":143,"column":null}},"43":{"start":{"line":147,"column":28},"end":{"line":151,"column":null}},"44":{"start":{"line":148,"column":12},"end":{"line":148,"column":null}},"45":{"start":{"line":149,"column":12},"end":{"line":149,"column":null}},"46":{"start":{"line":150,"column":2},"end":{"line":150,"column":null}},"47":{"start":{"line":155,"column":30},"end":{"line":194,"column":null}},"48":{"start":{"line":157,"column":20},"end":{"line":166,"column":null}},"49":{"start":{"line":168,"column":2},"end":{"line":174,"column":null}},"50":{"start":{"line":169,"column":22},"end":{"line":169,"column":null}},"51":{"start":{"line":170,"column":20},"end":{"line":170,"column":null}},"52":{"start":{"line":171,"column":4},"end":{"line":173,"column":null}},"53":{"start":{"line":172,"column":6},"end":{"line":172,"column":null}},"54":{"start":{"line":177,"column":16},"end":{"line":182,"column":null}},"55":{"start":{"line":184,"column":2},"end":{"line":191,"column":null}},"56":{"start":{"line":185,"column":22},"end":{"line":185,"column":null}},"57":{"start":{"line":186,"column":20},"end":{"line":186,"column":null}},"58":{"start":{"line":187,"column":4},"end":{"line":190,"column":null}},"59":{"start":{"line":188,"column":23},"end":{"line":188,"column":null}},"60":{"start":{"line":189,"column":6},"end":{"line":189,"column":null}},"61":{"start":{"line":193,"column":2},"end":{"line":193,"column":null}},"62":{"start":{"line":197,"column":22},"end":{"line":229,"column":null}},"63":{"start":{"line":203,"column":119},"end":{"line":203,"column":121}},"64":{"start":{"line":205,"column":2},"end":{"line":223,"column":null}},"65":{"start":{"line":206,"column":23},"end":{"line":206,"column":null}},"66":{"start":{"line":207,"column":20},"end":{"line":207,"column":null}},"67":{"start":{"line":210,"column":4},"end":{"line":222,"column":null}},"68":{"start":{"line":211,"column":27},"end":{"line":211,"column":null}},"69":{"start":{"line":212,"column":31},"end":{"line":212,"column":79}},"70":{"start":{"line":213,"column":29},"end":{"line":213,"column":74}},"71":{"start":{"line":216,"column":6},"end":{"line":221,"column":null}},"72":{"start":{"line":218,"column":8},"end":{"line":218,"column":null}},"73":{"start":{"line":218,"column":62},"end":{"line":218,"column":null}},"74":{"start":{"line":220,"column":8},"end":{"line":220,"column":null}},"75":{"start":{"line":225,"column":2},"end":{"line":225,"column":null}},"76":{"start":{"line":225,"column":31},"end":{"line":225,"column":null}},"77":{"start":{"line":227,"column":2},"end":{"line":227,"column":null}},"78":{"start":{"line":227,"column":28},"end":{"line":227,"column":67}},"79":{"start":{"line":228,"column":2},"end":{"line":228,"column":null}},"80":{"start":{"line":232,"column":28},"end":{"line":259,"column":null}},"81":{"start":{"line":238,"column":78},"end":{"line":238,"column":80}},"82":{"start":{"line":240,"column":2},"end":{"line":253,"column":null}},"83":{"start":{"line":241,"column":4},"end":{"line":241,"column":null}},"84":{"start":{"line":241,"column":32},"end":{"line":241,"column":null}},"85":{"start":{"line":242,"column":4},"end":{"line":242,"column":null}},"86":{"start":{"line":242,"column":65},"end":{"line":242,"column":null}},"87":{"start":{"line":244,"column":23},"end":{"line":244,"column":null}},"88":{"start":{"line":245,"column":4},"end":{"line":245,"column":null}},"89":{"start":{"line":245,"column":27},"end":{"line":245,"column":null}},"90":{"start":{"line":247,"column":25},"end":{"line":247,"column":null}},"91":{"start":{"line":248,"column":29},"end":{"line":248,"column":77}},"92":{"start":{"line":250,"column":4},"end":{"line":252,"column":null}},"93":{"start":{"line":251,"column":6},"end":{"line":251,"column":null}},"94":{"start":{"line":255,"column":2},"end":{"line":255,"column":null}},"95":{"start":{"line":255,"column":31},"end":{"line":255,"column":null}},"96":{"start":{"line":257,"column":2},"end":{"line":257,"column":null}},"97":{"start":{"line":257,"column":28},"end":{"line":257,"column":67}},"98":{"start":{"line":258,"column":2},"end":{"line":258,"column":null}},"99":{"start":{"line":262,"column":24},"end":{"line":308,"column":null}},"100":{"start":{"line":271,"column":25},"end":{"line":271,"column":null}},"101":{"start":{"line":277,"column":8},"end":{"line":277,"column":10}},"102":{"start":{"line":279,"column":2},"end":{"line":292,"column":null}},"103":{"start":{"line":280,"column":22},"end":{"line":280,"column":null}},"104":{"start":{"line":281,"column":20},"end":{"line":281,"column":null}},"105":{"start":{"line":283,"column":4},"end":{"line":291,"column":null}},"106":{"start":{"line":284,"column":27},"end":{"line":284,"column":null}},"107":{"start":{"line":285,"column":31},"end":{"line":285,"column":78}},"108":{"start":{"line":286,"column":29},"end":{"line":286,"column":74}},"109":{"start":{"line":288,"column":6},"end":{"line":290,"column":null}},"110":{"start":{"line":289,"column":8},"end":{"line":289,"column":null}},"111":{"start":{"line":294,"column":2},"end":{"line":294,"column":null}},"112":{"start":{"line":294,"column":33},"end":{"line":294,"column":null}},"113":{"start":{"line":296,"column":2},"end":{"line":296,"column":null}},"114":{"start":{"line":296,"column":30},"end":{"line":296,"column":69}},"115":{"start":{"line":297,"column":15},"end":{"line":297,"column":30}},"116":{"start":{"line":299,"column":2},"end":{"line":307,"column":null}},"117":{"start":{"line":311,"column":21},"end":{"line":315,"column":null}},"118":{"start":{"line":312,"column":19},"end":{"line":312,"column":39}},"119":{"start":{"line":313,"column":2},"end":{"line":313,"column":null}},"120":{"start":{"line":313,"column":17},"end":{"line":313,"column":null}},"121":{"start":{"line":314,"column":2},"end":{"line":314,"column":null}},"122":{"start":{"line":318,"column":39},"end":{"line":333,"column":null}},"123":{"start":{"line":319,"column":18},"end":{"line":319,"column":null}},"124":{"start":{"line":320,"column":16},"end":{"line":320,"column":null}},"125":{"start":{"line":322,"column":2},"end":{"line":322,"column":null}},"126":{"start":{"line":322,"column":38},"end":{"line":322,"column":null}},"127":{"start":{"line":324,"column":16},"end":{"line":324,"column":null}},"128":{"start":{"line":325,"column":14},"end":{"line":325,"column":null}},"129":{"start":{"line":327,"column":21},"end":{"line":327,"column":null}},"130":{"start":{"line":328,"column":2},"end":{"line":330,"column":null}},"131":{"start":{"line":329,"column":4},"end":{"line":329,"column":null}},"132":{"start":{"line":332,"column":2},"end":{"line":332,"column":null}},"133":{"start":{"line":332,"column":30},"end":{"line":332,"column":42}},"134":{"start":{"line":336,"column":27},"end":{"line":354,"column":null}},"135":{"start":{"line":337,"column":27},"end":{"line":337,"column":46}},"136":{"start":{"line":338,"column":2},"end":{"line":338,"column":null}},"137":{"start":{"line":338,"column":25},"end":{"line":338,"column":null}},"138":{"start":{"line":340,"column":18},"end":{"line":340,"column":null}},"139":{"start":{"line":341,"column":16},"end":{"line":341,"column":null}},"140":{"start":{"line":343,"column":2},"end":{"line":343,"column":null}},"141":{"start":{"line":343,"column":38},"end":{"line":343,"column":null}},"142":{"start":{"line":345,"column":16},"end":{"line":345,"column":null}},"143":{"start":{"line":346,"column":14},"end":{"line":346,"column":null}},"144":{"start":{"line":348,"column":21},"end":{"line":348,"column":null}},"145":{"start":{"line":349,"column":2},"end":{"line":351,"column":null}},"146":{"start":{"line":350,"column":4},"end":{"line":350,"column":null}},"147":{"start":{"line":353,"column":2},"end":{"line":353,"column":null}},"148":{"start":{"line":353,"column":30},"end":{"line":353,"column":42}},"149":{"start":{"line":357,"column":24},"end":{"line":359,"column":null}},"150":{"start":{"line":358,"column":2},"end":{"line":358,"column":null}},"151":{"start":{"line":362,"column":24},"end":{"line":364,"column":null}},"152":{"start":{"line":363,"column":2},"end":{"line":363,"column":null}},"153":{"start":{"line":367,"column":32},"end":{"line":376,"column":null}},"154":{"start":{"line":368,"column":2},"end":{"line":374,"column":null}},"155":{"start":{"line":369,"column":20},"end":{"line":369,"column":null}},"156":{"start":{"line":370,"column":18},"end":{"line":370,"column":null}},"157":{"start":{"line":371,"column":4},"end":{"line":373,"column":null}},"158":{"start":{"line":372,"column":6},"end":{"line":372,"column":null}},"159":{"start":{"line":375,"column":2},"end":{"line":375,"column":null}},"160":{"start":{"line":379,"column":24},"end":{"line":381,"column":null}},"161":{"start":{"line":380,"column":2},"end":{"line":380,"column":null}},"162":{"start":{"line":390,"column":25},"end":{"line":495,"column":null}},"163":{"start":{"line":391,"column":22},"end":{"line":391,"column":null}},"164":{"start":{"line":392,"column":20},"end":{"line":392,"column":null}},"165":{"start":{"line":394,"column":2},"end":{"line":394,"column":null}},"166":{"start":{"line":394,"column":58},"end":{"line":394,"column":null}},"167":{"start":{"line":397,"column":2},"end":{"line":404,"column":null}},"168":{"start":{"line":398,"column":4},"end":{"line":403,"column":null}},"169":{"start":{"line":399,"column":6},"end":{"line":402,"column":null}},"170":{"start":{"line":408,"column":2},"end":{"line":420,"column":null}},"171":{"start":{"line":410,"column":4},"end":{"line":419,"column":null}},"172":{"start":{"line":411,"column":24},"end":{"line":411,"column":null}},"173":{"start":{"line":412,"column":22},"end":{"line":412,"column":null}},"174":{"start":{"line":413,"column":6},"end":{"line":418,"column":null}},"175":{"start":{"line":414,"column":8},"end":{"line":417,"column":null}},"176":{"start":{"line":423,"column":27},"end":{"line":423,"column":29}},"177":{"start":{"line":424,"column":18},"end":{"line":424,"column":null}},"178":{"start":{"line":426,"column":2},"end":{"line":433,"column":null}},"179":{"start":{"line":427,"column":4},"end":{"line":431,"column":null}},"180":{"start":{"line":432,"column":4},"end":{"line":432,"column":null}},"181":{"start":{"line":435,"column":2},"end":{"line":492,"column":null}},"182":{"start":{"line":436,"column":20},"end":{"line":436,"column":null}},"183":{"start":{"line":437,"column":38},"end":{"line":437,"column":null}},"184":{"start":{"line":439,"column":29},"end":{"line":439,"column":54}},"185":{"start":{"line":441,"column":4},"end":{"line":491,"column":null}},"186":{"start":{"line":442,"column":6},"end":{"line":444,"column":null}},"187":{"start":{"line":443,"column":8},"end":{"line":443,"column":null}},"188":{"start":{"line":446,"column":26},"end":{"line":446,"column":49}},"189":{"start":{"line":447,"column":6},"end":{"line":490,"column":null}},"190":{"start":{"line":449,"column":8},"end":{"line":463,"column":null}},"191":{"start":{"line":451,"column":10},"end":{"line":462,"column":null}},"192":{"start":{"line":452,"column":28},"end":{"line":452,"column":null}},"193":{"start":{"line":453,"column":26},"end":{"line":453,"column":null}},"194":{"start":{"line":454,"column":12},"end":{"line":461,"column":null}},"195":{"start":{"line":455,"column":14},"end":{"line":460,"column":null}},"196":{"start":{"line":465,"column":8},"end":{"line":489,"column":null}},"197":{"start":{"line":466,"column":27},"end":{"line":466,"column":57}},"198":{"start":{"line":467,"column":10},"end":{"line":488,"column":null}},"199":{"start":{"line":468,"column":12},"end":{"line":468,"column":null}},"200":{"start":{"line":470,"column":12},"end":{"line":477,"column":null}},"201":{"start":{"line":471,"column":14},"end":{"line":476,"column":null}},"202":{"start":{"line":479,"column":12},"end":{"line":487,"column":null}},"203":{"start":{"line":494,"column":2},"end":{"line":494,"column":null}},"204":{"start":{"line":498,"column":28},"end":{"line":709,"column":null}},"205":{"start":{"line":502,"column":2},"end":{"line":502,"column":null}},"206":{"start":{"line":502,"column":32},"end":{"line":502,"column":null}},"207":{"start":{"line":504,"column":17},"end":{"line":504,"column":44}},"208":{"start":{"line":505,"column":22},"end":{"line":505,"column":63}},"209":{"start":{"line":507,"column":2},"end":{"line":507,"column":null}},"210":{"start":{"line":507,"column":31},"end":{"line":507,"column":null}},"211":{"start":{"line":510,"column":65},"end":{"line":510,"column":67}},"212":{"start":{"line":511,"column":20},"end":{"line":511,"column":32}},"213":{"start":{"line":512,"column":21},"end":{"line":512,"column":38}},"214":{"start":{"line":514,"column":2},"end":{"line":524,"column":null}},"215":{"start":{"line":514,"column":15},"end":{"line":514,"column":18}},"216":{"start":{"line":515,"column":17},"end":{"line":515,"column":24}},"217":{"start":{"line":517,"column":4},"end":{"line":523,"column":null}},"218":{"start":{"line":518,"column":6},"end":{"line":518,"column":null}},"219":{"start":{"line":519,"column":6},"end":{"line":519,"column":null}},"220":{"start":{"line":520,"column":6},"end":{"line":520,"column":null}},"221":{"start":{"line":521,"column":11},"end":{"line":523,"column":null}},"222":{"start":{"line":522,"column":6},"end":{"line":522,"column":null}},"223":{"start":{"line":526,"column":29},"end":{"line":526,"column":31}},"224":{"start":{"line":527,"column":27},"end":{"line":527,"column":null}},"225":{"start":{"line":528,"column":25},"end":{"line":528,"column":null}},"226":{"start":{"line":529,"column":21},"end":{"line":529,"column":null}},"227":{"start":{"line":530,"column":21},"end":{"line":530,"column":null}},"228":{"start":{"line":531,"column":27},"end":{"line":531,"column":null}},"229":{"start":{"line":536,"column":2},"end":{"line":683,"column":null}},"230":{"start":{"line":536,"column":15},"end":{"line":536,"column":18}},"231":{"start":{"line":537,"column":16},"end":{"line":537,"column":27}},"232":{"start":{"line":538,"column":24},"end":{"line":538,"column":42}},"233":{"start":{"line":539,"column":22},"end":{"line":539,"column":38}},"234":{"start":{"line":542,"column":22},"end":{"line":542,"column":null}},"235":{"start":{"line":544,"column":4},"end":{"line":626,"column":null}},"236":{"start":{"line":546,"column":6},"end":{"line":546,"column":null}},"237":{"start":{"line":547,"column":30},"end":{"line":547,"column":null}},"238":{"start":{"line":548,"column":27},"end":{"line":548,"column":null}},"239":{"start":{"line":549,"column":22},"end":{"line":549,"column":null}},"240":{"start":{"line":550,"column":20},"end":{"line":550,"column":null}},"241":{"start":{"line":551,"column":24},"end":{"line":551,"column":null}},"242":{"start":{"line":553,"column":6},"end":{"line":564,"column":null}},"243":{"start":{"line":555,"column":8},"end":{"line":555,"column":null}},"244":{"start":{"line":556,"column":8},"end":{"line":556,"column":null}},"245":{"start":{"line":558,"column":8}
[...]
47,"s:1025:30:1025:Infinity":448,"s:1027:2:1038:Infinity":449,"b:1028:4:1028:Infinity:undefined:undefined:undefined:undefined":135,"s:1028:4:1028:Infinity":450,"b:1028:8:1028:24:1028:28:1028:58":136,"s:1028:58:1028:Infinity":451,"s:1029:22:1029:Infinity":452,"b:1031:4:1031:Infinity:undefined:undefined:undefined:undefined":137,"s:1031:4:1031:Infinity":453,"b:1031:8:1031:28:1031:28:1031:72":138,"s:1031:72:1031:Infinity":454,"s:1033:25:1033:Infinity":455,"s:1034:29:1034:76":456,"s:1037:4:1037:Infinity":457,"s:1040:31:1040:Infinity":458,"f:1040:68:1040:69":53,"s:1040:78:1040:Infinity":459,"s:1050:8:1050:10":460,"s:1052:2:1066:Infinity":461,"s:1053:18:1053:Infinity":462,"b:1054:4:1054:Infinity:undefined:undefined:undefined:undefined":139,"s:1054:4:1054:Infinity":463,"b:1054:8:1054:33:1054:33:1054:51":140,"s:1054:53:1054:Infinity":464,"s:1056:19:1056:Infinity":465,"s:1058:4:1065:Infinity":466,"s:1069:26:1069:Infinity":467,"f:1069:39:1069:44":54,"s:1069:44:1069:54":468,"s:1070:26:1070:Infinity":469,"b:1070:44:1070:78:1070:78:1070:Infinity":141,"f:1070:59:1070:64":55,"s:1070:64:1070:74":470,"s:1073:2:1073:Infinity":471,"f:1073:23:1073:24":56,"s:1073:33:1073:72":472,"s:1075:33:1075:35":473,"s:1076:20:1076:Infinity":474,"s:1078:2:1090:Infinity":475,"b:1079:4:1089:Infinity:1082:11:1089:Infinity":142,"s:1079:4:1089:Infinity":476,"s:1080:6:1080:Infinity":477,"s:1081:6:1081:Infinity":478,"b:1082:11:1089:Infinity:undefined:undefined:undefined:undefined":143,"s:1082:11:1089:Infinity":479,"b:1082:15:1082:51:1082:51:1082:114":144,"s:1093:2:1093:Infinity":480,"s:1095:2:1095:Infinity":481,"s:1096:2:1096:Infinity":482,"s:1108:39:1124:Infinity":483,"f:1108:39:1108:40":57,"s:1109:92:1109:94":484,"s:1110:2:1122:Infinity":485,"b:1111:4:1111:Infinity:undefined:undefined:undefined:undefined":145,"s:1111:4:1111:Infinity":486,"b:1111:8:1111:24:1111:28:1111:58":146,"s:1111:58:1111:Infinity":487,"s:1112:23:1112:Infinity":488,"b:1113:4:1113:Infinity:undefined:undefined:undefined:undefined":147,"s:1113:4:1113:Infinity":489,"b:1113:8:1113:29:1113:29:1113:74":148,"s:1113:74:1113:Infinity":490,"s:1115:25:1115:Infinity":491,"s:1116:19:1116:67":492,"b:1119:4:1121:Infinity:undefined:undefined:undefined:undefined":149,"s:1119:4:1121:Infinity":493,"s:1120:6:1120:Infinity":494,"s:1123:2:1123:Infinity":495,"s:1126:25:1131:Infinity":496,"f:1126:25:1126:26":58,"s:1127:16:1129:Infinity":497,"b:1128:6:1128:Infinity:1129:6:1129:Infinity":150,"s:1130:2:1130:Infinity":498,"f:1130:22:1130:23":59,"s:1130:38:1130:73":499,"b:1130:38:1130:49:1130:49:1130:73":151,"s:1133:32:1138:Infinity":500,"f:1133:32:1133:33":60,"s:1134:16:1136:Infinity":501,"b:1135:6:1135:Infinity:1136:6:1136:Infinity":152,"s:1137:2:1137:Infinity":502,"f:1137:22:1137:23":61,"s:1137:38:1137:73":503,"b:1137:38:1137:49:1137:49:1137:73":153,"s:1140:27:1259:Infinity":504,"f:1140:27:1140:Infinity":62,"s:1154:17:1154:35":505,"s:1155:22:1155:38":506,"b:1156:2:1156:Infinity:undefined:undefined:undefined:undefined":154,"s:1156:2:1156:Infinity":507,"b:1156:6:1156:17:1156:17:1156:31":155,"s:1156:31:1156:Infinity":508,"s:1159:34:1159:36":509,"s:1160:2:1169:Infinity":510,"b:1161:4:1168:Infinity:1166:11:1168:Infinity":156,"s:1161:4:1168:Infinity":511,"b:1161:8:1161:33:1161:33:1161:98":157,"s:1162:19:1162:52":512,"s:1163:6:1163:Infinity":513,"s:1164:6:1164:Infinity":514,"s:1165:6:1165:Infinity":515,"s:1167:6:1167:Infinity":516,"s:1171:29:1171:31":517,"s:1172:27:1172:Infinity":518,"s:1173:25:1173:Infinity":519,"s:1175:19:1175:32":520,"s:1176:24:1176:41":521,"s:1177:28:1177:85":522,"s:1178:25:1178:Infinity":523,"b:1178:25:1178:62:1178:62:1178:Infinity":158,"f:1178:116:1178:121":63,"s:1178:121:1178:Infinity":524,"s:1180:2:1189:Infinity":525,"s:1191:2:1232:Infinity":526,"s:1191:15:1191:18":527,"s:1192:16:1192:29":528,"s:1194:23:1194:Infinity":529,"s:1195:28:1195:Infinity":530,"f:1195:43:1195:49":64,"s:1195:49:1195:61":531,"s:1196:25:1196:Infinity":532,"s:1198:4:1207:Infinity":533,"s:1209:4:1209:Infinity":534,"b:1211:4:1231:Infinity:undefined:undefined:undefined:undefined":159,"s:1211:4:1231:Infinity":535,"s:1212:22:1212:39":536,"s:1213:23:1213:Infinity":537,"s:1215:31:1215:94":538,"s:1216:28:1216:Infinity":539,"b:1216:28:1216:64:1216:64:1216:Infinity":160,"f:1216:117:1216:122":65,"s:1216:122:1216:Infinity":540,"s:1218:6:1228:Infinity":541,"s:1230:6:1230:Infinity":542,"s:1234:2:1238:Infinity":543,"s:1240:29:1240:76":544,"s:1242:59:1242:Infinity":545,"s:1244:2:1258:Infinity":546,"s:1263:38:1429:Infinity":547,"f:1263:38:1263:Infinity":66,"b:1267:20:1267:32":161,"s:1269:17:1269:35":548,"s:1270:22:1270:45":549,"b:1271:2:1271:Infinity:undefined:undefined:undefined:undefined":162,"s:1271:2:1271:Infinity":550,"b:1271:6:1271:17:1271:17:1271:31":163,"s:1271:31:1271:Infinity":551,"b:1272:2:1272:Infinity:undefined:undefined:undefined:undefined":164,"s:1272:2:1272:Infinity":552,"s:1272:34:1272:Infinity":553,"s:1275:25:1275:Infinity":554,"b:1276:2:1276:Infinity:undefined:undefined:undefined:undefined":165,"s:1276:2:1276:Infinity":555,"s:1276:35:1276:Infinity":556,"s:1279:18:1279:Infinity":557,"s:1280:15:1280:Infinity":558,"s:1282:66:1282:68":559,"s:1284:15:1286:Infinity":560,"f:1284:15:1284:16":67,"s:1285:4:1285:Infinity":561,"s:1289:2:1291:Infinity":562,"s:1290:4:1290:Infinity":563,"s:1294:2:1318:Infinity":564,"s:1295:25:1295:Infinity":565,"s:1297:4:1317:Infinity":566,"s:1297:21:1297:37":567,"s:1298:19:1298:43":568,"s:1299:28:1299:71":569,"s:1300:19:1300:34":570,"s:1302:19:1302:64":571,"b:1302:19:1302:40:1302:40:1302:64":166,"b:1303:6:1316:Infinity:undefined:undefined:undefined:undefined":167,"s:1303:6:1316:Infinity":572,"s:1304:8:1304:Infinity":573,"s:1305:8:1314:Infinity":574,"s:1315:8:1315:Infinity":575,"s:1321:2:1388:Infinity":576,"s:1322:4:1322:Infinity":577,"f:1322:12:1322:13":68,"s:1322:22:1322:37":578,"s:1323:20:1323:Infinity":579,"s:1325:24:1325:82":580,"b:1325:24:1325:58:1325:58:1325:82":168,"b:1326:4:1326:Infinity:undefined:undefined:undefined:undefined":169,"s:1326:4:1326:Infinity":581,"s:1326:38:1326:Infinity":582,"b:1328:4:1328:Infinity:undefined:undefined:undefined:undefined":170,"s:1328:4:1328:Infinity":583,"s:1328:45:1328:Infinity":584,"s:1330:4:1387:Infinity":585,"b:1331:6:1331:Infinity:undefined:undefined:undefined:undefined":171,"s:1331:6:1331:Infinity":586,"b:1331:10:1331:26:1331:30:1331:60":172,"s:1331:60:1331:Infinity":587,"s:1332:22:1332:Infinity":588,"b:1333:6:1333:Infinity:undefined:undefined:undefined:undefined":173,"s:1333:6:1333:Infinity":589,"b:1333:10:1333:28:1333:28:1333:70":174,"s:1333:70:1333:Infinity":590,"s:1335:27:1335:Infinity":591,"s:1336:24:1336:69":592,"s:1340:28:1340:Infinity":593,"s:1341:31:1341:Infinity":594,"s:1342:25:1342:77":595,"b:1342:25:1342:45:1342:45:1342:77":175,"s:1344:27:1344:Infinity":596,"b:1344:40:1344:60:1344:60:1344:Infinity":176,"b:1345:6:1350:Infinity:undefined:undefined:undefined:undefined":177,"s:1345:6:1350:Infinity":597,"b:1345:10:1345:24:1345:24:1345:42":178,"s:1346:25:1346:Infinity":598,"f:1346:45:1346:50":69,"s:1346:50:1346:78":599,"b:1347:8:1349:Infinity:undefined:undefined:undefined:undefined":179,"s:1347:8:1349:Infinity":600,"b:1347:12:1347:35:1347:35:1347:66:1347:66:1347:90:1347:90:1347:116":180,"s:1348:10:1348:30":601,"b:1352:6:1354:Infinity:undefined:undefined:undefined:undefined":181,"s:1352:6:1354:Infinity":602,"s:1353:8:1353:Infinity":603,"s:1357:31:1357:Infinity":604,"b:1357:31:1357:59:1357:59:1357:Infinity":182,"s:1358:33:1358:Infinity":605,"b:1358:33:1358:72:1358:72:1358:Infinity":183,"s:1359:27:1359:Infinity":606,"b:1359:60:1359:64:1359:64:1359:Infinity":184,"s:1360:29:1360:Infinity":607,"b:1360:110:1360:114:1360:114:1360:Infinity":185,"b:1360:51:1360:65:1360:65:1360:107":186,"s:1362:6:1386:Infinity":608,"s:1362:23:1362:36":609,"s:1363:21:1363:45":610,"s:1364:26:1364:69":611,"s:1369:21:1369:Infinity":612,"s:1371:21:1371:66":613,"b:1371:21:1371:42:1371:42:1371:66":187,"b:1372:8:1385:Infinity:undefined:undefined:undefined:undefined":188,"s:1372:8:1385:Infinity":614,"s:1373:10:1373:Infinity":615,"s:1374:10:1383:Infinity":616,"s:1384:10:1384:Infinity":617,"s:1390:24:1390:78":618,"b:1390:24:1390:54:1390:54:1390:78":189,"b:1391:2:1391:Infinity:undefined:undefined:undefined:undefined":190,"s:1391:2:1391:Infinity":619,"s:1391:39:1391:Infinity":620,"s:1402:8:1402:10":621,"s:1404:15:1404:Infinity":622,"s:1405:2:1423:Infinity":623,"s:1406:17:1406:Infinity":624,"b:1407:4:1407:Infinity:undefined:undefined:undefined:undefined":191,"s:1407:4:1407:Infinity":625,"s:1407:15:1407:Infinity":626,"s:1409:21:1409:Infinity":627,"f:1409:41:1409:46":70,"s:1409:46:1409:70":628,"b:1410:4:1410:Infinity:undefined:undefined:undefined:undefined":192,"s:1410:4:1410:Infinity":629,"s:1410:19:1410:Infinity":630,"s:1412:4:1420:Infinity":631,"s:1422:4:1422:Infinity":632,"s:1425:15:1425:Infinity":633,"b:1426:2:1426:Infinity:undefined:undefined:undefined:undefined":193,"s:1426:2:1426:Infinity":634,"s:1426:25:1426:Infinity":635,"s:1428:2:1428:Infinity":636,"s:1454:29:1532:Infinity":637,"f:1454:29:1454:30":71,"s:1471:8:1471:10":638,"s:1472:26:1472:Infinity":639,"s:1473:27:1473:Infinity":640,"s:1474:29:1474:Infinity":641,"s:1475:46:1475:Infinity":642,"s:1477:2:1530:Infinity":643,"b:1478:4:1529:Infinity:1486:11:1529:Infinity":194,"s:1478:4:1529:Infinity":644,"b:1478:8:1478:33:1478:33:1478:45:1478:49:1478:61":195,"s:1479:6:1479:Infinity":645,"b:1479:24:1479:75:1479:75:1479:Infinity":196,"f:1479:44:1479:49":72,"s:1479:49:1479:70":646,"b:1480:6:1485:Infinity:undefined:undefined:undefined:undefined":197,"s:1480:6:1485:Infinity":647,"s:1481:8:1481:Infinity":648,"s:1482:8:1482:Infinity":649,"s:1483:27:1483:Infinity":650,"s:1484:8:1484:Infinity":651,"b:1484:55:1484:95:1484:98:1484:Infinity":198,"b:1486:11:1529:Infinity:1511:11:1529:Infinity":199,"s:1486:11:1529:Infinity":652,"b:1486:15:1486:46:1486:46:1486:58:1486:62:1486:79":200,"s:1487:22:1487:37":653,"s:1488:23:1488:Infinity":654,"s:1489:25:1489:Infinity":655,"s:1490:27:1490:Infinity":656,"b:1490:57:1490:95:1490:98:1490:Infinity":201,"b:1492:6:1502:Infinity:undefined:undefined:undefined:undefined":202,"s:1492:6:1502:Infinity":657,"b:1492:10:1492:29:1492:29:1492:46:1492:46:1492:71":203,"s:1493:8:1501:Infinity":658,"s:1504:6:1504:Infinity":659,"b:1504:24:1504:75:1504:75:1504:Infinity":204,"f:1504:44:1504:49":73,"s:1504:49:1504:70":660,"b:1505:6:1510:Infinity:undefined:undefined:undefined:undefined":205,"s:1505:6:1510:Infinity":661,"s:1506:8:1506:Infinity":662,"s:1507:8:1507:Infinity":663,"s:1508:30:1508:Infinity":664,"s:1509:8:1509:Infinity":665,"b:1509:58:1509:98:1509:101:1509:Infinity":206,"b:1511:11:1529:Infinity:undefined:undefined:undefined:undefined":207,"s:1511:11:1529:Infinity":666,"b:1511:15:1511:41:1511:41:1511:53:1511:57:1511:74":208,"s:1512:22:1512:37":667,"s:1513:23:1513:Infinity":668,"s:1514:25:1514:Infinity":669,"s:1515:27:1515:Infinity":670,"b:1515:57:1515:95:1515:98:1515:Infinity":209,"b:1517:6:1527:Infinity:undefined:undefined:undefined:undefined":210,"s:1517:6:1527:Infinity":671,"b:1517:10:1517:29:1517:29:1517:46:1517:46:1517:71":211,"s:1518:8:1526:Infinity":672,"s:1528:6:1528:Infinity":673,"s:1531:2:1531:Infinity":674,"s:1534:36:1781:Infinity":675,"f:1534:36:1534:Infinity":74,"b:1538:28:1538:51":212,"s:1540:17:1540:39":676,"s:1541:15:1541:35":677,"b:1542:2:1542:Infinity:undefined:undefined:undefined:undefined":213,"s:1542:2:1542:Infinity":678,"b:1542:6:1542:17:1542:17:1542:26:1542:26:1542:57:1542:57:1542:82":214,"s:1542:82:1542:Infinity":679,"s:1562:40:1562:42":680,"s:1564:2:1649:Infinity":681,"s:1564:24:1564:27":682,"s:1565:20:1565:46":683,"s:1566:27:1566:Infinity":684,"f:1566:47:1566:52":75,"s:1566:52:1566:76":685,"b:1567:4:1567:Infinity:undefined:undefined:undefined:undefined":215,"s:1567:4:1567:Infinity":686,"s:1567:25:1567:Infinity":687,"s:1569:29:1569:Infinity":688,"s:1570:25:1570:Infinity":689,"s:1572:26:1572:Infinity":690,"s:1573:24:1573:Infinity":691,"s:1574:23:1574:Infinity":692,"s:1575:4:1580:Infinity":693,"s:1575:17:1575:20":694,"b:1576:6:1579:Infinity:undefined:undefined:undefined:undefined":216,"s:1576:6:1579:Infinity":695,"b:1577:8:1577:Infinity:undefined:undefined:undefined:undefined":217,"s:1577:8:1577:Infinity":696,"s:1577:34:1577:Infinity":697,"s:1578:8:1578:Infinity":698,"b:1581:4:1581:Infinity:undefined:undefined:undefined:undefined":218,"s:1581:4:1581:Infinity":699,"s:1581:30:1581:Infinity":700,"s:1583:47:1583:49":701,"s:1584:4:1611:Infinity":702,"s:1584:17:1584:20":703,"s:1585:24:1585:50":704,"s:1586:30:1586:79":705,"b:1589:6:1595:Infinity:1591:13:1595:Infinity":219,"s:1589:6:1595:Infinity":706,"b:1589:10:1589:33:1589:33:1589:63":220,"s:1590:8:1590:Infinity":707,"b:1591:13:1595:Infinity:1593:13:1595:Infinity":221,"s:1591:13:1595:Infinity":708,"s:1592:8:1592:Infinity":709,"s:1594:8:1594:Infinity":710,"s:1597:27:1597:Infinity":711,"s:1598:25:1598:Infinity":712,"s:1599:35:1599:Infinity":713,"s:1600:38:1600:Infinity":714,"b:1600:51:1600:64:1600:64:1600:Infinity":222,"b:1602:6:1610:Infinity:undefined:undefined:undefined:undefined":223,"s:1602:6:1610:Infinity":715,"b:1602:10:1602:38:1602:38:1602:67":224,"s:1603:8:1609:Infinity":716,"s:1613:4:1648:Infinity":717,"b:1614:6:1627:Infinity:undefined:undefined:undefined:undefined":225,"s:1614:6:1627:Infinity":718,"b:1615:8:1625:Infinity:undefined:undefined:undefined:undefined":226,"s:1615:8:1625:Infinity":719,"s:1616:10:1624:Infinity":720,"s:1626:8:1626:Infinity":721,"s:1629:19:1629:Infinity":722,"b:1630:6:1630:Infinity:undefined:undefined:undefined:undefined":227,"s:1630:6:1630:Infinity":723,"s:1630:17:1630:Infinity":724,"s:1632:33:1632:Infinity":725,"b:1634:6:1647:Infinity:undefined:undefined:undefined:undefined":228,"s:1634:6:1647:Infinity":726,"s:1635:37:1635:70":727,"b:1636:8:1646:Infinity:undefined:undefined:undefined:undefined":229,"s:1636:8:1646:Infinity":728,"b:1636:12:1636:50:1636:50:1636:119":230,"s:1637:10:1645:Infinity":729,"b:1651:2:1651:Infinity:undefined:undefined:undefined:undefined":231,"s:1651:2:1651:Infinity":730,"s:1651:34:1651:Infinity":731,"s:1654:2:1674:Infinity":732,"f:1654:21:1654:22":76,"s:1656:24:1656:Infinity":733,"b:1656:47:1656:77:1656:80:1656:Infinity":232,"s:1657:24:1657:Infinity":734,"b:1657:47:1657:77:1657:80:1657:Infinity":233,"b:1659:4:1661:Infinity:undefined:undefined:undefined:undefined":234,"s:1659:4:1661:Infinity":735,"s:1660:6:1660:Infinity":736,"b:1664:4:1666:Infinity:undefined:undefined:undefined:undefined":235,"s:1664:4:1666:Infinity":737,"s:1665:6:1665:Infinity":738,"b:1669:4:1671:Infinity:undefined:undefined:undefined:undefined":236,"s:1669:4:1671:Infinity":739,"s:1670:6:1670:Infinity":740,"s:1673:4:1673:Infinity":741,"s:1676:21:1676:37":742,"s:1677:24:1677:44":743,"s:1678:31:1678:60":744,"s:1679:25:1679:50":745,"s:1680:23:1680:46":746,"s:1681:23:1681:46":747,"s:1683:27:1683:Infinity":748,"b:1687:2:1701:Infinity:undefined:undefined:undefined:undefined":237,"s:1687:2:1701:Infinity":749,"s:1688:23:1688:Infinity":750,"s:1689:31:1691:Infinity":751,"f:1689:49:1689:Infinity":77,"s:1690:6:1691:75":752,"b:1690:6:1690:Infinity:1691:6:1691:75":238,"b:1694:4:1700:Infinity:undefined:undefined:undefined:undefined":239,"s:1694:4:1700:Infinity":753,"s:1695:6:1695:Infinity":754,"f:1695:30:1695:31":78,"s:1695:40:1695:79":755,"s:1696:29:1696:Infinity":756,"b:1697:6:1699:Infinity:undefined:undefined:undefined:undefined":240,"s:1697:6:1699:Infinity":757,"s:1698:8:1698:Infinity":758,"b:1707:2:1716:Infinity:1711:9:1716:Infinity":241,"s:1707:2:1716:Infinity":759,"b:1707:6:1707:29:1707:29:1707:68":242,"s:1709:4:1709:Infinity":760,"s:1710:4:1710:Infinity":761,"s:1714:4:1714:Infinity":762,"s:1715:4:1715:Infinity":763,"s:1719:32:1719:104":764,"s:1720:25:1720:82":765,"s:1730:8:1730:10":766,"b:1733:2:1735:Infinity:undefined:undefined:undefined:undefined":243,"s:1733:2:1735:Infinity":767,"s:1734:4:1734:Infinity":768,"s:1738:2:1746:Infinity":769,"b:1749:2:1766:Infinity:undefined:undefined:undefined:undefined":244,"s:1749:2:1766:Infinity":770,"s:1751:23:1751:Infinity":771,"s:1752:28:1752:Infinity":772,"f:1752:46:1752:51":79,"s:1752:51:1752:Infinity":773,"s:1754:45:1754:Infinity":774,"b:1755:4:1758:Infinity:undefined:undefined:undefined:undefined":245,"s:1755:4:1758:Infinity":775,"s:1756:6:1756:Infinity":776,"f:1756:27:1756:28":80,"s:1756:37:1756:76":777,"s:1757:6:1757:Infinity":778,"b:1760:4:1765:Infinity:1762:11:1765:Infinity":246,"s:1760:4:1765:Infinity":779,"s:1761:6:1761:Infinity":780,"s:1764:6:1764:Infinity":781,"b:1768:2:1770:Infinity:undefined:undefined:undefined:undefined":247,"s:1768:2:1770:Infinity":782,"s:1769:4:1769:Infinity":783,"s:1772:22:1772:43":784,"s:1773:17:1773:Infinity":785,"b:1776:2:1778:Infinity:undefined:undefined:undefined:undefined":248,"s:1776:2:1778:Infinity":786,"b:1776:6:1776:16:1776:16:1776:38":249,"s:1777:4:1777:Infinity":787,"s:1780:2:1780:Infinity":788,"s:1786:40:1920:Infinity":789,"f:1786:40:1786:Infinity":81,"s:1797:18:1797:Infinity":790,"b:1797:37:1797:56:1797:60:1797:Infinity":250,"s:1798:18:1798:Infinity":791,"b:1798:37:1798:54:1798:58:1798:Infinity":251,"b:1800:2:1808:Infinity:undefined:undefined:undefined:undefined":252,"s:1800:2:1808:Infinity":792,"s:1801:4:1807:Infinity":793,"b:1810:2:1818:Infinity:undefined:undefined:undefined:undefined":253,"s:1810:2:1818:Infinity":794,"s:1811:4:1817:Infinity":795,"s:1820:19:1820:Infinity":796,"s:1821:18:1821:Infinity":797,"s:1822:26:1822:Infinity":798,"s:1824:116:1827:Infinity":799,"s:1829:24:1829:Infinity":800,"s:1830:2:1913:Infinity":801,"s:1830:15:1830:18":802,"s:1831:17:1831:31":803,"b:1833:4:1838:Infinity:undefined:undefined:undefined:undefined":254,"s:1833:4:1838:Infinity":804,"s:1835:33:1835:Infinity":805,"b:1835:33:1835:55:1835:59:1835:Infinity":255,"b:1835:78:1835:92:1835:96:1835:115:1835:119:1835:Infinity":256,"s:1836:6:1836:Infinity":806,"s:1837:6:1837:Infinity":807,"b:1840:4:1912:Infinity:1888:11:1912:Infinity":257,"s:1840:4:1912:Infinity":808,"s:1841:25:1841:Infinity":809,"s:1847:32:1854:Infinity":810,"f:1847:33:1847:Infinity":82,"s:1848:8:1852:Infinity":811,"s:1848:21:1848:28":812,"s:1849:20:1849:34":813,"b:1850:10:1850:Infinity:undefined:undefined:undefined:undefined":258,"s:1850:10:1850:Infinity":814,"s:1850:35:1850:Infinity":815,"b:1851:10:1851:Infinity:undefined:undefined:undefined:undefined":259,"s:1851:10:1851:Infinity":816,"s:1851:34:1851:Infinity":817,"s:1853:8:1853:Infinity":818,"s:1856:26:1856:Infinity":819,"s:1857:27:1857:Infinity":820,"s:1858:6:1858:Infinity":821,"b:1858:21:1858:37:1858:37:1858:Infinity":260,"b:1858:38:1858:55:1858:59:1858:64":261,"s:1860:26:1860:Infinity":822,"b:1862:6:1886:Infinity:undefined:undefined:undefined:undefined":262,"s:1862:6:1886:Infinity":823,"b:1862:10:1862:48:1862:48:1862:79":263,"s:1863:29:1863:Infinity":824,"s:1864:31:1868:Infinity":825,"b:1866:14:1866:27:1866:31:1866:33":264,"s:1870:29:1870:Infinity":826,"s:1871:27:1871:Infinity":827,"s:1872:34:1872:Infinity":828,"s:1874:19:1874:45":829,"s:1875:19:1875:49":830,"s:1877:8:1884:Infinity":831,"b:1880:23:1880:50:1880:50:1880:Infinity":265,"b:1882:14:1882:67:1883:14:1883:Infinity":266,"b:1881:22:1881:50:1881:50:1881:Infinity":267,"b:1882:46:1882:57:1882:57:1882:67":268,"s:1885:8:1885:Infinity":832,"s:1887:6:1887:Infinity":833,"b:1888:11:1912:Infinity:1899:11:1912:Infinity":269,"s:1888:11:1912:Infinity":834,"s:1889:26:1889:Infinity":835,"b:1889:45:1889:58:1889:62:1889:Infinity":270,"b:1890:6:1897:Infinity:undefined:undefined:undefined:undefined":271,"s:1890:6:1897:Infinity":836,"b:1890:10:1890:48:1890:48:1890:79":272,"s:1891:8:1895:Infinity":837,"s:1896:8:1896:Infinity":838,"s:1898:6:1898:Infinity":839,"b:1899:11:1912:Infinity:undefined:undefined:undefined:undefined":273,"s:1899:11:1912:Infinity":840,"s:1901:26:1901:Infinity":841,"b:1901:59:1901:83:1901:83:1901:Infinity":274,"s:1902:26:1902:Infinity":842,"b:1903:6:1910:Infinity:undefined:undefined:undefined:undefined":275,"s:1903:6:1910:Infinity":843,"b:1903:10:1903:48:1903:48:1903:79":276,"s:1904:8:1908:Infinity":844,"s:1909:8:1909:Infinity":845,"s:1911:6:1911:Infinity":846,"s:1915:2:1919:Infinity":847},"fnNames":{}}}
}
